update-alternatives 2023-02-17 17:19:41: run with --install /usr/bin/awk awk /usr/bin/mawk 5 --slave /usr/share/man/man1/awk.1.gz awk.1.gz /usr/share/man/man1/mawk.1.gz --slave /usr/bin/nawk nawk /usr/bin/mawk --slave /usr/share/man/man1/nawk.1.gz nawk.1.gz /usr/share/man/man1/mawk.1.gz
update-alternatives 2023-02-17 17:19:41: link group awk updated to point to /usr/bin/mawk
update-alternatives 2023-02-17 17:19:44: run with --install /usr/bin/which which /usr/bin/which.debianutils 0 --slave /usr/share/man/man1/which.1.gz which.1.gz /usr/share/man/man1/which.debianutils.1.gz --slave /usr/share/man/de/man1/which.1.gz which.de1.gz /usr/share/man/de/man1/which.debianutils.1.gz --slave /usr/share/man/es/man1/which.1.gz which.es1.gz /usr/share/man/es/man1/which.debianutils.1.gz --slave /usr/share/man/fr/man1/which.1.gz which.fr1.gz /usr/share/man/fr/man1/which.debianutils.1.gz --slave /usr/share/man/it/man1/which.1.gz which.it1.gz /usr/share/man/it/man1/which.debianutils.1.gz --slave /usr/share/man/ja/man1/which.1.gz which.ja1.gz /usr/share/man/ja/man1/which.debianutils.1.gz --slave /usr/share/man/pl/man1/which.1.gz which.pl1.gz /usr/share/man/pl/man1/which.debianutils.1.gz --slave /usr/share/man/sl/man1/which.1.gz which.sl1.gz /usr/share/man/sl/man1/which.debianutils.1.gz
update-alternatives 2023-02-17 17:19:44: link group which updated to point to /usr/bin/which.debianutils
update-alternatives 2023-02-17 17:19:44: run with --install /usr/bin/awk awk /usr/bin/mawk 5 --slave /usr/share/man/man1/awk.1.gz awk.1.gz /usr/share/man/man1/mawk.1.gz --slave /usr/bin/nawk nawk /usr/bin/mawk --slave /usr/share/man/man1/nawk.1.gz nawk.1.gz /usr/share/man/man1/mawk.1.gz
update-alternatives 2023-02-17 17:19:44: run with --install /usr/share/man/man7/builtins.7.gz builtins.7.gz /usr/share/man/man7/bash-builtins.7.gz 10
update-alternatives 2023-02-17 17:19:44: link group builtins.7.gz updated to point to /usr/share/man/man7/bash-builtins.7.gz
update-alternatives 2023-02-17 17:19:45: run with --install /usr/sbin/rmt rmt /usr/sbin/rmt-tar 50 --slave /usr/share/man/man8/rmt.8.gz rmt.8.gz /usr/share/man/man8/rmt-tar.8.gz
update-alternatives 2023-02-17 17:19:45: link group rmt updated to point to /usr/sbin/rmt-tar
update-alternatives 2023-02-17 17:19:45: run with --install /usr/bin/pager pager /bin/more 50 --slave /usr/share/man/man1/pager.1.gz pager.1.gz /usr/share/man/man1/more.1.gz
update-alternatives 2023-02-17 17:19:45: link group pager updated to point to /bin/more
update-alternatives 2023-02-17 17:19:56: run with --remove builtins.7.gz /usr/share/man/man7/bash-builtins.7.gz
update-alternatives 2023-02-17 17:19:56: link group builtins.7.gz fully removed
update-alternatives 2023-02-17 17:20:06: run with --install /usr/bin/which which /usr/bin/which.debianutils 0 --slave /usr/share/man/man1/which.1.gz which.1.gz /usr/share/man/man1/which.debianutils.1.gz --slave /usr/share/man/de/man1/which.1.gz which.de1.gz /usr/share/man/de/man1/which.debianutils.1.gz --slave /usr/share/man/es/man1/which.1.gz which.es1.gz /usr/share/man/es/man1/which.debianutils.1.gz --slave /usr/share/man/fr/man1/which.1.gz which.fr1.gz /usr/share/man/fr/man1/which.debianutils.1.gz --slave /usr/share/man/it/man1/which.1.gz which.it1.gz /usr/share/man/it/man1/which.debianutils.1.gz --slave /usr/share/man/ja/man1/which.1.gz which.ja1.gz /usr/share/man/ja/man1/which.debianutils.1.gz --slave /usr/share/man/pl/man1/which.1.gz which.pl1.gz /usr/share/man/pl/man1/which.debianutils.1.gz --slave /usr/share/man/sl/man1/which.1.gz which.sl1.gz /usr/share/man/sl/man1/which.debianutils.1.gz
update-alternatives 2023-02-17 17:20:06: auto-repair link group which
update-alternatives 2023-02-17 17:22:28: run with --install /usr/bin/awk awk /usr/bin/mawk 5 --slave /usr/share/man/man1/awk.1.gz awk.1.gz /usr/share/man/man1/mawk.1.gz --slave /usr/bin/nawk nawk /usr/bin/mawk --slave /usr/share/man/man1/nawk.1.gz nawk.1.gz /usr/share/man/man1/mawk.1.gz
update-alternatives 2023-02-17 17:22:28: auto-repair link group awk
update-alternatives 2023-02-17 17:22:45: run with --install /usr/sbin/rmt rmt /usr/sbin/rmt-tar 50 --slave /usr/share/man/man8/rmt.8.gz rmt.8.gz /usr/share/man/man8/rmt-tar.8.gz
update-alternatives 2023-02-17 17:22:45: auto-repair link group rmt
update-alternatives 2023-02-17 17:22:51: run with --install /usr/bin/pager pager /bin/more 50 --slave /usr/share/man/man1/pager.1.gz pager.1.gz /usr/share/man/man1/more.1.gz
update-alternatives 2023-02-17 17:22:51: auto-repair link group pager
update-alternatives 2023-02-17 17:23:14: run with --install /bin/mt mt /bin/mt-gnu 10 --slave /usr/share/man/man1/mt.1.gz mt.1.gz /usr/share/man/man1/mt-gnu.1.gz
update-alternatives 2023-02-17 17:23:14: link group mt updated to point to /bin/mt-gnu
update-alternatives 2023-02-17 17:23:14: run with --quiet --install /usr/bin/awk awk /usr/bin/gawk 10 --slave /usr/share/man/man1/awk.1.gz awk.1.gz /usr/share/man/man1/gawk.1.gz --slave /usr/bin/nawk nawk /usr/bin/gawk --slave /usr/share/man/man1/nawk.1.gz nawk.1.gz /usr/share/man/man1/gawk.1.gz
update-alternatives 2023-02-17 17:23:14: link group awk updated to point to /usr/bin/gawk
update-alternatives 2023-02-17 17:23:15: run with --install /usr/bin/lzma lzma /usr/bin/xz 20 --slave /usr/share/man/man1/lzma.1.gz lzma.1.gz /usr/share/man/man1/xz.1.gz --slave /usr/bin/unlzma unlzma /usr/bin/unxz --slave /usr/share/man/man1/unlzma.1.gz unlzma.1.gz /usr/share/man/man1/unxz.1.gz --slave /usr/bin/lzcat lzcat /usr/bin/xzcat --slave /usr/share/man/man1/lzcat.1.gz lzcat.1.gz /usr/share/man/man1/xzcat.1.gz --slave /usr/bin/lzmore lzmore /usr/bin/xzmore --slave /usr/share/man/man1/lzmore.1.gz lzmore.1.gz /usr/share/man/man1/xzmore.1.gz --slave /usr/bin/lzless lzless /usr/bin/xzless --slave /usr/share/man/man1/lzless.1.gz lzless.1.gz /usr/share/man/man1/xzless.1.gz --slave /usr/bin/lzdiff lzdiff /usr/bin/xzdiff --slave /usr/share/man/man1/lzdiff.1.gz lzdiff.1.gz /usr/share/man/man1/xzdiff.1.gz --slave /usr/bin/lzcmp lzcmp /usr/bin/xzcmp --slave /usr/share/man/man1/lzcmp.1.gz lzcmp.1.gz /usr/share/man/man1/xzcmp.1.gz --slave /usr/bin/lzgrep lzgrep /usr/bin/xzgrep --slave /usr/share/man/man1/lzgrep.1.gz lzgrep.1.gz /usr/share/man/man1/xzgrep.1.gz --slave /usr/bin/lzegrep lzegrep /usr/bin/xzegrep --slave /usr/share/man/man1/lzegrep.1.gz lzegrep.1.gz /usr/share/man/man1/xzegrep.1.gz --slave /usr/bin/lzfgrep lzfgrep /usr/bin/xzfgrep --slave /usr/share/man/man1/lzfgrep.1.gz lzfgrep.1.gz /usr/share/man/man1/xzfgrep.1.gz
update-alternatives 2023-02-17 17:23:15: link group lzma updated to point to /usr/bin/xz
update-alternatives 2023-02-17 17:23:17: run with --quiet --install /usr/bin/pinentry pinentry /usr/bin/pinentry-curses 50 --slave /usr/share/man/man1/pinentry.1.gz pinentry.1.gz /usr/share/man/man1/pinentry-curses.1.gz
update-alternatives 2023-02-17 17:23:17: link group pinentry updated to point to /usr/bin/pinentry-curses
update-alternatives 2023-02-17 17:23:21: run with --install /usr/bin/rsh rsh /usr/bin/ssh 20 --slave /usr/share/man/man1/rsh.1.gz rsh.1.gz /usr/share/man/man1/ssh.1.gz
update-alternatives 2023-02-17 17:23:21: link group rsh updated to point to /usr/bin/ssh
update-alternatives 2023-02-17 17:23:21: run with --install /usr/bin/rlogin rlogin /usr/bin/slogin 20 --slave /usr/share/man/man1/rlogin.1.gz rlogin.1.gz /usr/share/man/man1/slogin.1.gz
update-alternatives 2023-02-17 17:23:21: link group rlogin updated to point to /usr/bin/slogin
update-alternatives 2023-02-17 17:23:21: run with --install /usr/bin/rcp rcp /usr/bin/scp 20 --slave /usr/share/man/man1/rcp.1.gz rcp.1.gz /usr/share/man/man1/scp.1.gz
update-alternatives 2023-02-17 17:23:21: link group rcp updated to point to /usr/bin/scp
update-alternatives 2023-02-17 17:23:28: run with --install /usr/bin/pybabel pybabel /usr/bin/pybabel-python3 200
update-alternatives 2023-02-17 17:23:28: link group pybabel updated to point to /usr/bin/pybabel-python3
update-alternatives 2023-02-17 17:23:29: run with --install /usr/bin/jsondiff jsondiff /usr/bin/json-patch-jsondiff 200
update-alternatives 2023-02-17 17:23:29: link group jsondiff updated to point to /usr/bin/json-patch-jsondiff
update-alternatives 2023-02-17 17:23:30: run with --install /usr/share/plymouth/themes/text.plymouth text.plymouth /usr/share/plymouth/themes/ubuntu-text/ubuntu-text.plymouth 50
update-alternatives 2023-02-17 17:23:30: link group text.plymouth updated to point to /usr/share/plymouth/themes/ubuntu-text/ubuntu-text.plymouth
update-alternatives 2023-02-17 17:23:34: run with --install /etc/vtrgb vtrgb /etc/console-setup/vtrgb 50
update-alternatives 2023-02-17 17:23:34: link group vtrgb updated to point to /etc/console-setup/vtrgb
update-alternatives 2023-02-17 17:23:34: run with --install /etc/vtrgb vtrgb /etc/console-setup/vtrgb.vga 20
update-alternatives 2023-02-17 17:23:48: run with --install /usr/bin/awk awk /usr/bin/mawk 5 --slave /usr/share/man/man1/awk.1.gz awk.1.gz /usr/share/man/man1/mawk.1.gz --slave /usr/bin/nawk nawk /usr/bin/mawk --slave /usr/share/man/man1/nawk.1.gz nawk.1.gz /usr/share/man/man1/mawk.1.gz
update-alternatives 2023-02-17 17:23:48: run with --quiet --install /usr/bin/awk awk /usr/bin/gawk 10 --slave /usr/share/man/man1/awk.1.gz awk.1.gz /usr/share/man/man1/gawk.1.gz --slave /usr/bin/nawk nawk /usr/bin/gawk --slave /usr/share/man/man1/nawk.1.gz nawk.1.gz /usr/share/man/man1/gawk.1.gz
update-alternatives 2023-02-17 17:23:48: auto-repair link group awk
update-alternatives 2023-02-17 17:23:48: run with --install /usr/bin/which which /usr/bin/which.debianutils 0 --slave /usr/share/man/man1/which.1.gz which.1.gz /usr/share/man/man1/which.debianutils.1.gz --slave /usr/share/man/de/man1/which.1.gz which.de1.gz /usr/share/man/de/man1/which.debianutils.1.gz --slave /usr/share/man/es/man1/which.1.gz which.es1.gz /usr/share/man/es/man1/which.debianutils.1.gz --slave /usr/share/man/fr/man1/which.1.gz which.fr1.gz /usr/share/man/fr/man1/which.debianutils.1.gz --slave /usr/share/man/it/man1/which.1.gz which.it1.gz /usr/share/man/it/man1/which.debianutils.1.gz --slave /usr/share/man/ja/man1/which.1.gz which.ja1.gz /usr/share/man/ja/man1/which.debianutils.1.gz --slave /usr/share/man/pl/man1/which.1.gz which.pl1.gz /usr/share/man/pl/man1/which.debianutils.1.gz --slave /usr/share/man/sl/man1/which.1.gz which.sl1.gz /usr/share/man/sl/man1/which.debianutils.1.gz
update-alternatives 2023-02-17 17:23:48: auto-repair link group which
update-alternatives 2023-02-17 17:23:48: run with --install /usr/share/man/man7/builtins.7.gz builtins.7.gz /usr/share/man/man7/bash-builtins.7.gz 10
update-alternatives 2023-02-17 17:23:48: link group builtins.7.gz updated to point to /usr/share/man/man7/bash-builtins.7.gz
update-alternatives 2023-02-17 17:23:49: run with --install /usr/sbin/rmt rmt /usr/sbin/rmt-tar 50 --slave /usr/share/man/man8/rmt.8.gz rmt.8.gz /usr/share/man/man8/rmt-tar.8.gz
update-alternatives 2023-02-17 17:23:49: auto-repair link group rmt
update-alternatives 2023-02-17 17:23:52: run with --install /usr/bin/pager pager /bin/more 50 --slave /usr/share/man/man1/pager.1.gz pager.1.gz /usr/share/man/man1/more.1.gz
update-alternatives 2023-02-17 17:23:52: auto-repair link group pager
update-alternatives 2023-02-17 17:24:05: run with --quiet --install /usr/bin/pinentry pinentry /usr/bin/pinentry-curses 50 --slave /usr/share/man/man1/pinentry.1.gz pinentry.1.gz /usr/share/man/man1/pinentry-curses.1.gz
update-alternatives 2023-02-17 17:24:05: auto-repair link group pinentry
update-alternatives 2023-02-17 17:24:05: run with --install /bin/mt mt /bin/mt-gnu 10 --slave /usr/share/man/man1/mt.1.gz mt.1.gz /usr/share/man/man1/mt-gnu.1.gz
update-alternatives 2023-02-17 17:24:05: auto-repair link group mt
update-alternatives 2023-02-17 17:24:08: run with --install /usr/bin/lzma lzma /usr/bin/xz 20 --slave /usr/share/man/man1/lzma.1.gz lzma.1.gz /usr/share/man/man1/xz.1.gz --slave /usr/bin/unlzma unlzma /usr/bin/unxz --slave /usr/share/man/man1/unlzma.1.gz unlzma.1.gz /usr/share/man/man1/unxz.1.gz --slave /usr/bin/lzcat lzcat /usr/bin/xzcat --slave /usr/share/man/man1/lzcat.1.gz lzcat.1.gz /usr/share/man/man1/xzcat.1.gz --slave /usr/bin/lzmore lzmore /usr/bin/xzmore --slave /usr/share/man/man1/lzmore.1.gz lzmore.1.gz /usr/share/man/man1/xzmore.1.gz --slave /usr/bin/lzless lzless /usr/bin/xzless --slave /usr/share/man/man1/lzless.1.gz lzless.1.gz /usr/share/man/man1/xzless.1.gz --slave /usr/bin/lzdiff lzdiff /usr/bin/xzdiff --slave /usr/share/man/man1/lzdiff.1.gz lzdiff.1.gz /usr/share/man/man1/xzdiff.1.gz --slave /usr/bin/lzcmp lzcmp /usr/bin/xzcmp --slave /usr/share/man/man1/lzcmp.1.gz lzcmp.1.gz /usr/share/man/man1/xzcmp.1.gz --slave /usr/bin/lzgrep lzgrep /usr/bin/xzgrep --slave /usr/share/man/man1/lzgrep.1.gz lzgrep.1.gz /usr/share/man/man1/xzgrep.1.gz --slave /usr/bin/lzegrep lzegrep /usr/bin/xzegrep --slave /usr/share/man/man1/lzegrep.1.gz lzegrep.1.gz /usr/share/man/man1/xzegrep.1.gz --slave /usr/bin/lzfgrep lzfgrep /usr/bin/xzfgrep --slave /usr/share/man/man1/lzfgrep.1.gz lzfgrep.1.gz /usr/share/man/man1/xzfgrep.1.gz
update-alternatives 2023-02-17 17:24:08: auto-repair link group lzma
update-alternatives 2023-02-17 17:24:12: run with --install /usr/bin/rsh rsh /usr/bin/ssh 20 --slave /usr/share/man/man1/rsh.1.gz rsh.1.gz /usr/share/man/man1/ssh.1.gz
update-alternatives 2023-02-17 17:24:12: auto-repair link group rsh
update-alternatives 2023-02-17 17:24:12: run with --install /usr/bin/rlogin rlogin /usr/bin/slogin 20 --slave /usr/share/man/man1/rlogin.1.gz rlogin.1.gz /usr/share/man/man1/slogin.1.gz
update-alternatives 2023-02-17 17:24:12: auto-repair link group rlogin
update-alternatives 2023-02-17 17:24:12: run with --install /usr/bin/rcp rcp /usr/bin/scp 20 --slave /usr/share/man/man1/rcp.1.gz rcp.1.gz /usr/share/man/man1/scp.1.gz
update-alternatives 2023-02-17 17:24:12: auto-repair link group rcp
update-alternatives 2023-02-17 17:24:20: run with --install /usr/share/plymouth/themes/text.plymouth text.plymouth /usr/share/plymouth/themes/ubuntu-text/ubuntu-text.plymouth 50
update-alternatives 2023-02-17 17:24:28: run with --install /usr/bin/telnet telnet /usr/bin/telnet.netkit 100 --slave /usr/share/man/man1/telnet.1.gz telnet.1.gz /usr/share/man/man1/telnet.netkit.1.gz
update-alternatives 2023-02-17 17:24:28: link group telnet updated to point to /usr/bin/telnet.netkit
update-alternatives 2023-02-17 17:24:28: run with --install /usr/bin/write write /usr/bin/write.ul 100 --slave /usr/share/man/man1/write.1.gz write.1.gz /usr/share/man/man1/write.ul.1.gz
update-alternatives 2023-02-17 17:24:28: link group write updated to point to /usr/bin/write.ul
update-alternatives 2023-02-17 17:24:29: run with --install /bin/nc nc /bin/nc.openbsd 50 --slave /bin/netcat netcat /bin/nc.openbsd --slave /usr/share/man/man1/nc.1.gz nc.1.gz /usr/share/man/man1/nc_openbsd.1.gz --slave /usr/share/man/man1/netcat.1.gz netcat.1.gz /usr/share/man/man1/nc_openbsd.1.gz
update-alternatives 2023-02-17 17:24:29: link group nc updated to point to /bin/nc.openbsd
update-alternatives 2023-02-17 17:24:29: run with --quiet --install /usr/bin/pager pager /usr/bin/less 77 --slave /usr/share/man/man1/pager.1.gz pager.1.gz /usr/share/man/man1/less.1.gz
update-alternatives 2023-02-17 17:24:29: link group pager updated to point to /usr/bin/less
update-alternatives 2023-02-17 17:24:31: run with --quiet --install /usr/bin/editor editor /bin/ed -100 --slave /usr/share/man/man1/editor.1.gz editor.1.gz /usr/share/man/man1/ed.1.gz
update-alternatives 2023-02-17 17:24:31: link group editor updated to point to /bin/ed
update-alternatives 2023-02-17 17:24:31: run with --install /usr/bin/editor editor /bin/nano 40 --slave /usr/share/man/man1/editor.1.gz editor.1.gz /usr/share/man/man1/nano.1.gz
update-alternatives 2023-02-17 17:24:31: link group editor updated to point to /bin/nano
update-alternatives 2023-02-17 17:24:31: run with --install /usr/bin/pico pico /bin/nano 10 --slave /usr/share/man/man1/pico.1.gz pico.1.gz /usr/share/man/man1/nano.1.gz
update-alternatives 2023-02-17 17:24:31: link group pico updated to point to /bin/nano
update-alternatives 2023-02-17 17:24:32: run with --install /usr/bin/ftp ftp /usr/bin/tnftp 120 --slave /usr/share/man/man1/ftp.1.gz ftp.1.gz /usr/share/man/man1/tnftp.1.gz
update-alternatives 2023-02-17 17:24:32: link group ftp updated to point to /usr/bin/tnftp
update-alternatives 2023-02-17 17:24:32: run with --install /usr/bin/infobrowser infobrowser /usr/bin/info 60 --slave /usr/share/man/man1/infobrowser.1.gz infobrowser.1.gz /usr/share/man/man1/info.1.gz
update-alternatives 2023-02-17 17:24:32: link group infobrowser updated to point to /usr/bin/info
update-alternatives 2023-02-17 17:24:33: run with --install /etc/newt/palette newt-palette /etc/newt/palette.ubuntu 50
update-alternatives 2023-02-17 17:24:33: link group newt-palette updated to point to /etc/newt/palette.ubuntu
update-alternatives 2023-02-17 17:24:33: run with --install /etc/newt/palette newt-palette /etc/newt/palette.original 20
update-alternatives 2023-02-17 17:24:33: run with --install /usr/bin/rview rview /usr/bin/vim.tiny 15
update-alternatives 2023-02-17 17:24:33: link group rview updated to point to /usr/bin/vim.tiny
update-alternatives 2023-02-17 17:24:33: run with --install /usr/bin/vi vi /usr/bin/vim.tiny 15 --slave /usr/share/man/da/man1/vi.1.gz vi.da.1.gz /usr/share/man/da/man1/vim.1.gz --slave /usr/share/man/de/man1/vi.1.gz vi.de.1.gz /usr/share/man/de/man1/vim.1.gz --slave /usr/share/man/fr/man1/vi.1.gz vi.fr.1.gz /usr/share/man/fr/man1/vim.1.gz --slave /usr/share/man/it/man1/vi.1.gz vi.it.1.gz /usr/share/man/it/man1/vim.1.gz --slave /usr/share/man/ja/man1/vi.1.gz vi.ja.1.gz /usr/share/man/ja/man1/vim.1.gz --slave /usr/share/man/pl/man1/vi.1.gz vi.pl.1.gz /usr/share/man/pl/man1/vim.1.gz --slave /usr/share/man/ru/man1/vi.1.gz vi.ru.1.gz /usr/share/man/ru/man1/vim.1.gz --slave /usr/share/man/man1/vi.1.gz vi.1.gz /usr/share/man/man1/vim.1.gz
update-alternatives 2023-02-17 17:24:33: link group vi updated to point to /usr/bin/vim.tiny
update-alternatives 2023-02-17 17:24:33: run with --install /usr/bin/view view /usr/bin/vim.tiny 15 --slave /usr/share/man/da/man1/view.1.gz view.da.1.gz /usr/share/man/da/man1/vim.1.gz --slave /usr/share/man/de/man1/view.1.gz view.de.1.gz /usr/share/man/de/man1/vim.1.gz --slave /usr/share/man/fr/man1/view.1.gz view.fr.1.gz /usr/share/man/fr/man1/vim.1.gz --slave /usr/share/man/it/man1/view.1.gz view.it.1.gz /usr/share/man/it/man1/vim.1.gz --slave /usr/share/man/ja/man1/view.1.gz view.ja.1.gz /usr/share/man/ja/man1/vim.1.gz --slave /usr/share/man/pl/man1/view.1.gz view.pl.1.gz /usr/share/man/pl/man1/vim.1.gz --slave /usr/share/man/ru/man1/view.1.gz view.ru.1.gz /usr/share/man/ru/man1/vim.1.gz --slave /usr/share/man/man1/view.1.gz view.1.gz /usr/share/man/man1/vim.1.gz
update-alternatives 2023-02-17 17:24:33: link group view updated to point to /usr/bin/vim.tiny
update-alternatives 2023-02-17 17:24:33: run with --install /usr/bin/ex ex /usr/bin/vim.tiny 15 --slave /usr/share/man/da/man1/ex.1.gz ex.da.1.gz /usr/share/man/da/man1/vim.1.gz --slave /usr/share/man/de/man1/ex.1.gz ex.de.1.gz /usr/share/man/de/man1/vim.1.gz --slave /usr/share/man/fr/man1/ex.1.gz ex.fr.1.gz /usr/share/man/fr/man1/vim.1.gz --slave /usr/share/man/it/man1/ex.1.gz ex.it.1.gz /usr/share/man/it/man1/vim.1.gz --slave /usr/share/man/ja/man1/ex.1.gz ex.ja.1.gz /usr/share/man/ja/man1/vim.1.gz --slave /usr/share/man/pl/man1/ex.1.gz ex.pl.1.gz /usr/share/man/pl/man1/vim.1.gz --slave /usr/share/man/ru/man1/ex.1.gz ex.ru.1.gz /usr/share/man/ru/man1/vim.1.gz --slave /usr/share/man/man1/ex.1.gz ex.1.gz /usr/share/man/man1/vim.1.gz
update-alternatives 2023-02-17 17:24:33: link group ex updated to point to /usr/bin/vim.tiny
update-alternatives 2023-02-17 17:24:33: run with --install /usr/bin/editor editor /usr/bin/vim.tiny 15 --slave /usr/share/man/da/man1/editor.1.gz editor.da.1.gz /usr/share/man/da/man1/vim.1.gz --slave /usr/share/man/de/man1/editor.1.gz editor.de.1.gz /usr/share/man/de/man1/vim.1.gz --slave /usr/share/man/fr/man1/editor.1.gz editor.fr.1.gz /usr/share/man/fr/man1/vim.1.gz --slave /usr/share/man/it/man1/editor.1.gz editor.it.1.gz /usr/share/man/it/man1/vim.1.gz --slave /usr/share/man/ja/man1/editor.1.gz editor.ja.1.gz /usr/share/man/ja/man1/vim.1.gz --slave /usr/share/man/pl/man1/editor.1.gz editor.pl.1.gz /usr/share/man/pl/man1/vim.1.gz --slave /usr/share/man/ru/man1/editor.1.gz editor.ru.1.gz /usr/share/man/ru/man1/vim.1.gz --slave /usr/share/man/man1/editor.1.gz editor.1.gz /usr/share/man/man1/vim.1.gz
update-alternatives 2023-02-17 17:24:33: run with --install /usr/sbin/iptables iptables /usr/sbin/iptables-legacy 10 --slave /usr/sbin/iptables-restore iptables-restore /usr/sbin/iptables-legacy-restore --slave /usr/sbin/iptables-save iptables-save /usr/sbin/iptables-legacy-save
update-alternatives 2023-02-17 17:24:33: link group iptables updated to point to /usr/sbin/iptables-legacy
update-alternatives 2023-02-17 17:24:33: run with --install /usr/sbin/ip6tables ip6tables /usr/sbin/ip6tables-legacy 10 --slave /usr/sbin/ip6tables-restore ip6tables-restore /usr/sbin/ip6tables-legacy-restore --slave /usr/sbin/ip6tables-save ip6tables-save /usr/sbin/ip6tables-legacy-save
update-alternatives 2023-02-17 17:24:33: link group ip6tables updated to point to /usr/sbin/ip6tables-legacy
update-alternatives 2023-02-17 17:24:33: run with --install /usr/sbin/iptables iptables /usr/sbin/iptables-nft 20 --slave /usr/sbin/iptables-restore iptables-restore /usr/sbin/iptables-nft-restore --slave /usr/sbin/iptables-save iptables-save /usr/sbin/iptables-nft-save
update-alternatives 2023-02-17 17:24:33: link group iptables updated to point to /usr/sbin/iptables-nft
update-alternatives 2023-02-17 17:24:33: run with --install /usr/sbin/ip6tables ip6tables /usr/sbin/ip6tables-nft 20 --slave /usr/sbin/ip6tables-restore ip6tables-restore /usr/sbin/ip6tables-nft-restore --slave /usr/sbin/ip6tables-save ip6tables-save /usr/sbin/ip6tables-nft-save
update-alternatives 2023-02-17 17:24:33: link group ip6tables updated to point to /usr/sbin/ip6tables-nft
update-alternatives 2023-02-17 17:24:33: run with --install /usr/sbin/arptables arptables /usr/sbin/arptables-nft 20 --slave /usr/sbin/arptables-restore arptables-restore /usr/sbin/arptables-nft-restore --slave /usr/sbin/arptables-save arptables-save /usr/sbin/arptables-nft-save
update-alternatives 2023-02-17 17:24:33: link group arptables updated to point to /usr/sbin/arptables-nft
update-alternatives 2023-02-17 17:24:33: run with --install /usr/sbin/ebtables ebtables /usr/sbin/ebtables-nft 20 --slave /usr/sbin/ebtables-restore ebtables-restore /usr/sbin/ebtables-nft-restore --slave /usr/sbin/ebtables-save ebtables-save /usr/sbin/ebtables-nft-save
update-alternatives 2023-02-17 17:24:33: link group ebtables updated to point to /usr/sbin/ebtables-nft
update-alternatives 2023-02-17 17:24:44: run with --install /usr/bin/vim vim /usr/bin/vim.basic 30
update-alternatives 2023-02-17 17:24:44: link group vim updated to point to /usr/bin/vim.basic
update-alternatives 2023-02-17 17:24:44: run with --install /usr/bin/vimdiff vimdiff /usr/bin/vim.basic 30
update-alternatives 2023-02-17 17:24:44: link group vimdiff updated to point to /usr/bin/vim.basic
update-alternatives 2023-02-17 17:24:44: run with --install /usr/bin/rvim rvim /usr/bin/vim.basic 30
update-alternatives 2023-02-17 17:24:44: link group rvim updated to point to /usr/bin/vim.basic
update-alternatives 2023-02-17 17:24:44: run with --install /usr/bin/rview rview /usr/bin/vim.basic 30
update-alternatives 2023-02-17 17:24:44: link group rview updated to point to /usr/bin/vim.basic
update-alternatives 2023-02-17 17:24:44: run with --install /usr/bin/vi vi /usr/bin/vim.basic 30 --slave /usr/share/man/da/man1/vi.1.gz vi.da.1.gz /usr/share/man/da/man1/vim.1.gz --slave /usr/share/man/de/man1/vi.1.gz vi.de.1.gz /usr/share/man/de/man1/vim.1.gz --slave /usr/share/man/fr/man1/vi.1.gz vi.fr.1.gz /usr/share/man/fr/man1/vim.1.gz --slave /usr/share/man/it/man1/vi.1.gz vi.it.1.gz /usr/share/man/it/man1/vim.1.gz --slave /usr/share/man/ja/man1/vi.1.gz vi.ja.1.gz /usr/share/man/ja/man1/vim.1.gz --slave /usr/share/man/pl/man1/vi.1.gz vi.pl.1.gz /usr/share/man/pl/man1/vim.1.gz --slave /usr/share/man/ru/man1/vi.1.gz vi.ru.1.gz /usr/share/man/ru/man1/vim.1.gz --slave /usr/share/man/man1/vi.1.gz vi.1.gz /usr/share/man/man1/vim.1.gz
update-alternatives 2023-02-17 17:24:44: link group vi updated to point to /usr/bin/vim.basic
update-alternatives 2023-02-17 17:24:44: run with --install /usr/bin/view view /usr/bin/vim.basic 30 --slave /usr/share/man/da/man1/view.1.gz view.da.1.gz /usr/share/man/da/man1/vim.1.gz --slave /usr/share/man/de/man1/view.1.gz view.de.1.gz /usr/share/man/de/man1/vim.1.gz --slave /usr/share/man/fr/man1/view.1.gz view.fr.1.gz /usr/share/man/fr/man1/vim.1.gz --slave /usr/share/man/it/man1/view.1.gz view.it.1.gz /usr/share/man/it/man1/vim.1.gz --slave /usr/share/man/ja/man1/view.1.gz view.ja.1.gz /usr/share/man/ja/man1/vim.1.gz --slave /usr/share/man/pl/man1/view.1.gz view.pl.1.gz /usr/share/man/pl/man1/vim.1.gz --slave /usr/share/man/ru/man1/view.1.gz view.ru.1.gz /usr/share/man/ru/man1/vim.1.gz --slave /usr/share/man/man1/view.1.gz view.1.gz /usr/share/man/man1/vim.1.gz
update-alternatives 2023-02-17 17:24:44: link group view updated to point to /usr/bin/vim.basic
update-alternatives 2023-02-17 17:24:44: run with --install /usr/bin/ex ex /usr/bin/vim.basic 30 --slave /usr/share/man/da/man1/ex.1.gz ex.da.1.gz /usr/share/man/da/man1/vim.1.gz --slave /usr/share/man/de/man1/ex.1.gz ex.de.1.gz /usr/share/man/de/man1/vim.1.gz --slave /usr/share/man/fr/man1/ex.1.gz ex.fr.1.gz /usr/share/man/fr/man1/vim.1.gz --slave /usr/share/man/it/man1/ex.1.gz ex.it.1.gz /usr/share/man/it/man1/vim.1.gz --slave /usr/share/man/ja/man1/ex.1.gz ex.ja.1.gz /usr/share/man/ja/man1/vim.1.gz --slave /usr/share/man/pl/man1/ex.1.gz ex.pl.1.gz /usr/share/man/pl/man1/vim.1.gz --slave /usr/share/man/ru/man1/ex.1.gz ex.ru.1.gz /usr/share/man/ru/man1/vim.1.gz --slave /usr/share/man/man1/ex.1.gz ex.1.gz /usr/share/man/man1/vim.1.gz
update-alternatives 2023-02-17 17:24:44: link group ex updated to point to /usr/bin/vim.basic
update-alternatives 2023-02-17 17:24:44: run with --install /usr/bin/editor editor /usr/bin/vim.basic 30 --slave /usr/share/man/da/man1/editor.1.gz editor.da.1.gz /usr/share/man/da/man1/vim.1.gz --slave /usr/share/man/de/man1/editor.1.gz editor.de.1.gz /usr/share/man/de/man1/vim.1.gz --slave /usr/share/man/fr/man1/editor.1.gz editor.fr.1.gz /usr/share/man/fr/man1/vim.1.gz --slave /usr/share/man/it/man1/editor.1.gz editor.it.1.gz /usr/share/man/it/man1/vim.1.gz --slave /usr/share/man/ja/man1/editor.1.gz editor.ja.1.gz /usr/share/man/ja/man1/vim.1.gz --slave /usr/share/man/pl/man1/editor.1.gz editor.pl.1.gz /usr/share/man/pl/man1/vim.1.gz --slave /usr/share/man/ru/man1/editor.1.gz editor.ru.1.gz /usr/share/man/ru/man1/vim.1.gz --slave /usr/share/man/man1/editor.1.gz editor.1.gz /usr/share/man/man1/vim.1.gz
update-alternatives 2023-03-29 00:03:06: run with --install /usr/bin/java java /usr/lib/jvm/java-8-openjdk-amd64/jre/bin/java 1081 --slave /usr/share/man/man1/java.1.gz java.1.gz /usr/lib/jvm/java-8-openjdk-amd64/jre/man/man1/java.1.gz
update-alternatives 2023-03-29 00:03:06: link group java updated to point to /usr/lib/jvm/java-8-openjdk-amd64/jre/bin/java
update-alternatives 2023-03-29 00:03:06: run with --install /usr/bin/jjs jjs /usr/lib/jvm/java-8-openjdk-amd64/jre/bin/jjs 1081 --slave /usr/share/man/man1/jjs.1.gz jjs.1.gz /usr/lib/jvm/java-8-openjdk-amd64/jre/man/man1/jjs.1.gz
update-alternatives 2023-03-29 00:03:06: link group jjs updated to point to /usr/lib/jvm/java-8-openjdk-amd64/jre/bin/jjs
update-alternatives 2023-03-29 00:03:06: run with --install /usr/bin/keytool keytool /usr/lib/jvm/java-8-openjdk-amd64/jre/bin/keytool 1081 --slave /usr/share/man/man1/keytool.1.gz keytool.1.gz /usr/lib/jvm/java-8-openjdk-amd64/jre/man/man1/keytool.1.gz
update-alternatives 2023-03-29 00:03:06: link group keytool updated to point to /usr/lib/jvm/java-8-openjdk-amd64/jre/bin/keytool
update-alternatives 2023-03-29 00:03:06: run with --install /usr/bin/pack200 pack200 /usr/lib/jvm/java-8-openjdk-amd64/jre/bin/pack200 1081 --slave /usr/share/man/man1/pack200.1.gz pack200.1.gz /usr/lib/jvm/java-8-openjdk-amd64/jre/man/man1/pack200.1.gz
update-alternatives 2023-03-29 00:03:06: link group pack200 updated to point to /usr/lib/jvm/java-8-openjdk-amd64/jre/bin/pack200
update-alternatives 2023-03-29 00:03:06: run with --install /usr/bin/rmid rmid /usr/lib/jvm/java-8-openjdk-amd64/jre/bin/rmid 1081 --slave /usr/share/man/man1/rmid.1.gz rmid.1.gz /usr/lib/jvm/java-8-openjdk-amd64/jre/man/man1/rmid.1.gz
update-alternatives 2023-03-29 00:03:06: link group rmid updated to point to /usr/lib/jvm/java-8-openjdk-amd64/jre/bin/rmid
update-alternatives 2023-03-29 00:03:06: run with --install /usr/bin/rmiregistry rmiregistry /usr/lib/jvm/java-8-openjdk-amd64/jre/bin/rmiregistry 1081 --slave /usr/share/man/man1/rmiregistry.1.gz rmiregistry.1.gz /usr/lib/jvm/java-8-openjdk-amd64/jre/man/man1/rmiregistry.1.gz
update-alternatives 2023-03-29 00:03:06: link group rmiregistry updated to point to /usr/lib/jvm/java-8-openjdk-amd64/jre/bin/rmiregistry
update-alternatives 2023-03-29 00:03:06: run with --install /usr/bin/unpack200 unpack200 /usr/lib/jvm/java-8-openjdk-amd64/jre/bin/unpack200 1081 --slave /usr/share/man/man1/unpack200.1.gz unpack200.1.gz /usr/lib/jvm/java-8-openjdk-amd64/jre/man/man1/unpack200.1.gz
update-alternatives 2023-03-29 00:03:06: link group unpack200 updated to point to /usr/lib/jvm/java-8-openjdk-amd64/jre/bin/unpack200
update-alternatives 2023-03-29 00:03:06: run with --install /usr/bin/orbd orbd /usr/lib/jvm/java-8-openjdk-amd64/jre/bin/orbd 1081 --slave /usr/share/man/man1/orbd.1.gz orbd.1.gz /usr/lib/jvm/java-8-openjdk-amd64/jre/man/man1/orbd.1.gz
update-alternatives 2023-03-29 00:03:06: link group orbd updated to point to /usr/lib/jvm/java-8-openjdk-amd64/jre/bin/orbd
update-alternatives 2023-03-29 00:03:06: run with --install /usr/bin/servertool servertool /usr/lib/jvm/java-8-openjdk-amd64/jre/bin/servertool 1081 --slave /usr/share/man/man1/servertool.1.gz servertool.1.gz /usr/lib/jvm/java-8-openjdk-amd64/jre/man/man1/servertool.1.gz
update-alternatives 2023-03-29 00:03:06: link group servertool updated to point to /usr/lib/jvm/java-8-openjdk-amd64/jre/bin/servertool
update-alternatives 2023-03-29 00:03:07: run with --install /usr/bin/tnameserv tnameserv /usr/lib/jvm/java-8-openjdk-amd64/jre/bin/tnameserv 1081 --slave /usr/share/man/man1/tnameserv.1.gz tnameserv.1.gz /usr/lib/jvm/java-8-openjdk-amd64/jre/man/man1/tnameserv.1.gz
update-alternatives 2023-03-29 00:03:07: link group tnameserv updated to point to /usr/lib/jvm/java-8-openjdk-amd64/jre/bin/tnameserv
update-alternatives 2023-03-29 00:03:07: run with --install /usr/bin/jexec jexec /usr/lib/jvm/java-8-openjdk-amd64/jre/lib/jexec 1081 --slave /usr/share/binfmts/jar jexec-binfmt /usr/lib/jvm/java-8-openjdk-amd64/jre/lib/jar.binfmt
update-alternatives 2023-03-29 00:03:07: link group jexec updated to point to /usr/lib/jvm/java-8-openjdk-amd64/jre/lib/jexec
update-alternatives 2023-03-29 00:03:09: run with --install /usr/share/icons/default/index.theme x-cursor-theme /usr/share/icons/Adwaita/cursor.theme 90
update-alternatives 2023-03-29 00:03:09: link group x-cursor-theme updated to point to /usr/share/icons/Adwaita/cursor.theme
update-alternatives 2023-03-29 00:03:09: run with --install /usr/bin/clhsdb clhsdb /usr/lib/jvm/java-8-openjdk-amd64/bin/clhsdb 1081
update-alternatives 2023-03-29 00:03:09: link group clhsdb updated to point to /usr/lib/jvm/java-8-openjdk-amd64/bin/clhsdb
update-alternatives 2023-03-29 00:03:10: run with --install /usr/bin/extcheck extcheck /usr/lib/jvm/java-8-openjdk-amd64/bin/extcheck 1081 --slave /usr/share/man/man1/extcheck.1.gz extcheck.1.gz /usr/lib/jvm/java-8-openjdk-amd64/man/man1/extcheck.1.gz
update-alternatives 2023-03-29 00:03:10: link group extcheck updated to point to /usr/lib/jvm/java-8-openjdk-amd64/bin/extcheck
update-alternatives 2023-03-29 00:03:10: run with --install /usr/bin/hsdb hsdb /usr/lib/jvm/java-8-openjdk-amd64/bin/hsdb 1081
update-alternatives 2023-03-29 00:03:10: link group hsdb updated to point to /usr/lib/jvm/java-8-openjdk-amd64/bin/hsdb
update-alternatives 2023-03-29 00:03:10: run with --install /usr/bin/idlj idlj /usr/lib/jvm/java-8-openjdk-amd64/bin/idlj 1081 --slave /usr/share/man/man1/idlj.1.gz idlj.1.gz /usr/lib/jvm/java-8-openjdk-amd64/man/man1/idlj.1.gz
update-alternatives 2023-03-29 00:03:10: link group idlj updated to point to /usr/lib/jvm/java-8-openjdk-amd64/bin/idlj
update-alternatives 2023-03-29 00:03:10: run with --install /usr/bin/jar jar /usr/lib/jvm/java-8-openjdk-amd64/bin/jar 1081 --slave /usr/share/man/man1/jar.1.gz jar.1.gz /usr/lib/jvm/java-8-openjdk-amd64/man/man1/jar.1.gz
update-alternatives 2023-03-29 00:03:10: link group jar updated to point to /usr/lib/jvm/java-8-openjdk-amd64/bin/jar
update-alternatives 2023-03-29 00:03:10: run with --install /usr/bin/jarsigner jarsigner /usr/lib/jvm/java-8-openjdk-amd64/bin/jarsigner 1081 --slave /usr/share/man/man1/jarsigner.1.gz jarsigner.1.gz /usr/lib/jvm/java-8-openjdk-amd64/man/man1/jarsigner.1.gz
update-alternatives 2023-03-29 00:03:10: link group jarsigner updated to point to /usr/lib/jvm/java-8-openjdk-amd64/bin/jarsigner
update-alternatives 2023-03-29 00:03:10: run with --install /usr/bin/javac javac /usr/lib/jvm/java-8-openjdk-amd64/bin/javac 1081 --slave /usr/share/man/man1/javac.1.gz javac.1.gz /usr/lib/jvm/java-8-openjdk-amd64/man/man1/javac.1.gz
update-alternatives 2023-03-29 00:03:10: link group javac updated to point to /usr/lib/jvm/java-8-openjdk-amd64/bin/javac
update-alternatives 2023-03-29 00:03:10: run with --install /usr/bin/javadoc javadoc /usr/lib/jvm/java-8-openjdk-amd64/bin/javadoc 1081 --slave /usr/share/man/man1/javadoc.1.gz javadoc.1.gz /usr/lib/jvm/java-8-openjdk-amd64/man/man1/javadoc.1.gz
update-alternatives 2023-03-29 00:03:10: link group javadoc updated to point to /usr/lib/jvm/java-8-openjdk-amd64/bin/javadoc
update-alternatives 2023-03-29 00:03:10: run with --install /usr/bin/javah javah /usr/lib/jvm/java-8-openjdk-amd64/bin/javah 1081 --slave /usr/share/man/man1/javah.1.gz javah.1.gz /usr/lib/jvm/java-8-openjdk-amd64/man/man1/javah.1.gz
update-alternatives 2023-03-29 00:03:10: link group javah updated to point to /usr/lib/jvm/java-8-openjdk-amd64/bin/javah
update-alternatives 2023-03-29 00:03:10: run with --install /usr/bin/javap javap /usr/lib/jvm/java-8-openjdk-amd64/bin/javap 1081 --slave /usr/share/man/man1/javap.1.gz javap.1.gz /usr/lib/jvm/java-8-openjdk-amd64/man/man1/javap.1.gz
update-alternatives 2023-03-29 00:03:10: link group javap updated to point to /usr/lib/jvm/java-8-openjdk-amd64/bin/javap
update-alternatives 2023-03-29 00:03:10: run with --install /usr/bin/jcmd jcmd /usr/lib/jvm/java-8-openjdk-amd64/bin/jcmd 1081 --slave /usr/share/man/man1/jcmd.1.gz jcmd.1.gz /usr/lib/jvm/java-8-openjdk-amd64/man/man1/jcmd.1.gz
update-alternatives 2023-03-29 00:03:10: link group jcmd updated to point to /usr/lib/jvm/java-8-openjdk-amd64/bin/jcmd
update-alternatives 2023-03-29 00:03:10: run with --install /usr/bin/jdb jdb /usr/lib/jvm/java-8-openjdk-amd64/bin/jdb 1081 --slave /usr/share/man/man1/jdb.1.gz jdb.1.gz /usr/lib/jvm/java-8-openjdk-amd64/man/man1/jdb.1.gz
update-alternatives 2023-03-29 00:03:10: link group jdb updated to point to /usr/lib/jvm/java-8-openjdk-amd64/bin/jdb
update-alternatives 2023-03-29 00:03:10: run with --install /usr/bin/jdeps jdeps /usr/lib/jvm/java-8-openjdk-amd64/bin/jdeps 1081 --slave /usr/share/man/man1/jdeps.1.gz jdeps.1.gz /usr/lib/jvm/java-8-openjdk-amd64/man/man1/jdeps.1.gz
update-alternatives 2023-03-29 00:03:10: link group jdeps updated to point to /usr/lib/jvm/java-8-openjdk-amd64/bin/jdeps
update-alternatives 2023-03-29 00:03:10: run with --install /usr/bin/jfr jfr /usr/lib/jvm/java-8-openjdk-amd64/bin/jfr 1081
update-alternatives 2023-03-29 00:03:10: link group jfr updated to point to /usr/lib/jvm/java-8-openjdk-amd64/bin/jfr
update-alternatives 2023-03-29 00:03:10: run with --install /usr/bin/jhat jhat /usr/lib/jvm/java-8-openjdk-amd64/bin/jhat 1081 --slave /usr/share/man/man1/jhat.1.gz jhat.1.gz /usr/lib/jvm/java-8-openjdk-amd64/man/man1/jhat.1.gz
update-alternatives 2023-03-29 00:03:10: link group jhat updated to point to /usr/lib/jvm/java-8-openjdk-amd64/bin/jhat
update-alternatives 2023-03-29 00:03:10: run with --install /usr/bin/jinfo jinfo /usr/lib/jvm/java-8-openjdk-amd64/bin/jinfo 1081 --slave /usr/share/man/man1/jinfo.1.gz jinfo.1.gz /usr/lib/jvm/java-8-openjdk-amd64/man/man1/jinfo.1.gz
update-alternatives 2023-03-29 00:03:10: link group jinfo updated to point to /usr/lib/jvm/java-8-openjdk-amd64/bin/jinfo
update-alternatives 2023-03-29 00:03:10: run with --install /usr/bin/jmap jmap /usr/lib/jvm/java-8-openjdk-amd64/bin/jmap 1081 --slave /usr/share/man/man1/jmap.1.gz jmap.1.gz /usr/lib/jvm/java-8-openjdk-amd64/man/man1/jmap.1.gz
update-alternatives 2023-03-29 00:03:10: link group jmap updated to point to /usr/lib/jvm/java-8-openjdk-amd64/bin/jmap
update-alternatives 2023-03-29 00:03:10: run with --install /usr/bin/jps jps /usr/lib/jvm/java-8-openjdk-amd64/bin/jps 1081 --slave /usr/share/man/man1/jps.1.gz jps.1.gz /usr/lib/jvm/java-8-openjdk-amd64/man/man1/jps.1.gz
update-alternatives 2023-03-29 00:03:10: link group jps updated to point to /usr/lib/jvm/java-8-openjdk-amd64/bin/jps
update-alternatives 2023-03-29 00:03:10: run with --install /usr/bin/jrunscript jrunscript /usr/lib/jvm/java-8-openjdk-amd64/bin/jrunscript 1081 --slave /usr/share/man/man1/jrunscript.1.gz jrunscript.1.gz /usr/lib/jvm/java-8-openjdk-amd64/man/man1/jrunscript.1.gz
update-alternatives 2023-03-29 00:03:10: link group jrunscript updated to point to /usr/lib/jvm/java-8-openjdk-amd64/bin/jrunscript
update-alternatives 2023-03-29 00:03:10: run with --install /usr/bin/jsadebugd jsadebugd /usr/lib/jvm/java-8-openjdk-amd64/bin/jsadebugd 1081 --slave /usr/share/man/man1/jsadebugd.1.gz jsadebugd.1.gz /usr/lib/jvm/java-8-openjdk-amd64/man/man1/jsadebugd.1.gz
update-alternatives 2023-03-29 00:03:10: link group jsadebugd updated to point to /usr/lib/jvm/java-8-openjdk-amd64/bin/jsadebugd
update-alternatives 2023-03-29 00:03:10: run with --install /usr/bin/jstack jstack /usr/lib/jvm/java-8-openjdk-amd64/bin/jstack 1081 --slave /usr/share/man/man1/jstack.1.gz jstack.1.gz /usr/lib/jvm/java-8-openjdk-amd64/man/man1/jstack.1.gz
update-alternatives 2023-03-29 00:03:10: link group jstack updated to point to /usr/lib/jvm/java-8-openjdk-amd64/bin/jstack
update-alternatives 2023-03-29 00:03:10: run with --install /usr/bin/jstat jstat /usr/lib/jvm/java-8-openjdk-amd64/bin/jstat 1081 --slave /usr/share/man/man1/jstat.1.gz jstat.1.gz /usr/lib/jvm/java-8-openjdk-amd64/man/man1/jstat.1.gz
update-alternatives 2023-03-29 00:03:10: link group jstat updated to point to /usr/lib/jvm/java-8-openjdk-amd64/bin/jstat
update-alternatives 2023-03-29 00:03:10: run with --install /usr/bin/jstatd jstatd /usr/lib/jvm/java-8-openjdk-amd64/bin/jstatd 1081 --slave /usr/share/man/man1/jstatd.1.gz jstatd.1.gz /usr/lib/jvm/java-8-openjdk-amd64/man/man1/jstatd.1.gz
update-alternatives 2023-03-29 00:03:10: link group jstatd updated to point to /usr/lib/jvm/java-8-openjdk-amd64/bin/jstatd
update-alternatives 2023-03-29 00:03:10: run with --install /usr/bin/native2ascii native2ascii /usr/lib/jvm/java-8-openjdk-amd64/bin/native2ascii 1081 --slave /usr/share/man/man1/native2ascii.1.gz native2ascii.1.gz /usr/lib/jvm/java-8-openjdk-amd64/man/man1/native2ascii.1.gz
update-alternatives 2023-03-29 00:03:10: link group native2ascii updated to point to /usr/lib/jvm/java-8-openjdk-amd64/bin/native2ascii
update-alternatives 2023-03-29 00:03:10: run with --install /usr/bin/rmic rmic /usr/lib/jvm/java-8-openjdk-amd64/bin/rmic 1081 --slave /usr/share/man/man1/rmic.1.gz rmic.1.gz /usr/lib/jvm/java-8-openjdk-amd64/man/man1/rmic.1.gz
update-alternatives 2023-03-29 00:03:10: link group rmic updated to point to /usr/lib/jvm/java-8-openjdk-amd64/bin/rmic
update-alternatives 2023-03-29 00:03:10: run with --install /usr/bin/schemagen schemagen /usr/lib/jvm/java-8-openjdk-amd64/bin/schemagen 1081 --slave /usr/share/man/man1/schemagen.1.gz schemagen.1.gz /usr/lib/jvm/java-8-openjdk-amd64/man/man1/schemagen.1.gz
update-alternatives 2023-03-29 00:03:10: link group schemagen updated to point to /usr/lib/jvm/java-8-openjdk-amd64/bin/schemagen
update-alternatives 2023-03-29 00:03:10: run with --install /usr/bin/serialver serialver /usr/lib/jvm/java-8-openjdk-amd64/bin/serialver 1081 --slave /usr/share/man/man1/serialver.1.gz serialver.1.gz /usr/lib/jvm/java-8-openjdk-amd64/man/man1/serialver.1.gz
update-alternatives 2023-03-29 00:03:10: link group serialver updated to point to /usr/lib/jvm/java-8-openjdk-amd64/bin/serialver
update-alternatives 2023-03-29 00:03:10: run with --install /usr/bin/wsgen wsgen /usr/lib/jvm/java-8-openjdk-amd64/bin/wsgen 1081 --slave /usr/share/man/man1/wsgen.1.gz wsgen.1.gz /usr/lib/jvm/java-8-openjdk-amd64/man/man1/wsgen.1.gz
update-alternatives 2023-03-29 00:03:10: link group wsgen updated to point to /usr/lib/jvm/java-8-openjdk-amd64/bin/wsgen
update-alternatives 2023-03-29 00:03:10: run with --install /usr/bin/wsimport wsimport /usr/lib/jvm/java-8-openjdk-amd64/bin/wsimport 1081 --slave /usr/share/man/man1/wsimport.1.gz wsimport.1.gz /usr/lib/jvm/java-8-openjdk-amd64/man/man1/wsimport.1.gz
update-alternatives 2023-03-29 00:03:10: link group wsimport updated to point to /usr/lib/jvm/java-8-openjdk-amd64/bin/wsimport
update-alternatives 2023-03-29 00:03:10: run with --install /usr/bin/xjc xjc /usr/lib/jvm/java-8-openjdk-amd64/bin/xjc 1081 --slave /usr/share/man/man1/xjc.1.gz xjc.1.gz /usr/lib/jvm/java-8-openjdk-amd64/man/man1/xjc.1.gz
update-alternatives 2023-03-29 00:03:10: link group xjc updated to point to /usr/lib/jvm/java-8-openjdk-amd64/bin/xjc
update-alternatives 2023-03-29 00:03:10: run with --install /usr/bin/policytool policytool /usr/lib/jvm/java-8-openjdk-amd64/jre/bin/policytool 1081 --slave /usr/share/man/man1/policytool.1.gz policytool.1.gz /usr/lib/jvm/java-8-openjdk-amd64/jre/man/man1/policytool.1.gz
update-alternatives 2023-03-29 00:03:10: link group policytool updated to point to /usr/lib/jvm/java-8-openjdk-amd64/jre/bin/policytool
update-alternatives 2023-03-29 00:03:10: run with --install /usr/bin/appletviewer appletviewer /usr/lib/jvm/java-8-openjdk-amd64/bin/appletviewer 1081 --slave /usr/share/man/man1/appletviewer.1.gz appletviewer.1.gz /usr/lib/jvm/java-8-openjdk-amd64/man/man1/appletviewer.1.gz
update-alternatives 2023-03-29 00:03:10: link group appletviewer updated to point to /usr/lib/jvm/java-8-openjdk-amd64/bin/appletviewer
update-alternatives 2023-03-29 00:03:10: run with --install /usr/bin/jconsole jconsole /usr/lib/jvm/java-8-openjdk-amd64/bin/jconsole 1081 --slave /usr/share/man/man1/jconsole.1.gz jconsole.1.gz /usr/lib/jvm/java-8-openjdk-amd64/man/man1/jconsole.1.gz
update-alternatives 2023-03-29 00:03:10: link group jconsole updated to point to /usr/lib/jvm/java-8-openjdk-amd64/bin/jconsole
update-alternatives 2023-03-29 06:21:34: run with --install /usr/sbin/rmt rmt /usr/sbin/rmt-tar 50 --slave /usr/share/man/man8/rmt.8.gz rmt.8.gz /usr/share/man/man8/rmt-tar.8.gz
update-alternatives 2023-03-29 06:23:51: run with --install /usr/bin/vim vim /usr/bin/vim.basic 30
update-alternatives 2023-03-29 06:23:51: run with --install /usr/bin/vimdiff vimdiff /usr/bin/vim.basic 30
update-alternatives 2023-03-29 06:23:51: run with --install /usr/bin/rvim rvim /usr/bin/vim.basic 30
update-alternatives 2023-03-29 06:23:51: run with --install /usr/bin/rview rview /usr/bin/vim.basic 30
update-alternatives 2023-03-29 06:23:51: run with --install /usr/bin/vi vi /usr/bin/vim.basic 30 --slave /usr/share/man/da/man1/vi.1.gz vi.da.1.gz /usr/share/man/da/man1/vim.1.gz --slave /usr/share/man/de/man1/vi.1.gz vi.de.1.gz /usr/share/man/de/man1/vim.1.gz --slave /usr/share/man/fr/man1/vi.1.gz vi.fr.1.gz /usr/share/man/fr/man1/vim.1.gz --slave /usr/share/man/it/man1/vi.1.gz vi.it.1.gz /usr/share/man/it/man1/vim.1.gz --slave /usr/share/man/ja/man1/vi.1.gz vi.ja.1.gz /usr/share/man/ja/man1/vim.1.gz --slave /usr/share/man/pl/man1/vi.1.gz vi.pl.1.gz /usr/share/man/pl/man1/vim.1.gz --slave /usr/share/man/ru/man1/vi.1.gz vi.ru.1.gz /usr/share/man/ru/man1/vim.1.gz --slave /usr/share/man/man1/vi.1.gz vi.1.gz /usr/share/man/man1/vim.1.gz
update-alternatives 2023-03-29 06:23:51: run with --install /usr/bin/view view /usr/bin/vim.basic 30 --slave /usr/share/man/da/man1/view.1.gz view.da.1.gz /usr/share/man/da/man1/vim.1.gz --slave /usr/share/man/de/man1/view.1.gz view.de.1.gz /usr/share/man/de/man1/vim.1.gz --slave /usr/share/man/fr/man1/view.1.gz view.fr.1.gz /usr/share/man/fr/man1/vim.1.gz --slave /usr/share/man/it/man1/view.1.gz view.it.1.gz /usr/share/man/it/man1/vim.1.gz --slave /usr/share/man/ja/man1/view.1.gz view.ja.1.gz /usr/share/man/ja/man1/vim.1.gz --slave /usr/share/man/pl/man1/view.1.gz view.pl.1.gz /usr/share/man/pl/man1/vim.1.gz --slave /usr/share/man/ru/man1/view.1.gz view.ru.1.gz /usr/share/man/ru/man1/vim.1.gz --slave /usr/share/man/man1/view.1.gz view.1.gz /usr/share/man/man1/vim.1.gz
update-alternatives 2023-03-29 06:23:51: run with --install /usr/bin/ex ex /usr/bin/vim.basic 30 --slave /usr/share/man/da/man1/ex.1.gz ex.da.1.gz /usr/share/man/da/man1/vim.1.gz --slave /usr/share/man/de/man1/ex.1.gz ex.de.1.gz /usr/share/man/de/man1/vim.1.gz --slave /usr/share/man/fr/man1/ex.1.gz ex.fr.1.gz /usr/share/man/fr/man1/vim.1.gz --slave /usr/share/man/it/man1/ex.1.gz ex.it.1.gz /usr/share/man/it/man1/vim.1.gz --slave /usr/share/man/ja/man1/ex.1.gz ex.ja.1.gz /usr/share/man/ja/man1/vim.1.gz --slave /usr/share/man/pl/man1/ex.1.gz ex.pl.1.gz /usr/share/man/pl/man1/vim.1.gz --slave /usr/share/man/ru/man1/ex.1.gz ex.ru.1.gz /usr/share/man/ru/man1/vim.1.gz --slave /usr/share/man/man1/ex.1.gz ex.1.gz /usr/share/man/man1/vim.1.gz
update-alternatives 2023-03-29 06:23:51: run with --install /usr/bin/editor editor /usr/bin/vim.basic 30 --slave /usr/share/man/da/man1/editor.1.gz editor.da.1.gz /usr/share/man/da/man1/vim.1.gz --slave /usr/share/man/de/man1/editor.1.gz editor.de.1.gz /usr/share/man/de/man1/vim.1.gz --slave /usr/share/man/fr/man1/editor.1.gz editor.fr.1.gz /usr/share/man/fr/man1/vim.1.gz --slave /usr/share/man/it/man1/editor.1.gz editor.it.1.gz /usr/share/man/it/man1/vim.1.gz --slave /usr/share/man/ja/man1/editor.1.gz editor.ja.1.gz /usr/share/man/ja/man1/vim.1.gz --slave /usr/share/man/pl/man1/editor.1.gz editor.pl.1.gz /usr/share/man/pl/man1/vim.1.gz --slave /usr/share/man/ru/man1/editor.1.gz editor.ru.1.gz /usr/share/man/ru/man1/vim.1.gz --slave /usr/share/man/man1/editor.1.gz editor.1.gz /usr/share/man/man1/vim.1.gz
update-alternatives 2023-03-29 06:23:51: run with --install /usr/bin/rview rview /usr/bin/vim.tiny 15
update-alternatives 2023-03-29 06:23:51: run with --install /usr/bin/vi vi /usr/bin/vim.tiny 15 --slave /usr/share/man/da/man1/vi.1.gz vi.da.1.gz /usr/share/man/da/man1/vim.1.gz --slave /usr/share/man/de/man1/vi.1.gz vi.de.1.gz /usr/share/man/de/man1/vim.1.gz --slave /usr/share/man/fr/man1/vi.1.gz vi.fr.1.gz /usr/share/man/fr/man1/vim.1.gz --slave /usr/share/man/it/man1/vi.1.gz vi.it.1.gz /usr/share/man/it/man1/vim.1.gz --slave /usr/share/man/ja/man1/vi.1.gz vi.ja.1.gz /usr/share/man/ja/man1/vim.1.gz --slave /usr/share/man/pl/man1/vi.1.gz vi.pl.1.gz /usr/share/man/pl/man1/vim.1.gz --slave /usr/share/man/ru/man1/vi.1.gz vi.ru.1.gz /usr/share/man/ru/man1/vim.1.gz --slave /usr/share/man/man1/vi.1.gz vi.1.gz /usr/share/man/man1/vim.1.gz
update-alternatives 2023-03-29 06:23:51: run with --install /usr/bin/view view /usr/bin/vim.tiny 15 --slave /usr/share/man/da/man1/view.1.gz view.da.1.gz /usr/share/man/da/man1/vim.1.gz --slave /usr/share/man/de/man1/view.1.gz view.de.1.gz /usr/share/man/de/man1/vim.1.gz --slave /usr/share/man/fr/man1/view.1.gz view.fr.1.gz /usr/share/man/fr/man1/vim.1.gz --slave /usr/share/man/it/man1/view.1.gz view.it.1.gz /usr/share/man/it/man1/vim.1.gz --slave /usr/share/man/ja/man1/view.1.gz view.ja.1.gz /usr/share/man/ja/man1/vim.1.gz --slave /usr/share/man/pl/man1/view.1.gz view.pl.1.gz /usr/share/man/pl/man1/vim.1.gz --slave /usr/share/man/ru/man1/view.1.gz view.ru.1.gz /usr/share/man/ru/man1/vim.1.gz --slave /usr/share/man/man1/view.1.gz view.1.gz /usr/share/man/man1/vim.1.gz
update-alternatives 2023-03-29 06:23:51: run with --install /usr/bin/ex ex /usr/bin/vim.tiny 15 --slave /usr/share/man/da/man1/ex.1.gz ex.da.1.gz /usr/share/man/da/man1/vim.1.gz --slave /usr/share/man/de/man1/ex.1.gz ex.de.1.gz /usr/share/man/de/man1/vim.1.gz --slave /usr/share/man/fr/man1/ex.1.gz ex.fr.1.gz /usr/share/man/fr/man1/vim.1.gz --slave /usr/share/man/it/man1/ex.1.gz ex.it.1.gz /usr/share/man/it/man1/vim.1.gz --slave /usr/share/man/ja/man1/ex.1.gz ex.ja.1.gz /usr/share/man/ja/man1/vim.1.gz --slave /usr/share/man/pl/man1/ex.1.gz ex.pl.1.gz /usr/share/man/pl/man1/vim.1.gz --slave /usr/share/man/ru/man1/ex.1.gz ex.ru.1.gz /usr/share/man/ru/man1/vim.1.gz --slave /usr/share/man/man1/ex.1.gz ex.1.gz /usr/share/man/man1/vim.1.gz
update-alternatives 2023-03-29 06:23:51: run with --install /usr/bin/editor editor /usr/bin/vim.tiny 15 --slave /usr/share/man/da/man1/editor.1.gz editor.da.1.gz /usr/share/man/da/man1/vim.1.gz --slave /usr/share/man/de/man1/editor.1.gz editor.de.1.gz /usr/share/man/de/man1/vim.1.gz --slave /usr/share/man/fr/man1/editor.1.gz editor.fr.1.gz /usr/share/man/fr/man1/vim.1.gz --slave /usr/share/man/it/man1/editor.1.gz editor.it.1.gz /usr/share/man/it/man1/vim.1.gz --slave /usr/share/man/ja/man1/editor.1.gz editor.ja.1.gz /usr/share/man/ja/man1/vim.1.gz --slave /usr/share/man/pl/man1/editor.1.gz editor.pl.1.gz /usr/share/man/pl/man1/vim.1.gz --slave /usr/share/man/ru/man1/editor.1.gz editor.ru.1.gz /usr/share/man/ru/man1/vim.1.gz --slave /usr/share/man/man1/editor.1.gz editor.1.gz /usr/share/man/man1/vim.1.gz
update-alternatives 2023-03-30 08:44:41: run with --install /usr/bin/fakeroot fakeroot /usr/bin/fakeroot-sysv 50 --slave /usr/share/man/man1/fakeroot.1.gz fakeroot.1.gz /usr/share/man/man1/fakeroot-sysv.1.gz --slave /usr/share/man/man1/faked.1.gz faked.1.gz /usr/share/man/man1/faked-sysv.1.gz --slave /usr/share/man/es/man1/fakeroot.1.gz fakeroot.es.1.gz /usr/share/man/es/man1/fakeroot-sysv.1.gz --slave /usr/share/man/es/man1/faked.1.gz faked.es.1.gz /usr/share/man/es/man1/faked-sysv.1.gz --slave /usr/share/man/fr/man1/fakeroot.1.gz fakeroot.fr.1.gz /usr/share/man/fr/man1/fakeroot-sysv.1.gz --slave /usr/share/man/fr/man1/faked.1.gz faked.fr.1.gz /usr/share/man/fr/man1/faked-sysv.1.gz --slave /usr/share/man/sv/man1/fakeroot.1.gz fakeroot.sv.1.gz /usr/share/man/sv/man1/fakeroot-sysv.1.gz --slave /usr/share/man/sv/man1/faked.1.gz faked.sv.1.gz /usr/share/man/sv/man1/faked-sysv.1.gz
update-alternatives 2023-03-30 08:44:41: link group fakeroot updated to point to /usr/bin/fakeroot-sysv
update-alternatives 2023-03-30 08:44:41: run with --install /usr/bin/fakeroot fakeroot /usr/bin/fakeroot-tcp 30 --slave /usr/share/man/man1/fakeroot.1.gz fakeroot.1.gz /usr/share/man/man1/fakeroot-tcp.1.gz --slave /usr/share/man/man1/faked.1.gz faked.1.gz /usr/share/man/man1/faked-tcp.1.gz --slave /usr/share/man/es/man1/fakeroot.1.gz fakeroot.es.1.gz /usr/share/man/es/man1/fakeroot-tcp.1.gz --slave /usr/share/man/es/man1/faked.1.gz faked.es.1.gz /usr/share/man/es/man1/faked-tcp.1.gz --slave /usr/share/man/fr/man1/fakeroot.1.gz fakeroot.fr.1.gz /usr/share/man/fr/man1/fakeroot-tcp.1.gz --slave /usr/share/man/fr/man1/faked.1.gz faked.fr.1.gz /usr/share/man/fr/man1/faked-tcp.1.gz --slave /usr/share/man/sv/man1/fakeroot.1.gz fakeroot.sv.1.gz /usr/share/man/sv/man1/fakeroot-tcp.1.gz --slave /usr/share/man/sv/man1/faked.1.gz faked.sv.1.gz /usr/share/man/sv/man1/faked-tcp.1.gz
update-alternatives 2023-03-30 08:44:42: run with --quiet --install /lib/cpp cpp /usr/bin/cpp 10
update-alternatives 2023-03-30 08:44:42: link group cpp updated to point to /usr/bin/cpp
update-alternatives 2023-03-30 08:44:42: run with --quiet --install /usr/bin/cc cc /usr/bin/gcc 20 --slave /usr/share/man/man1/cc.1.gz cc.1.gz /usr/share/man/man1/gcc.1.gz
update-alternatives 2023-03-30 08:44:42: link group cc updated to point to /usr/bin/gcc
update-alternatives 2023-03-30 08:44:42: run with --quiet --install /usr/bin/c89 c89 /usr/bin/c89-gcc 20 --slave /usr/share/man/man1/c89.1.gz c89.1.gz /usr/share/man/man1/c89-gcc.1.gz
update-alternatives 2023-03-30 08:44:42: link group c89 updated to point to /usr/bin/c89-gcc
update-alternatives 2023-03-30 08:44:42: run with --quiet --install /usr/bin/c99 c99 /usr/bin/c99-gcc 20 --slave /usr/share/man/man1/c99.1.gz c99.1.gz /usr/share/man/man1/c99-gcc.1.gz
update-alternatives 2023-03-30 08:44:42: link group c99 updated to point to /usr/bin/c99-gcc
update-alternatives 2023-03-30 08:44:43: run with --install /usr/bin/c++ c++ /usr/bin/g++ 20 --slave /usr/share/man/man1/c++.1.gz c++.1.gz /usr/share/man/man1/g++.1.gz
update-alternatives 2023-03-30 08:44:43: link group c++ updated to point to /usr/bin/g++
