Mar 28 15:38:09 management useradd[790]: new group: name=administrator, GID=1000
Mar 28 15:38:09 management useradd[790]: new user: name=administrator, UID=1000, GID=1000, home=/home/administrator, shell=/bin/bash, from=none
Mar 28 15:38:09 management useradd[790]: add 'administrator' to group 'adm'
Mar 28 15:38:09 management useradd[790]: add 'administrator' to group 'cdrom'
Mar 28 15:38:09 management useradd[790]: add 'administrator' to group 'sudo'
Mar 28 15:38:09 management useradd[790]: add 'administrator' to group 'dip'
Mar 28 15:38:09 management useradd[790]: add 'administrator' to group 'plugdev'
Mar 28 15:38:09 management useradd[790]: add 'administrator' to group 'lxd'
Mar 28 15:38:09 management useradd[790]: add 'administrator' to shadow group 'adm'
Mar 28 15:38:09 management useradd[790]: add 'administrator' to shadow group 'cdrom'
Mar 28 15:38:09 management useradd[790]: add 'administrator' to shadow group 'sudo'
Mar 28 15:38:09 management useradd[790]: add 'administrator' to shadow group 'dip'
Mar 28 15:38:09 management useradd[790]: add 'administrator' to shadow group 'plugdev'
Mar 28 15:38:09 management useradd[790]: add 'administrator' to shadow group 'lxd'
Mar 28 15:38:09 management systemd-logind[822]: New seat seat0.
Mar 28 15:38:09 management systemd-logind[822]: Watching system buttons on /dev/input/event0 (Power Button)
Mar 28 15:38:09 management systemd-logind[822]: Watching system buttons on /dev/input/event1 (AT Translated Set 2 keyboard)
Mar 28 15:38:11 management sshd[918]: Server listening on 0.0.0.0 port 22.
Mar 28 15:38:11 management sshd[918]: Server listening on :: port 22.
Mar 28 23:37:32 management useradd[1234]: new user: name=lxd, UID=999, GID=100, home=/var/snap/lxd/common/lxd, shell=/bin/false, from=none
Mar 28 23:37:34 management login[874]: pam_unix(login:session): session opened for user administrator(uid=1000) by LOGIN(uid=0)
Mar 28 23:37:34 management systemd-logind[822]: New session 1 of user administrator.
Mar 28 23:37:35 management systemd: pam_unix(systemd-user:session): session opened for user administrator(uid=1000) by (uid=0)
Mar 28 23:37:40 management sshd[918]: Received signal 15; terminating.
Mar 28 23:37:40 management sshd[1549]: Server listening on 0.0.0.0 port 22.
Mar 28 23:37:40 management sshd[1549]: Server listening on :: port 22.
Mar 28 23:37:59 management sudo: administrator : TTY=tty1 ; PWD=/home/administrator ; USER=root ; COMMAND=/usr/bin/vim /etc/ssh/sshd_config
Mar 28 23:37:59 management sudo: pam_unix(sudo:session): session opened for user root(uid=0) by administrator(uid=1000)
Mar 28 23:38:13 management sudo: pam_unix(sudo:session): session closed for user root
Mar 28 23:38:16 management polkitd(authority=local): Registered Authentication Agent for unix-process:1594:17888 (system bus name :1.18 [/usr/bin/pkttyagent --notify-fd 5 --fallback], object path /org/freedesktop/PolicyKit1/AuthenticationAgent, locale C.UTF-8)
Mar 28 23:38:19 management polkitd(authority=local): Operator of unix-process:1594:17888 successfully authenticated as unix-user:administrator to gain TEMPORARY authorization for action org.freedesktop.systemd1.manage-units for system-bus-name::1.19 [systemctl restart sshd] (owned by unix-user:administrator)
Mar 28 23:38:19 management sshd[1549]: Received signal 15; terminating.
Mar 28 23:38:19 management sshd[1604]: Server listening on 0.0.0.0 port 22.
Mar 28 23:38:19 management sshd[1604]: Server listening on :: port 22.
Mar 28 23:38:19 management polkitd(authority=local): Unregistered Authentication Agent for unix-process:1594:17888 (system bus name :1.18, object path /org/freedesktop/PolicyKit1/AuthenticationAgent, locale C.UTF-8) (disconnected from bus)
Mar 28 23:38:21 management sudo: administrator : TTY=tty1 ; PWD=/home/administrator ; USER=root ; COMMAND=/usr/bin/su
Mar 28 23:38:21 management sudo: pam_unix(sudo:session): session opened for user root(uid=0) by administrator(uid=1000)
Mar 28 23:38:21 management su: (to root) root on pts/0
Mar 28 23:38:21 management su: pam_unix(su:session): session opened for user root(uid=0) by administrator(uid=0)
Mar 28 23:38:32 management passwd[1615]: pam_unix(passwd:chauthtok): password changed for root
Mar 28 23:38:42 management sshd[1617]: Accepted password for administrator from 172.16.0.4 port 54402 ssh2
Mar 28 23:38:42 management sshd[1617]: pam_unix(sshd:session): session opened for user administrator(uid=1000) by (uid=0)
Mar 28 23:38:42 management systemd-logind[822]: New session 3 of user administrator.
Mar 28 23:38:52 management sshd[1673]: Received disconnect from 172.16.0.4 port 54402:11: disconnected by user
Mar 28 23:38:52 management sshd[1673]: Disconnected from user administrator 172.16.0.4 port 54402
Mar 28 23:38:52 management sshd[1617]: pam_unix(sshd:session): session closed for user administrator
Mar 28 23:38:52 management systemd-logind[822]: Session 3 logged out. Waiting for processes to exit.
Mar 28 23:38:52 management systemd-logind[822]: Removed session 3.
Mar 28 23:39:12 management sshd[1685]: Accepted password for root from 172.16.0.4 port 54406 ssh2
Mar 28 23:39:12 management sshd[1685]: pam_unix(sshd:session): session opened for user root(uid=0) by (uid=0)
Mar 28 23:39:13 management systemd: pam_unix(systemd-user:session): session opened for user root(uid=0) by (uid=0)
Mar 28 23:39:13 management systemd-logind[822]: New session 4 of user root.
Mar 28 23:39:30 management sshd[1751]: Accepted password for root from 172.16.0.4 port 54408 ssh2
Mar 28 23:39:30 management sshd[1751]: pam_unix(sshd:session): session opened for user root(uid=0) by (uid=0)
Mar 28 23:39:30 management systemd-logind[822]: New session 6 of user root.
Mar 28 23:40:16 management sshd[1751]: Received disconnect from 172.16.0.4 port 54408:11: disconnected by user
Mar 28 23:40:16 management sshd[1751]: Disconnected from user root 172.16.0.4 port 54408
Mar 28 23:40:16 management sshd[1751]: pam_unix(sshd:session): session closed for user root
Mar 28 23:40:16 management systemd-logind[822]: Session 6 logged out. Waiting for processes to exit.
Mar 28 23:40:16 management systemd-logind[822]: Removed session 6.
Mar 28 23:42:59 management sshd[1825]: Accepted password for root from 172.16.0.4 port 54542 ssh2
Mar 28 23:42:59 management sshd[1825]: pam_unix(sshd:session): session opened for user root(uid=0) by (uid=0)
Mar 28 23:42:59 management systemd-logind[822]: New session 7 of user root.
Mar 28 23:43:49 management groupadd[2005]: group added to /etc/group: name=elasticsearch, GID=119
Mar 28 23:43:49 management groupadd[2005]: group added to /etc/gshadow: name=elasticsearch
Mar 28 23:43:49 management groupadd[2005]: new group: name=elasticsearch, GID=119
Mar 28 23:43:49 management useradd[2013]: new user: name=elasticsearch, UID=114, GID=119, home=/nonexistent, shell=/bin/false, from=/dev/pts/2
Mar 28 23:43:49 management usermod[2020]: change user 'elasticsearch' password
Mar 28 23:43:49 management chage[2027]: changed password expiry for elasticsearch
Mar 28 23:43:59 management groupadd[2044]: group added to /etc/group: name=graylog, GID=120
Mar 28 23:43:59 management groupadd[2044]: group added to /etc/gshadow: name=graylog
Mar 28 23:43:59 management groupadd[2044]: new group: name=graylog, GID=120
Mar 28 23:43:59 management useradd[2052]: new user: name=graylog, UID=115, GID=120, home=/var/lib/graylog-server, shell=/bin/false, from=/dev/pts/2
Mar 28 23:43:59 management usermod[2059]: change user 'graylog' password
Mar 28 23:43:59 management chage[2066]: changed password expiry for graylog
Mar 28 23:43:59 management chfn[2070]: changed user 'graylog' information
Mar 28 23:44:20 management useradd[2256]: new user: name=mongodb, UID=116, GID=65534, home=/home/mongodb, shell=/usr/sbin/nologin, from=/dev/pts/2
Mar 28 23:44:20 management usermod[2263]: change user 'mongodb' password
Mar 28 23:44:20 management chage[2270]: changed password expiry for mongodb
Mar 28 23:44:21 management groupadd[2275]: group added to /etc/group: name=mongodb, GID=121
Mar 28 23:44:21 management groupadd[2275]: group added to /etc/gshadow: name=mongodb
Mar 28 23:44:21 management groupadd[2275]: new group: name=mongodb, GID=121
Mar 28 23:44:21 management gpasswd[2282]: user mongodb added by root to group mongodb
Mar 29 00:17:01 management CRON[7177]: pam_unix(cron:session): session opened for user root(uid=0) by (uid=0)
Mar 29 00:17:01 management CRON[7177]: pam_unix(cron:session): session closed for user root
Mar 29 01:17:01 management CRON[7209]: pam_unix(cron:session): session opened for user root(uid=0) by (uid=0)
Mar 29 01:17:01 management CRON[7209]: pam_unix(cron:session): session closed for user root
Mar 29 01:50:43 management sshd[1825]: Received disconnect from 172.16.0.4 port 54542:11: disconnected by user
Mar 29 01:50:43 management sshd[1825]: Disconnected from user root 172.16.0.4 port 54542
Mar 29 01:50:43 management sshd[1825]: pam_unix(sshd:session): session closed for user root
Mar 29 01:50:43 management systemd-logind[822]: Session 7 logged out. Waiting for processes to exit.
Mar 29 01:50:43 management systemd-logind[822]: Removed session 7.
Mar 29 02:11:06 management sshd[1685]: pam_unix(sshd:session): session closed for user root
Mar 29 02:11:06 management systemd-logind[822]: Session 4 logged out. Waiting for processes to exit.
Mar 29 02:11:06 management systemd-logind[822]: Removed session 4.
Mar 29 02:17:01 management CRON[7238]: pam_unix(cron:session): session opened for user root(uid=0) by (uid=0)
Mar 29 02:17:01 management CRON[7238]: pam_unix(cron:session): session closed for user root
Mar 29 03:10:01 management CRON[7292]: pam_unix(cron:session): session opened for user root(uid=0) by (uid=0)
Mar 29 03:10:01 management CRON[7292]: pam_unix(cron:session): session closed for user root
Mar 29 03:17:01 management CRON[7300]: pam_unix(cron:session): session opened for user root(uid=0) by (uid=0)
Mar 29 03:17:01 management CRON[7300]: pam_unix(cron:session): session closed for user root
Mar 29 04:17:01 management CRON[7325]: pam_unix(cron:session): session opened for user root(uid=0) by (uid=0)
Mar 29 04:17:01 management CRON[7325]: pam_unix(cron:session): session closed for user root
Mar 29 05:17:01 management CRON[7350]: pam_unix(cron:session): session opened for user root(uid=0) by (uid=0)
Mar 29 05:17:01 management CRON[7350]: pam_unix(cron:session): session closed for user root
Mar 29 06:17:01 management CRON[7374]: pam_unix(cron:session): session opened for user root(uid=0) by (uid=0)
Mar 29 06:17:01 management CRON[7374]: pam_unix(cron:session): session closed for user root
Mar 29 06:25:01 management CRON[31330]: pam_unix(cron:session): session opened for user root(uid=0) by (uid=0)
Mar 29 06:25:01 management CRON[31330]: pam_unix(cron:session): session closed for user root
Mar 29 07:17:01 management CRON[42873]: pam_unix(cron:session): session opened for user root(uid=0) by (uid=0)
Mar 29 07:17:01 management CRON[42873]: pam_unix(cron:session): session closed for user root
Mar 29 08:17:01 management CRON[43186]: pam_unix(cron:session): session opened for user root(uid=0) by (uid=0)
Mar 29 08:17:01 management CRON[43186]: pam_unix(cron:session): session closed for user root
Mar 29 09:17:01 management CRON[43209]: pam_unix(cron:session): session opened for user root(uid=0) by (uid=0)
Mar 29 09:17:01 management CRON[43209]: pam_unix(cron:session): session closed for user root
Mar 29 10:17:01 management CRON[43233]: pam_unix(cron:session): session opened for user root(uid=0) by (uid=0)
Mar 29 10:17:01 management CRON[43233]: pam_unix(cron:session): session closed for user root
Mar 29 11:17:01 management CRON[43256]: pam_unix(cron:session): session opened for user root(uid=0) by (uid=0)
Mar 29 11:17:01 management CRON[43256]: pam_unix(cron:session): session closed for user root
Mar 29 12:17:01 management CRON[43282]: pam_unix(cron:session): session opened for user root(uid=0) by (uid=0)
Mar 29 12:17:01 management CRON[43282]: pam_unix(cron:session): session closed for user root
Mar 29 13:17:01 management CRON[43320]: pam_unix(cron:session): session opened for user root(uid=0) by (uid=0)
Mar 29 13:17:01 management CRON[43320]: pam_unix(cron:session): session closed for user root
Mar 29 14:17:01 management CRON[43345]: pam_unix(cron:session): session opened for user root(uid=0) by (uid=0)
Mar 29 14:17:01 management CRON[43345]: pam_unix(cron:session): session closed for user root
Mar 29 15:17:01 management CRON[43406]: pam_unix(cron:session): session opened for user root(uid=0) by (uid=0)
Mar 29 15:17:01 management CRON[43406]: pam_unix(cron:session): session closed for user root
Mar 29 16:17:01 management CRON[43430]: pam_unix(cron:session): session opened for user root(uid=0) by (uid=0)
Mar 29 16:17:01 management CRON[43430]: pam_unix(cron:session): session closed for user root
Mar 29 17:17:01 management CRON[43454]: pam_unix(cron:session): session opened for user root(uid=0) by (uid=0)
Mar 29 17:17:01 management CRON[43454]: pam_unix(cron:session): session closed for user root
Mar 29 18:17:01 management CRON[43480]: pam_unix(cron:session): session opened for user root(uid=0) by (uid=0)
Mar 29 18:17:01 management CRON[43480]: pam_unix(cron:session): session closed for user root
Mar 29 19:17:02 management CRON[43515]: pam_unix(cron:session): session opened for user root(uid=0) by (uid=0)
Mar 29 19:17:02 management CRON[43515]: pam_unix(cron:session): session closed for user root
Mar 29 20:17:01 management CRON[43540]: pam_unix(cron:session): session opened for user root(uid=0) by (uid=0)
Mar 29 20:17:01 management CRON[43540]: pam_unix(cron:session): session closed for user root
Mar 29 21:17:01 management CRON[43615]: pam_unix(cron:session): session opened for user root(uid=0) by (uid=0)
Mar 29 21:17:01 management CRON[43615]: pam_unix(cron:session): session closed for user root
Mar 29 22:17:01 management CRON[43639]: pam_unix(cron:session): session opened for user root(uid=0) by (uid=0)
Mar 29 22:17:01 management CRON[43639]: pam_unix(cron:session): session closed for user root
Mar 29 23:17:01 management CRON[43668]: pam_unix(cron:session): session opened for user root(uid=0) by (uid=0)
Mar 29 23:17:01 management CRON[43668]: pam_unix(cron:session): session closed for user root
Mar 30 00:17:01 management CRON[44252]: pam_unix(cron:session): session opened for user root(uid=0) by (uid=0)
Mar 30 00:17:01 management CRON[44252]: pam_unix(cron:session): session closed for user root
Mar 30 01:17:01 management CRON[44309]: pam_unix(cron:session): session opened for user root(uid=0) by (uid=0)
Mar 30 01:17:01 management CRON[44309]: pam_unix(cron:session): session closed for user root
Mar 30 02:17:01 management CRON[44350]: pam_unix(cron:session): session opened for user root(uid=0) by (uid=0)
Mar 30 02:17:01 management CRON[44350]: pam_unix(cron:session): session closed for user root
Mar 30 03:10:01 management CRON[44366]: pam_unix(cron:session): session opened for user root(uid=0) by (uid=0)
Mar 30 03:10:01 management CRON[44366]: pam_unix(cron:session): session closed for user root
Mar 30 03:17:01 management CRON[44375]: pam_unix(cron:session): session opened for user root(uid=0) by (uid=0)
Mar 30 03:17:01 management CRON[44375]: pam_unix(cron:session): session closed for user root
Mar 30 04:17:01 management CRON[44399]: pam_unix(cron:session): session opened for user root(uid=0) by (uid=0)
Mar 30 04:17:01 management CRON[44399]: pam_unix(cron:session): session closed for user root
Mar 30 05:17:01 management CRON[44424]: pam_unix(cron:session): session opened for user root(uid=0) by (uid=0)
Mar 30 05:17:01 management CRON[44424]: pam_unix(cron:session): session closed for user root
Mar 30 06:17:01 management CRON[44522]: pam_unix(cron:session): session opened for user root(uid=0) by (uid=0)
Mar 30 06:17:01 management CRON[44522]: pam_unix(cron:session): session closed for user root
Mar 30 06:25:01 management CRON[44528]: pam_unix(cron:session): session opened for user root(uid=0) by (uid=0)
Mar 30 06:25:01 management CRON[44528]: pam_unix(cron:session): session closed for user root
Mar 30 07:17:01 management CRON[44566]: pam_unix(cron:session): session opened for user root(uid=0) by (uid=0)
Mar 30 07:17:01 management CRON[44566]: pam_unix(cron:session): session closed for user root
Mar 30 08:17:01 management CRON[44590]: pam_unix(cron:session): session opened for user root(uid=0) by (uid=0)
Mar 30 08:17:01 management CRON[44590]: pam_unix(cron:session): session closed for user root
Mar 30 08:23:42 management sshd[44607]: Accepted password for root from 172.16.0.3 port 44094 ssh2
Mar 30 08:23:42 management sshd[44607]: pam_unix(sshd:session): session opened for user root(uid=0) by (uid=0)
Mar 30 08:23:42 management systemd-logind[822]: New session 45 of user root.
Mar 30 08:23:42 management systemd: pam_unix(systemd-user:session): session opened for user root(uid=0) by (uid=0)
Mar 30 08:41:01 management sshd[44607]: Received disconnect from 172.16.0.3 port 44094:11: disconnected by user
Mar 30 08:41:01 management sshd[44607]: Disconnected from user root 172.16.0.3 port 44094
Mar 30 08:41:01 management sshd[44607]: pam_unix(sshd:session): session closed for user root
Mar 30 08:41:01 management systemd-logind[822]: Session 45 logged out. Waiting for processes to exit.
Mar 30 08:41:01 management systemd-logind[822]: Removed session 45.
Mar 30 08:42:38 management sshd[44745]: Accepted password for root from 172.16.0.3 port 44190 ssh2
Mar 30 08:42:38 management sshd[44745]: pam_unix(sshd:session): session opened for user root(uid=0) by (uid=0)
Mar 30 08:42:38 management systemd-logind[822]: New session 47 of user root.
Mar 30 08:42:38 management systemd: pam_unix(systemd-user:session): session opened for user root(uid=0) by (uid=0)
Mar 30 08:42:56 management sshd[1604]: Received signal 15; terminating.
Mar 30 08:42:57 management sshd[45032]: Server listening on 0.0.0.0 port 22.
Mar 30 08:42:57 management sshd[45032]: Server listening on :: port 22.
Mar 30 08:54:13 management sshd[44745]: Received disconnect from 172.16.0.3 port 44190:11: disconnected by user
Mar 30 08:54:13 management sshd[44745]: Disconnected from user root 172.16.0.3 port 44190
Mar 30 08:54:13 management sshd[44745]: pam_unix(sshd:session): session closed for user root
Mar 30 08:54:13 management systemd-logind[822]: Session 47 logged out. Waiting for processes to exit.
Mar 30 08:54:13 management systemd-logind[822]: Removed session 47.
Mar 30 09:07:07 management sshd[50460]: Accepted password for root from 172.16.0.3 port 44278 ssh2
Mar 30 09:07:07 management sshd[50460]: pam_unix(sshd:session): session opened for user root(uid=0) by (uid=0)
Mar 30 09:07:07 management systemd-logind[822]: New session 49 of user root.
Mar 30 09:07:07 management systemd: pam_unix(systemd-user:session): session opened for user root(uid=0) by (uid=0)
Mar 30 09:07:19 management sshd[50460]: Received disconnect from 172.16.0.3 port 44278:11: disconnected by user
Mar 30 09:07:19 management sshd[50460]: Disconnected from user root 172.16.0.3 port 44278
Mar 30 09:07:19 management sshd[50460]: pam_unix(sshd:session): session closed for user root
Mar 30 09:07:19 management systemd-logind[822]: Session 49 logged out. Waiting for processes to exit.
Mar 30 09:07:19 management systemd-logind[822]: Removed session 49.
Mar 30 09:08:02 management sshd[50694]: pam_unix(sshd:auth): authentication failure; logname= uid=0 euid=0 tty=ssh ruser= rhost=172.16.0.3  user=root
Mar 30 09:08:04 management sshd[50694]: Failed password for root from 172.16.0.3 port 44282 ssh2
Mar 30 09:08:08 management sshd[50694]: Accepted password for root from 172.16.0.3 port 44282 ssh2
Mar 30 09:08:08 management sshd[50694]: pam_unix(sshd:session): session opened for user root(uid=0) by (uid=0)
Mar 30 09:08:08 management systemd-logind[822]: New session 51 of user root.
Mar 30 09:08:08 management systemd: pam_unix(systemd-user:session): session opened for user root(uid=0) by (uid=0)
Mar 30 09:08:08 management sshd[50694]: Received disconnect from 172.16.0.3 port 44282:11: disconnected by user
Mar 30 09:08:08 management sshd[50694]: Disconnected from user root 172.16.0.3 port 44282
Mar 30 09:08:08 management sshd[50694]: pam_unix(sshd:session): session closed for user root
Mar 30 09:08:08 management systemd-logind[822]: Session 51 logged out. Waiting for processes to exit.
Mar 30 09:08:08 management systemd-logind[822]: Removed session 51.
Mar 30 09:08:27 management sshd[50850]: Accepted password for root from 172.16.0.3 port 44286 ssh2
Mar 30 09:08:27 management sshd[50850]: pam_unix(sshd:session): session opened for user root(uid=0) by (uid=0)
Mar 30 09:08:27 management systemd-logind[822]: New session 53 of user root.
Mar 30 09:08:27 management systemd: pam_unix(systemd-user:session): session opened for user root(uid=0) by (uid=0)
Mar 30 09:08:32 management sshd[50850]: Received disconnect from 172.16.0.3 port 44286:11: disconnected by user
Mar 30 09:08:32 management sshd[50850]: Disconnected from user root 172.16.0.3 port 44286
Mar 30 09:08:32 management sshd[50850]: pam_unix(sshd:session): session closed for user root
Mar 30 09:08:32 management systemd-logind[822]: Session 53 logged out. Waiting for processes to exit.
Mar 30 09:08:32 management systemd-logind[822]: Removed session 53.
Mar 30 09:08:42 management sshd[50982]: Accepted password for root from 172.16.0.3 port 44288 ssh2
Mar 30 09:08:42 management sshd[50982]: pam_unix(sshd:session): session opened for user root(uid=0) by (uid=0)
Mar 30 09:08:42 management systemd-logind[822]: New session 55 of user root.
Mar 30 09:08:44 management sshd[50982]: Received disconnect from 172.16.0.3 port 44288:11: disconnected by user
Mar 30 09:08:44 management sshd[50982]: Disconnected from user root 172.16.0.3 port 44288
Mar 30 09:08:44 management sshd[50982]: pam_unix(sshd:session): session closed for user root
Mar 30 09:08:44 management systemd-logind[822]: Session 55 logged out. Waiting for processes to exit.
Mar 30 09:08:44 management systemd-logind[822]: Removed session 55.
Mar 30 09:11:12 management sshd[51505]: Accepted password for root from 172.16.0.3 port 44294 ssh2
Mar 30 09:11:12 management sshd[51505]: pam_unix(sshd:session): session opened for user root(uid=0) by (uid=0)
Mar 30 09:11:12 management systemd-logind[822]: New session 56 of user root.
Mar 30 09:11:12 management systemd: pam_unix(systemd-user:session): session opened for user root(uid=0) by (uid=0)
Mar 30 09:11:19 management sshd[51505]: Received disconnect from 172.16.0.3 port 44294:11: disconnected by user
Mar 30 09:11:19 management sshd[51505]: Disconnected from user root 172.16.0.3 port 44294
Mar 30 09:11:19 management sshd[51505]: pam_unix(sshd:session): session closed for user root
Mar 30 09:11:19 management systemd-logind[822]: Session 56 logged out. Waiting for processes to exit.
Mar 30 09:11:19 management systemd-logind[822]: Removed session 56.
Mar 30 09:11:40 management sshd[51647]: Accepted password for root from 172.16.0.3 port 44298 ssh2
Mar 30 09:11:40 management sshd[51647]: pam_unix(sshd:session): session opened for user root(uid=0) by (uid=0)
Mar 30 09:11:40 management systemd-logind[822]: New session 58 of user root.
Mar 30 09:11:40 management systemd: pam_unix(systemd-user:session): session opened for user root(uid=0) by (uid=0)
Mar 30 09:11:41 management sshd[51647]: Received disconnect from 172.16.0.3 port 44298:11: disconnected by user
Mar 30 09:11:41 management sshd[51647]: Disconnected from user root 172.16.0.3 port 44298
Mar 30 09:11:41 management sshd[51647]: pam_unix(sshd:session): session closed for user root
Mar 30 09:11:41 management systemd-logind[822]: Session 58 logged out. Waiting for processes to exit.
Mar 30 09:11:41 management systemd-logind[822]: Removed session 58.
Mar 30 09:11:47 management sshd[51754]: Accepted password for root from 172.16.0.3 port 44300 ssh2
Mar 30 09:11:47 management sshd[51754]: pam_unix(sshd:session): session opened for user root(uid=0) by (uid=0)
Mar 30 09:11:47 management systemd-logind[822]: New session 60 of user root.
Mar 30 09:12:49 management sshd[51754]: Received disconnect from 172.16.0.3 port 44300:11: disconnected by user
Mar 30 09:12:49 management sshd[51754]: Disconnected from user root 172.16.0.3 port 44300
Mar 30 09:12:49 management sshd[51754]: pam_unix(sshd:session): session closed for user root
Mar 30 09:12:49 management systemd-logind[822]: Session 60 logged out. Waiting for processes to exit.
Mar 30 09:12:49 management systemd-logind[822]: Removed session 60.
Mar 30 09:14:06 management sshd[52268]: Accepted password for root from 172.16.0.3 port 44308 ssh2
Mar 30 09:14:06 management sshd[52268]: pam_unix(sshd:session): session opened for user root(uid=0) by (uid=0)
Mar 30 09:14:07 management systemd-logind[822]: New session 61 of user root.
Mar 30 09:14:07 management systemd: pam_unix(systemd-user:session): session opened for user root(uid=0) by (uid=0)
Mar 30 09:14:07 management sshd[52268]: Received disconnect from 172.16.0.3 port 44308:11: disconnected by user
Mar 30 09:14:07 management sshd[52268]: Disconnected from user root 172.16.0.3 port 44308
Mar 30 09:14:07 management sshd[52268]: pam_unix(sshd:session): session closed for user root
Mar 30 09:14:07 management systemd-logind[822]: Session 61 logged out. Waiting for processes to exit.
Mar 30 09:14:07 management systemd-logind[822]: Removed session 61.
Mar 30 09:14:16 management sshd[52336]: Accepted password for root from 172.16.0.3 port 44312 ssh2
Mar 30 09:14:16 management sshd[52336]: pam_unix(sshd:session): session opened for user root(uid=0) by (uid=0)
Mar 30 09:14:16 management systemd-logind[822]: New session 63 of user root.
Mar 30 09:14:16 management sshd[52336]: Received disconnect from 172.16.0.3 port 44312:11: disconnected by user
Mar 30 09:14:16 management sshd[52336]: Disconnected from user root 172.16.0.3 port 44312
Mar 30 09:14:16 management sshd[52336]: pam_unix(sshd:session): session closed for user root
Mar 30 09:14:16 management systemd-logind[822]: Session 63 logged out. Waiting for processes to exit.
Mar 30 09:14:16 management systemd-logind[822]: Removed session 63.
Mar 30 09:14:22 management sshd[52435]: Accepted password for root from 172.16.0.3 port 44314 ssh2
Mar 30 09:14:22 management sshd[52435]: pam_unix(sshd:session): session opened for user root(uid=0) by (uid=0)
Mar 30 09:14:22 management systemd-logind[822]: New session 64 of user root.
Mar 30 09:14:23 management sshd[52435]: Received disconnect from 172.16.0.3 port 44314:11: disconnected by user
Mar 30 09:14:23 management sshd[52435]: Disconnected from user root 172.16.0.3 port 44314
Mar 30 09:14:23 management sshd[52435]: pam_unix(sshd:session): session closed for user root
Mar 30 09:14:23 management systemd-logind[822]: Session 64 logged out. Waiting for processes to exit.
Mar 30 09:14:23 management systemd-logind[822]: Removed session 64.
Mar 30 09:14:27 management sshd[52486]: Accepted password for root from 172.16.0.3 port 44316 ssh2
Mar 30 09:14:27 management sshd[52486]: pam_unix(sshd:session): session opened for user root(uid=0) by (uid=0)
Mar 30 09:14:27 management systemd-logind[822]: New session 65 of user root.
Mar 30 09:14:28 management sshd[52486]: Received disconnect from 172.16.0.3 port 44316:11: disconnected by user
Mar 30 09:14:28 management sshd[52486]: Disconnected from user root 172.16.0.3 port 44316
Mar 30 09:14:28 management sshd[52486]: pam_unix(sshd:session): session closed for user root
Mar 30 09:14:28 management systemd-logind[822]: Session 65 logged out. Waiting for processes to exit.
Mar 30 09:14:28 management systemd-logind[822]: Removed session 65.
Mar 30 09:17:01 management CRON[53453]: pam_unix(cron:session): session opened for user root(uid=0) by (uid=0)
Mar 30 09:17:01 management CRON[53453]: pam_unix(cron:session): session closed for user root
Mar 30 09:59:17 management sshd[61207]: Accepted password for root from 172.16.0.3 port 44422 ssh2
Mar 30 09:59:17 management sshd[61207]: pam_unix(sshd:session): session opened for user root(uid=0) by (uid=0)
Mar 30 09:59:17 management systemd-logind[822]: New session 67 of user root.
Mar 30 09:59:17 management systemd: pam_unix(systemd-user:session): session opened for user root(uid=0) by (uid=0)
Mar 30 10:17:01 management CRON[61846]: pam_unix(cron:session): session opened for user root(uid=0) by (uid=0)
Mar 30 10:17:01 management CRON[61846]: pam_unix(cron:session): session closed for user root
Mar 30 11:17:01 management CRON[61892]: pam_unix(cron:session): session opened for user root(uid=0) by (uid=0)
Mar 30 11:17:01 management CRON[61892]: pam_unix(cron:session): session closed for user root
Mar 30 11:17:04 management sshd[61890]: Accepted password for root from 172.16.0.3 port 44632 ssh2
Mar 30 11:17:04 management sshd[61890]: pam_unix(sshd:session): session opened for user root(uid=0) by (uid=0)
Mar 30 11:17:04 management systemd-logind[822]: New session 71 of user root.
Mar 30 11:17:07 management sshd[61890]: Received disconnect from 172.16.0.3 port 44632:11: disconnected by user
Mar 30 11:17:07 management sshd[61890]: Disconnected from user root 172.16.0.3 port 44632
Mar 30 11:17:07 management sshd[61890]: pam_unix(sshd:session): session closed for user root
Mar 30 11:17:07 management systemd-logind[822]: Session 71 logged out. Waiting for processes to exit.
Mar 30 11:17:07 management systemd-logind[822]: Removed session 71.
Mar 30 11:25:04 management sshd[61207]: Received disconnect from 172.16.0.3 port 44422:11: disconnected by user
Mar 30 11:25:04 management sshd[61207]: Disconnected from user root 172.16.0.3 port 44422
Mar 30 11:25:04 management sshd[61207]: pam_unix(sshd:session): session closed for user root
Mar 30 11:25:04 management systemd-logind[822]: Session 67 logged out. Waiting for processes to exit.
Mar 30 11:25:04 management systemd-logind[822]: Removed session 67.
Mar 30 12:17:01 management CRON[62025]: pam_unix(cron:session): session opened for user root(uid=0) by (uid=0)
Mar 30 12:17:01 management CRON[62025]: pam_unix(cron:session): session closed for user root
Mar 30 13:17:01 management CRON[62048]: pam_unix(cron:session): session opened for user root(uid=0) by (uid=0)
Mar 30 13:17:01 management CRON[62048]: pam_unix(cron:session): session closed for user root
Mar 30 14:17:01 management CRON[62073]: pam_unix(cron:session): session opened for user root(uid=0) by (uid=0)
Mar 30 14:17:01 management CRON[62073]: pam_unix(cron:session): session closed for user root
Mar 30 15:17:01 management CRON[62147]: pam_unix(cron:session): session opened for user root(uid=0) by (uid=0)
Mar 30 15:17:01 management CRON[62147]: pam_unix(cron:session): session closed for user root
Mar 30 16:17:01 management CRON[62172]: pam_unix(cron:session): session opened for user root(uid=0) by (uid=0)
Mar 30 16:17:01 management CRON[62172]: pam_unix(cron:session): session closed for user root
Mar 30 17:17:01 management CRON[62196]: pam_unix(cron:session): session opened for user root(uid=0) by (uid=0)
Mar 30 17:17:01 management CRON[62196]: pam_unix(cron:session): session closed for user root
Mar 30 18:17:01 management CRON[62221]: pam_unix(cron:session): session opened for user root(uid=0) by (uid=0)
Mar 30 18:17:01 management CRON[62221]: pam_unix(cron:session): session closed for user root
Mar 30 19:17:01 management CRON[62246]: pam_unix(cron:session): session opened for user root(uid=0) by (uid=0)
Mar 30 19:17:01 management CRON[62246]: pam_unix(cron:session): session closed for user root
Mar 30 20:17:01 management CRON[62270]: pam_unix(cron:session): session opened for user root(uid=0) by (uid=0)
Mar 30 20:17:01 management CRON[62270]: pam_unix(cron:session): session closed for user root
Mar 30 21:17:01 management CRON[62305]: pam_unix(cron:session): session opened for user root(uid=0) by (uid=0)
Mar 30 21:17:01 management CRON[62305]: pam_unix(cron:session): session closed for user root
Mar 30 21:33:56 management sshd[62314]: Accepted password for root from 172.16.0.3 port 33718 ssh2
Mar 30 21:33:56 management sshd[62314]: pam_unix(sshd:session): session opened for user root(uid=0) by (uid=0)
Mar 30 21:33:56 management systemd-logind[822]: New session 82 of user root.
Mar 30 21:33:56 management systemd: pam_unix(systemd-user:session): session opened for user root(uid=0) by (uid=0)
