Cloud-init v. 22.4.2-0ubuntu0~22.04.1 running 'init-local' at Tue, 28 Mar 2023 15:36:21 +0000. Up 15.69 seconds.
Cloud-init v. 22.4.2-0ubuntu0~22.04.1 running 'init' at Tue, 28 Mar 2023 15:38:06 +0000. Up 120.65 seconds.
ci-info: +++++++++++++++++++++++++++++++++++++Net device info++++++++++++++++++++++++++++++++++++++
ci-info: +--------+------+-----------------------------+-------------+--------+-------------------+
ci-info: | Device |  Up  |           Address           |     Mask    | Scope  |     Hw-Address    |
ci-info: +--------+------+-----------------------------+-------------+--------+-------------------+
ci-info: | ens160 | True |        192.168.10.66        | 255.255.0.0 | global | 00:0c:29:82:54:85 |
ci-info: | ens160 | True | fe80::20c:29ff:fe82:5485/64 |      .      |  link  | 00:0c:29:82:54:85 |
ci-info: |   lo   | True |          127.0.0.1          |  255.0.0.0  |  host  |         .         |
ci-info: |   lo   | True |           ::1/128           |      .      |  host  |         .         |
ci-info: +--------+------+-----------------------------+-------------+--------+-------------------+
ci-info: ++++++++++++++++++++++++++++++Route IPv4 info++++++++++++++++++++++++++++++
ci-info: +-------+-------------+-------------+-----------------+-----------+-------+
ci-info: | Route | Destination |   Gateway   |     Genmask     | Interface | Flags |
ci-info: +-------+-------------+-------------+-----------------+-----------+-------+
ci-info: |   0   |   0.0.0.0   | 192.168.0.1 |     0.0.0.0     |   ens160  |   UG  |
ci-info: |   1   | 192.168.0.0 |   0.0.0.0   |   255.255.0.0   |   ens160  |   U   |
ci-info: |   2   | 192.168.0.1 |   0.0.0.0   | 255.255.255.255 |   ens160  |   UH  |
ci-info: +-------+-------------+-------------+-----------------+-----------+-------+
ci-info: +++++++++++++++++++Route IPv6 info+++++++++++++++++++
ci-info: +-------+-------------+---------+-----------+-------+
ci-info: | Route | Destination | Gateway | Interface | Flags |
ci-info: +-------+-------------+---------+-----------+-------+
ci-info: |   1   |  fe80::/64  |    ::   |   ens160  |   U   |
ci-info: |   3   |    local    |    ::   |   ens160  |   U   |
ci-info: |   4   |  multicast  |    ::   |   ens160  |   U   |
ci-info: +-------+-------------+---------+-----------+-------+
Generating public/private rsa key pair.
Your identification has been saved in /etc/ssh/ssh_host_rsa_key
Your public key has been saved in /etc/ssh/ssh_host_rsa_key.pub
The key fingerprint is:
SHA256:+MMlOEu8jslQe0UvG6NaT1FCImonP/dkGXRnG0M7euo root@management
The key's randomart image is:
+---[RSA 3072]----+
|    . . o ..*    |
|   . . + . o =   |
|  + .   + . +    |
| . + . + * . .   |
|    + B S + .    |
|   . = % O o     |
|  . . * B .      |
|   o B o o       |
|    = . . E      |
+----[SHA256]-----+
Generating public/private dsa key pair.
Your identification has been saved in /etc/ssh/ssh_host_dsa_key
Your public key has been saved in /etc/ssh/ssh_host_dsa_key.pub
The key fingerprint is:
SHA256:hVaPen7Vjm1ry7bcZoJAQ8ql93/F1qCSbl46qupvRhE root@management
The key's randomart image is:
+---[DSA 1024]----+
|          .      |
|      E  ooo     |
|       oo=o .    |
|      ..+o+   .. |
|       .So.+ ..oo|
|      .  o+ o. +=|
|     .   ..ooo..=|
|      o   ++. =+*|
|   .o=o..+o.  o@+|
+----[SHA256]-----+
Generating public/private ecdsa key pair.
Your identification has been saved in /etc/ssh/ssh_host_ecdsa_key
Your public key has been saved in /etc/ssh/ssh_host_ecdsa_key.pub
The key fingerprint is:
SHA256:xo2qCl80Kv0+DBxQU/cfPzDJkagxJCqlF+uqcKH2VPo root@management
The key's randomart image is:
+---[ECDSA 256]---+
| .=.o.o  ...     |
|.o = oo....o     |
|o.+    +. *      |
| +.   .. + =     |
| .o.o.  S o o    |
| +o+o. o     .   |
|*.+=. .          |
|+=oo+.           |
|. o++E           |
+----[SHA256]-----+
Generating public/private ed25519 key pair.
Your identification has been saved in /etc/ssh/ssh_host_ed25519_key
Your public key has been saved in /etc/ssh/ssh_host_ed25519_key.pub
The key fingerprint is:
SHA256:1KdOhZnZLkQr2KzAFUcU2liMEuyNYc0+lZgu6XIQJOY root@management
The key's randomart image is:
+--[ED25519 256]--+
|.o...+oO*o.      |
|o...=.*X+o B     |
| E +oO+.* O +    |
|  . =.=o o =     |
|   o ...S + .    |
|  . o    o .     |
|   o      .      |
|                 |
|                 |
+----[SHA256]-----+
Cloud-init v. 22.4.2-0ubuntu0~22.04.1 running 'modules:config' at Tue, 28 Mar 2023 23:37:36 +0000. Up 138.94 seconds.
Generating locales (this might take a while)...
  en_US.UTF-8... done
Generation complete.
Cloud-init v. 22.4.2-0ubuntu0~22.04.1 running 'modules:final' at Tue, 28 Mar 2023 23:37:40 +0000. Up 143.81 seconds.
Cloud-init v. 22.4.2-0ubuntu0~22.04.1 finished at Tue, 28 Mar 2023 23:37:41 +0000. Datasource DataSourceNone.  Up 144.05 seconds
2023-03-28 23:37:41,310 - cc_final_message.py[WARNING]: Used fallback datasource
