[2023-03-28T15:36:19.990Z] [ message] [vmsvc] [707] VMware Tools Version: 12.1.0.37487 (build-20219665)
[2023-03-28T15:36:19.990Z] [ message] [vmsvc] [707] Guest OS details: architecture='X86' bitness='64' distroName='Ubuntu 22.04.2 LTS' distroVersion='22.04' familyName='Linux' kernelVersion='5.15.0-60-generic' prettyName='Ubuntu 22.04.2 LTS'
[2023-03-28T15:36:19.990Z] [ message] [vmsvc] [707] Log caching is enabled with maxCacheEntries=4096.
[2023-03-28T15:36:19.990Z] [ message] [vmsvc] [707] Core dump limit set to -1
[2023-03-28T15:36:20.229Z] [ message] [vmsvc] [707] Cannot load message catalog for domain 'hgfsServer', language 'C', catalog dir '/usr/share/open-vm-tools'.
[2023-03-28T15:36:20.229Z] [ message] [vmtoolsd] [707] Plugin 'hgfsServer' initialized.
[2023-03-28T15:36:20.229Z] [ message] [vix] [707] QueryVGAuthConfig: vgauth usage is: 1
[2023-03-28T15:36:20.229Z] [ message] [vmsvc] [707] Cannot load message catalog for domain 'vix', language 'C', catalog dir '/usr/share/open-vm-tools'.
[2023-03-28T15:36:20.229Z] [ message] [vmtoolsd] [707] Plugin 'vix' initialized.
[2023-03-28T15:36:20.229Z] [ message] [vmsvc] [707] Cannot load message catalog for domain 'appInfo', language 'C', catalog dir '/usr/share/open-vm-tools'.
[2023-03-28T15:36:20.229Z] [ message] [vmtoolsd] [707] Plugin 'appInfo' initialized.
[2023-03-28T15:36:20.229Z] [ message] [vmsvc] [707] Cannot load message catalog for domain 'componentMgr', language 'C', catalog dir '/usr/share/open-vm-tools'.
[2023-03-28T15:36:20.229Z] [ message] [vmtoolsd] [707] Plugin 'componentMgr' initialized.
[2023-03-28T15:36:20.229Z] [ message] [vmsvc] [707] Cannot load message catalog for domain 'deployPkg', language 'C', catalog dir '/usr/share/open-vm-tools'.
[2023-03-28T15:36:20.229Z] [ message] [vmtoolsd] [707] Plugin 'deployPkg' initialized.
[2023-03-28T15:36:20.229Z] [ message] [vmsvc] [707] Cannot load message catalog for domain 'guestInfo', language 'C', catalog dir '/usr/share/open-vm-tools'.
[2023-03-28T15:36:20.229Z] [ message] [vmtoolsd] [707] Plugin 'guestInfo' initialized.
[2023-03-28T15:36:20.229Z] [ message] [vmsvc] [707] Cannot load message catalog for domain 'powerops', language 'C', catalog dir '/usr/share/open-vm-tools'.
[2023-03-28T15:36:20.229Z] [ message] [vmtoolsd] [707] Plugin 'powerops' initialized.
[2023-03-28T15:36:20.229Z] [ message] [resolutionCommon] [707] resolutionCheckForKMS: dlopen succeeded.
[2023-03-28T15:36:20.237Z] [ message] [resolutionCommon] [707] resolutionCheckForKMS: System support available for resolutionKMS.
[2023-03-28T15:36:20.237Z] [ message] [vmsvc] [707] Cannot load message catalog for domain 'resolutionKMS', language 'C', catalog dir '/usr/share/open-vm-tools'.
[2023-03-28T15:36:20.237Z] [ message] [vmtoolsd] [707] Plugin 'resolutionKMS' initialized.
[2023-03-28T15:36:20.237Z] [ message] [vmsvc] [707] Cannot load message catalog for domain 'timeSync', language 'C', catalog dir '/usr/share/open-vm-tools'.
[2023-03-28T15:36:20.237Z] [ message] [vmtoolsd] [707] Plugin 'timeSync' initialized.
[2023-03-28T15:36:20.237Z] [ message] [vmsvc] [707] Cannot load message catalog for domain 'vmbackup', language 'C', catalog dir '/usr/share/open-vm-tools'.
[2023-03-28T15:36:20.237Z] [ message] [vmtoolsd] [707] Plugin 'vmbackup' initialized.
[2023-03-28T15:36:20.248Z] [ message] [vix] [707] VixTools_ProcessVixCommand: command 62
[2023-03-28T23:37:31.337Z] [ warning] [guestinfo] [707] *** WARNING: GuestInfo collection interval longer than expected; actual=28781 sec, expected=30 sec. ***
[2023-03-28T23:38:59.734Z] [ message] [vix] [707] VixTools_ProcessVixCommand: command 62
[2023-03-28T23:38:59.781Z] [ message] [vix] [707] ToolsDaemonTcloReceiveVixCommand: command 62, additionalError = 17
[2023-03-28T23:42:55.260Z] [ message] [vix] [707] VixTools_ProcessVixCommand: command 62
[2023-03-28T23:42:55.261Z] [ message] [vix] [707] ToolsDaemonTcloReceiveVixCommand: command 62, additionalError = 17
[2023-03-28T23:42:55.261Z] [ message] [vmsvc] [707] Executing script for state change 'OS_Resume'.
[2023-03-28T23:42:55.261Z] [ message] [powerops] [707] Executing script: '/etc/vmware-tools/resume-vm-default'
[2023-03-28T23:42:55.786Z] [ message] [vmsvc] [707] Script exit code: 0, success = 1
[2023-03-29T00:02:48.181Z] [ warning] [guestinfo] [707] *** WARNING: GuestInfo collection interval longer than expected; actual=1074 sec, expected=30 sec. ***
[2023-03-30T08:42:56.979Z] [ warning] [GLib-GObject] [707] g_object_get_is_valid_property: object class 'ToolsCoreService' has no property named 'tps_prop_gueststore'
[2023-03-30T08:42:57.061Z] [ message] [vmtoolsd] [707] Unloading plugin 'vmbackup'.
[2023-03-30T08:42:57.080Z] [ message] [vmtoolsd] [707] Unloading plugin 'timeSync'.
[2023-03-30T08:42:57.080Z] [ message] [vmtoolsd] [707] Unloading plugin 'resolutionKMS'.
[2023-03-30T08:42:57.080Z] [ message] [vmtoolsd] [707] Unloading plugin 'powerops'.
[2023-03-30T08:42:57.080Z] [ message] [vmtoolsd] [707] Unloading plugin 'guestInfo'.
[2023-03-30T08:42:57.088Z] [ message] [vmtoolsd] [707] Unloading plugin 'deployPkg'.
[2023-03-30T08:42:57.088Z] [ message] [vmtoolsd] [707] Unloading plugin 'componentMgr'.
[2023-03-30T08:42:57.088Z] [ message] [vmtoolsd] [707] Unloading plugin 'appInfo'.
[2023-03-30T08:42:57.088Z] [ message] [vmtoolsd] [707] Unloading plugin 'vix'.
[2023-03-30T08:42:57.088Z] [ message] [vmtoolsd] [707] Unloading plugin 'hgfsServer'.
