[2023-03-30T01:30:00,001][INFO ][o.e.x.s.SnapshotRetentionTask] [management] starting SLM retention snapshot cleanup task
[2023-03-30T01:30:00,075][INFO ][o.e.x.s.SnapshotRetentionTask] [management] there are no repositories to fetch, SLM retention snapshot cleanup task complete
[2023-03-30T02:07:00,002][INFO ][o.e.x.m.MlDailyMaintenanceService] [management] triggering scheduled [ML] maintenance tasks
[2023-03-30T02:07:00,051][INFO ][o.e.x.m.a.TransportDeleteExpiredDataAction] [management] Deleting expired data
[2023-03-30T02:07:00,162][INFO ][o.e.x.m.j.r.UnusedStatsRemover] [management] Successfully deleted [0] unused stats documents
[2023-03-30T02:07:00,162][INFO ][o.e.x.m.a.TransportDeleteExpiredDataAction] [management] Completed deletion of expired ML data
[2023-03-30T02:07:00,163][INFO ][o.e.x.m.MlDailyMaintenanceService] [management] Successfully completed [ML] maintenance task: triggerDeleteExpiredDataTask
[2023-03-30T08:42:56,930][INFO ][o.e.n.Node               ] [management] stopping ...
[2023-03-30T08:42:57,052][INFO ][o.e.x.w.WatcherService   ] [management] stopping watch service, reason [shutdown initiated]
[2023-03-30T08:42:57,053][INFO ][o.e.x.w.WatcherLifeCycleService] [management] watcher has stopped and shutdown
[2023-03-30T08:42:57,407][INFO ][o.e.x.m.p.l.CppLogMessageHandler] [management] [controller/6125] [Main.cc@174] ML controller exiting
[2023-03-30T08:42:57,449][INFO ][o.e.x.m.p.NativeController] [management] Native controller process has stopped - no new native processes can be started
[2023-03-30T08:42:57,709][INFO ][o.e.n.Node               ] [management] stopped
[2023-03-30T08:42:57,711][INFO ][o.e.n.Node               ] [management] closing ...
[2023-03-30T08:42:57,854][INFO ][o.e.i.g.DatabaseReaderLazyLoader] [management] evicted [0] entries from cache after reloading database [/tmp/elasticsearch-5100628323597918261/geoip-databases/hcowcO7NQRWNwfIZkE6AYw/GeoLite2-Country.mmdb]
[2023-03-30T08:42:57,855][INFO ][o.e.i.g.DatabaseReaderLazyLoader] [management] evicted [0] entries from cache after reloading database [/tmp/elasticsearch-5100628323597918261/geoip-databases/hcowcO7NQRWNwfIZkE6AYw/GeoLite2-ASN.mmdb]
[2023-03-30T08:42:57,856][INFO ][o.e.i.g.DatabaseReaderLazyLoader] [management] evicted [0] entries from cache after reloading database [/tmp/elasticsearch-5100628323597918261/geoip-databases/hcowcO7NQRWNwfIZkE6AYw/GeoLite2-City.mmdb]
[2023-03-30T08:42:57,931][INFO ][o.e.n.Node               ] [management] closed
[2023-03-30T08:43:16,754][INFO ][o.e.n.Node               ] [management] version[7.17.1], pid[45078], build[default/deb/e5acb99f822233d62d6444ce45a4543dc1c8059a/2022-02-23T22:20:54.153567231Z], OS[Linux/5.15.0-60-generic/amd64], JVM[Eclipse Adoptium/OpenJDK 64-Bit Server VM/17.0.2/17.0.2+8]
[2023-03-30T08:43:16,769][INFO ][o.e.n.Node               ] [management] JVM home [/usr/share/elasticsearch/jdk], using bundled JDK [true]
[2023-03-30T08:43:16,770][INFO ][o.e.n.Node               ] [management] JVM arguments [-Xshare:auto, -Des.networkaddress.cache.ttl=60, -Des.networkaddress.cache.negative.ttl=10, -XX:+AlwaysPreTouch, -Xss1m, -Djava.awt.headless=true, -Dfile.encoding=UTF-8, -Djna.nosys=true, -XX:-OmitStackTraceInFastThrow, -XX:+ShowCodeDetailsInExceptionMessages, -Dio.netty.noUnsafe=true, -Dio.netty.noKeySetOptimization=true, -Dio.netty.recycler.maxCapacityPerThread=0, -Dio.netty.allocator.numDirectArenas=0, -Dlog4j.shutdownHookEnabled=false, -Dlog4j2.disable.jmx=true, -Dlog4j2.formatMsgNoLookups=true, -Djava.locale.providers=SPI,COMPAT, --add-opens=java.base/java.io=ALL-UNNAMED, -XX:+UseG1GC, -Djava.io.tmpdir=/tmp/elasticsearch-15680876672841998435, -XX:+HeapDumpOnOutOfMemoryError, -XX:+ExitOnOutOfMemoryError, -XX:HeapDumpPath=/var/lib/elasticsearch, -XX:ErrorFile=/var/log/elasticsearch/hs_err_pid%p.log, -Xlog:gc*,gc+age=trace,safepoint:file=/var/log/elasticsearch/gc.log:utctime,pid,tags:filecount=32,filesize=64m, -Xms1962m, -Xmx1962m, -XX:MaxDirectMemorySize=1028653056, -XX:G1HeapRegionSize=4m, -XX:InitiatingHeapOccupancyPercent=30, -XX:G1ReservePercent=15, -Des.path.home=/usr/share/elasticsearch, -Des.path.conf=/etc/elasticsearch, -Des.distribution.flavor=default, -Des.distribution.type=deb, -Des.bundled_jdk=true]
[2023-03-30T08:43:23,173][INFO ][o.e.p.PluginsService     ] [management] loaded module [aggs-matrix-stats]
[2023-03-30T08:43:23,174][INFO ][o.e.p.PluginsService     ] [management] loaded module [analysis-common]
[2023-03-30T08:43:23,174][INFO ][o.e.p.PluginsService     ] [management] loaded module [constant-keyword]
[2023-03-30T08:43:23,178][INFO ][o.e.p.PluginsService     ] [management] loaded module [frozen-indices]
[2023-03-30T08:43:23,180][INFO ][o.e.p.PluginsService     ] [management] loaded module [ingest-common]
[2023-03-30T08:43:23,180][INFO ][o.e.p.PluginsService     ] [management] loaded module [ingest-geoip]
[2023-03-30T08:43:23,181][INFO ][o.e.p.PluginsService     ] [management] loaded module [ingest-user-agent]
[2023-03-30T08:43:23,181][INFO ][o.e.p.PluginsService     ] [management] loaded module [kibana]
[2023-03-30T08:43:23,181][INFO ][o.e.p.PluginsService     ] [management] loaded module [lang-expression]
[2023-03-30T08:43:23,182][INFO ][o.e.p.PluginsService     ] [management] loaded module [lang-mustache]
[2023-03-30T08:43:23,182][INFO ][o.e.p.PluginsService     ] [management] loaded module [lang-painless]
[2023-03-30T08:43:23,189][INFO ][o.e.p.PluginsService     ] [management] loaded module [legacy-geo]
[2023-03-30T08:43:23,190][INFO ][o.e.p.PluginsService     ] [management] loaded module [mapper-extras]
[2023-03-30T08:43:23,191][INFO ][o.e.p.PluginsService     ] [management] loaded module [mapper-version]
[2023-03-30T08:43:23,191][INFO ][o.e.p.PluginsService     ] [management] loaded module [parent-join]
[2023-03-30T08:43:23,191][INFO ][o.e.p.PluginsService     ] [management] loaded module [percolator]
[2023-03-30T08:43:23,192][INFO ][o.e.p.PluginsService     ] [management] loaded module [rank-eval]
[2023-03-30T08:43:23,192][INFO ][o.e.p.PluginsService     ] [management] loaded module [reindex]
[2023-03-30T08:43:23,192][INFO ][o.e.p.PluginsService     ] [management] loaded module [repositories-metering-api]
[2023-03-30T08:43:23,193][INFO ][o.e.p.PluginsService     ] [management] loaded module [repository-encrypted]
[2023-03-30T08:43:23,193][INFO ][o.e.p.PluginsService     ] [management] loaded module [repository-url]
[2023-03-30T08:43:23,193][INFO ][o.e.p.PluginsService     ] [management] loaded module [runtime-fields-common]
[2023-03-30T08:43:23,194][INFO ][o.e.p.PluginsService     ] [management] loaded module [search-business-rules]
[2023-03-30T08:43:23,194][INFO ][o.e.p.PluginsService     ] [management] loaded module [searchable-snapshots]
[2023-03-30T08:43:23,195][INFO ][o.e.p.PluginsService     ] [management] loaded module [snapshot-repo-test-kit]
[2023-03-30T08:43:23,195][INFO ][o.e.p.PluginsService     ] [management] loaded module [spatial]
[2023-03-30T08:43:23,196][INFO ][o.e.p.PluginsService     ] [management] loaded module [systemd]
[2023-03-30T08:43:23,196][INFO ][o.e.p.PluginsService     ] [management] loaded module [transform]
[2023-03-30T08:43:23,196][INFO ][o.e.p.PluginsService     ] [management] loaded module [transport-netty4]
[2023-03-30T08:43:23,198][INFO ][o.e.p.PluginsService     ] [management] loaded module [unsigned-long]
[2023-03-30T08:43:23,198][INFO ][o.e.p.PluginsService     ] [management] loaded module [vector-tile]
[2023-03-30T08:43:23,198][INFO ][o.e.p.PluginsService     ] [management] loaded module [vectors]
[2023-03-30T08:43:23,199][INFO ][o.e.p.PluginsService     ] [management] loaded module [wildcard]
[2023-03-30T08:43:23,199][INFO ][o.e.p.PluginsService     ] [management] loaded module [x-pack-aggregate-metric]
[2023-03-30T08:43:23,199][INFO ][o.e.p.PluginsService     ] [management] loaded module [x-pack-analytics]
[2023-03-30T08:43:23,205][INFO ][o.e.p.PluginsService     ] [management] loaded module [x-pack-async]
[2023-03-30T08:43:23,205][INFO ][o.e.p.PluginsService     ] [management] loaded module [x-pack-async-search]
[2023-03-30T08:43:23,206][INFO ][o.e.p.PluginsService     ] [management] loaded module [x-pack-autoscaling]
[2023-03-30T08:43:23,206][INFO ][o.e.p.PluginsService     ] [management] loaded module [x-pack-ccr]
[2023-03-30T08:43:23,207][INFO ][o.e.p.PluginsService     ] [management] loaded module [x-pack-core]
[2023-03-30T08:43:23,208][INFO ][o.e.p.PluginsService     ] [management] loaded module [x-pack-data-streams]
[2023-03-30T08:43:23,208][INFO ][o.e.p.PluginsService     ] [management] loaded module [x-pack-deprecation]
[2023-03-30T08:43:23,208][INFO ][o.e.p.PluginsService     ] [management] loaded module [x-pack-enrich]
[2023-03-30T08:43:23,209][INFO ][o.e.p.PluginsService     ] [management] loaded module [x-pack-eql]
[2023-03-30T08:43:23,209][INFO ][o.e.p.PluginsService     ] [management] loaded module [x-pack-fleet]
[2023-03-30T08:43:23,209][INFO ][o.e.p.PluginsService     ] [management] loaded module [x-pack-graph]
[2023-03-30T08:43:23,210][INFO ][o.e.p.PluginsService     ] [management] loaded module [x-pack-identity-provider]
[2023-03-30T08:43:23,211][INFO ][o.e.p.PluginsService     ] [management] loaded module [x-pack-ilm]
[2023-03-30T08:43:23,211][INFO ][o.e.p.PluginsService     ] [management] loaded module [x-pack-logstash]
[2023-03-30T08:43:23,212][INFO ][o.e.p.PluginsService     ] [management] loaded module [x-pack-ml]
[2023-03-30T08:43:23,212][INFO ][o.e.p.PluginsService     ] [management] loaded module [x-pack-monitoring]
[2023-03-30T08:43:23,213][INFO ][o.e.p.PluginsService     ] [management] loaded module [x-pack-ql]
[2023-03-30T08:43:23,214][INFO ][o.e.p.PluginsService     ] [management] loaded module [x-pack-rollup]
[2023-03-30T08:43:23,215][INFO ][o.e.p.PluginsService     ] [management] loaded module [x-pack-security]
[2023-03-30T08:43:23,218][INFO ][o.e.p.PluginsService     ] [management] loaded module [x-pack-shutdown]
[2023-03-30T08:43:23,218][INFO ][o.e.p.PluginsService     ] [management] loaded module [x-pack-sql]
[2023-03-30T08:43:23,218][INFO ][o.e.p.PluginsService     ] [management] loaded module [x-pack-stack]
[2023-03-30T08:43:23,219][INFO ][o.e.p.PluginsService     ] [management] loaded module [x-pack-text-structure]
[2023-03-30T08:43:23,220][INFO ][o.e.p.PluginsService     ] [management] loaded module [x-pack-voting-only-node]
[2023-03-30T08:43:23,220][INFO ][o.e.p.PluginsService     ] [management] loaded module [x-pack-watcher]
[2023-03-30T08:43:23,221][INFO ][o.e.p.PluginsService     ] [management] no plugins loaded
[2023-03-30T08:43:23,326][INFO ][o.e.e.NodeEnvironment    ] [management] using [1] data paths, mounts [[/ (/dev/mapper/ubuntu--vg-ubuntu--lv)]], net usable_space [4.3gb], net total_space [14.6gb], types [ext4]
[2023-03-30T08:43:23,330][INFO ][o.e.e.NodeEnvironment    ] [management] heap size [1.9gb], compressed ordinary object pointers [true]
[2023-03-30T08:43:23,563][INFO ][o.e.n.Node               ] [management] node name [management], node ID [hcowcO7NQRWNwfIZkE6AYw], cluster name [graylog], roles [transform, data_frozen, master, remote_cluster_client, data, ml, data_content, data_hot, data_warm, data_cold, ingest]
[2023-03-30T08:43:37,083][INFO ][o.e.x.m.p.l.CppLogMessageHandler] [management] [controller/45336] [Main.cc@122] controller (64 bit): Version 7.17.1 (Build 6d8a28b39bf223) Copyright (c) 2022 Elasticsearch BV
[2023-03-30T08:43:38,525][INFO ][o.e.x.s.a.s.FileRolesStore] [management] parsed [0] roles from file [/etc/elasticsearch/roles.yml]
[2023-03-30T08:43:39,979][INFO ][o.e.i.g.ConfigDatabases  ] [management] initialized default databases [[GeoLite2-Country.mmdb, GeoLite2-City.mmdb, GeoLite2-ASN.mmdb]], config databases [[]] and watching [/etc/elasticsearch/ingest-geoip] for changes
[2023-03-30T08:43:39,980][INFO ][o.e.i.g.DatabaseNodeService] [management] initialized database registry, using geoip-databases directory [/tmp/elasticsearch-15680876672841998435/geoip-databases/hcowcO7NQRWNwfIZkE6AYw]
[2023-03-30T08:43:41,544][INFO ][o.e.t.NettyAllocator     ] [management] creating NettyAllocator with the following configs: [name=elasticsearch_configured, chunk_size=1mb, suggested_max_allocation_size=1mb, factors={es.unsafe.use_netty_default_chunk_and_page_size=false, g1gc_enabled=true, g1gc_region_size=4mb}]
[2023-03-30T08:43:41,624][INFO ][o.e.i.r.RecoverySettings ] [management] using rate limit [40mb] with [default=40mb, read=0b, write=0b, max=0b]
[2023-03-30T08:43:41,746][INFO ][o.e.d.DiscoveryModule    ] [management] using discovery type [zen] and seed hosts providers [settings]
[2023-03-30T08:43:42,935][INFO ][o.e.g.DanglingIndicesState] [management] gateway.auto_import_dangling_indices is disabled, dangling indices will not be automatically detected or imported and must be managed manually
[2023-03-30T08:43:44,278][INFO ][o.e.n.Node               ] [management] initialized
[2023-03-30T08:43:44,278][INFO ][o.e.n.Node               ] [management] starting ...
[2023-03-30T08:43:44,304][INFO ][o.e.x.s.c.f.PersistentCache] [management] persistent cache index loaded
[2023-03-30T08:43:44,305][INFO ][o.e.x.d.l.DeprecationIndexingComponent] [management] deprecation component started
[2023-03-30T08:43:44,613][INFO ][o.e.t.TransportService   ] [management] publish_address {127.0.0.1:9300}, bound_addresses {127.0.0.1:9300}
[2023-03-30T08:43:45,752][WARN ][o.e.b.BootstrapChecks    ] [management] the default discovery settings are unsuitable for production use; at least one of [discovery.seed_hosts, discovery.seed_providers, cluster.initial_master_nodes] must be configured
[2023-03-30T08:43:45,754][INFO ][o.e.c.c.Coordinator      ] [management] cluster UUID [AUKjF-EmRrC9Ze8RzmzkTA]
[2023-03-30T08:43:45,779][INFO ][o.e.c.c.ClusterBootstrapService] [management] no discovery configuration found, will perform best-effort cluster bootstrapping after [3s] unless existing master is discovered
[2023-03-30T08:43:45,971][INFO ][o.e.c.s.MasterService    ] [management] elected-as-master ([1] nodes joined)[{management}{hcowcO7NQRWNwfIZkE6AYw}{kSPcRl0ISkiGTsxcOLJYHg}{127.0.0.1}{127.0.0.1:9300}{cdfhilmrstw} elect leader, _BECOME_MASTER_TASK_, _FINISH_ELECTION_], term: 2, version: 75, delta: master node changed {previous [], current [{management}{hcowcO7NQRWNwfIZkE6AYw}{kSPcRl0ISkiGTsxcOLJYHg}{127.0.0.1}{127.0.0.1:9300}{cdfhilmrstw}]}
[2023-03-30T08:43:46,127][INFO ][o.e.c.s.ClusterApplierService] [management] master node changed {previous [], current [{management}{hcowcO7NQRWNwfIZkE6AYw}{kSPcRl0ISkiGTsxcOLJYHg}{127.0.0.1}{127.0.0.1:9300}{cdfhilmrstw}]}, term: 2, version: 75, reason: Publication{term=2, version=75}
[2023-03-30T08:43:46,246][INFO ][o.e.h.AbstractHttpServerTransport] [management] publish_address {127.0.0.1:9200}, bound_addresses {127.0.0.1:9200}
[2023-03-30T08:43:46,248][INFO ][o.e.n.Node               ] [management] started
[2023-03-30T08:43:47,710][INFO ][o.e.l.LicenseService     ] [management] license [438a91ab-b062-4c9d-bedb-b92aa50dc376] mode [basic] - valid
[2023-03-30T08:43:47,718][INFO ][o.e.x.s.s.SecurityStatusChangeListener] [management] Active license is now [BASIC]; Security is disabled
[2023-03-30T08:43:47,718][WARN ][o.e.x.s.s.SecurityStatusChangeListener] [management] Elasticsearch built-in security features are not enabled. Without authentication, your cluster could be accessible to anyone. See https://www.elastic.co/guide/en/elasticsearch/reference/7.17/security-minimal-setup.html to enable security.
[2023-03-30T08:43:47,761][INFO ][o.e.g.GatewayService     ] [management] recovered [6] indices into cluster_state
[2023-03-30T08:43:49,655][INFO ][o.e.i.g.GeoIpDownloader  ] [management] updating geoip databases
[2023-03-30T08:43:49,655][INFO ][o.e.i.g.GeoIpDownloader  ] [management] fetching geoip databases overview from [https://geoip.elastic.co/v1/database?elastic_geoip_service_tos=agree]
[2023-03-30T08:43:50,128][INFO ][o.e.i.g.DatabaseNodeService] [management] downloading geoip database [GeoLite2-Country.mmdb] to [/tmp/elasticsearch-15680876672841998435/geoip-databases/hcowcO7NQRWNwfIZkE6AYw/GeoLite2-Country.mmdb.tmp.gz]
[2023-03-30T08:43:50,158][INFO ][o.e.i.g.DatabaseNodeService] [management] downloading geoip database [GeoLite2-ASN.mmdb] to [/tmp/elasticsearch-15680876672841998435/geoip-databases/hcowcO7NQRWNwfIZkE6AYw/GeoLite2-ASN.mmdb.tmp.gz]
[2023-03-30T08:43:50,175][INFO ][o.e.i.g.DatabaseNodeService] [management] downloading geoip database [GeoLite2-City.mmdb] to [/tmp/elasticsearch-15680876672841998435/geoip-databases/hcowcO7NQRWNwfIZkE6AYw/GeoLite2-City.mmdb.tmp.gz]
[2023-03-30T08:43:51,693][INFO ][o.e.i.g.GeoIpDownloader  ] [management] updating geoip database [GeoLite2-ASN.mmdb]
[2023-03-30T08:43:53,203][INFO ][o.e.c.r.a.AllocationService] [management] Cluster health status changed from [RED] to [GREEN] (reason: [shards started [[graylog_0][1], [.ds-ilm-history-5-2023.03.29-000001][0], [.ds-.logs-deprecation.elasticsearch-default-2023.03.29-000001][0]]]).
[2023-03-30T08:43:53,600][INFO ][o.e.i.g.DatabaseNodeService] [management] successfully reloaded changed geoip database file [/tmp/elasticsearch-15680876672841998435/geoip-databases/hcowcO7NQRWNwfIZkE6AYw/GeoLite2-Country.mmdb]
[2023-03-30T08:43:53,986][INFO ][o.e.i.g.DatabaseNodeService] [management] successfully reloaded changed geoip database file [/tmp/elasticsearch-15680876672841998435/geoip-databases/hcowcO7NQRWNwfIZkE6AYw/GeoLite2-ASN.mmdb]
[2023-03-30T08:43:55,944][INFO ][o.e.i.g.DatabaseNodeService] [management] downloading geoip database [GeoLite2-ASN.mmdb] to [/tmp/elasticsearch-15680876672841998435/geoip-databases/hcowcO7NQRWNwfIZkE6AYw/GeoLite2-ASN.mmdb.tmp.gz]
[2023-03-30T08:43:56,038][INFO ][o.e.i.g.GeoIpDownloader  ] [management] updated geoip database [GeoLite2-ASN.mmdb]
[2023-03-30T08:43:56,109][INFO ][o.e.i.g.GeoIpDownloader  ] [management] updating geoip database [GeoLite2-City.mmdb]
[2023-03-30T08:43:56,625][INFO ][o.e.i.g.DatabaseReaderLazyLoader] [management] evicted [0] entries from cache after reloading database [/tmp/elasticsearch-15680876672841998435/geoip-databases/hcowcO7NQRWNwfIZkE6AYw/GeoLite2-ASN.mmdb]
[2023-03-30T08:43:56,626][INFO ][o.e.i.g.DatabaseNodeService] [management] successfully reloaded changed geoip database file [/tmp/elasticsearch-15680876672841998435/geoip-databases/hcowcO7NQRWNwfIZkE6AYw/GeoLite2-ASN.mmdb]
[2023-03-30T08:43:57,955][INFO ][o.e.i.g.DatabaseNodeService] [management] successfully reloaded changed geoip database file [/tmp/elasticsearch-15680876672841998435/geoip-databases/hcowcO7NQRWNwfIZkE6AYw/GeoLite2-City.mmdb]
[2023-03-30T08:44:01,705][INFO ][o.e.i.g.DatabaseNodeService] [management] downloading geoip database [GeoLite2-City.mmdb] to [/tmp/elasticsearch-15680876672841998435/geoip-databases/hcowcO7NQRWNwfIZkE6AYw/GeoLite2-City.mmdb.tmp.gz]
[2023-03-30T08:44:01,773][INFO ][o.e.i.g.GeoIpDownloader  ] [management] updated geoip database [GeoLite2-City.mmdb]
[2023-03-30T08:44:01,777][INFO ][o.e.i.g.GeoIpDownloader  ] [management] updating geoip database [GeoLite2-Country.mmdb]
[2023-03-30T08:44:04,205][INFO ][o.e.i.g.DatabaseNodeService] [management] downloading geoip database [GeoLite2-Country.mmdb] to [/tmp/elasticsearch-15680876672841998435/geoip-databases/hcowcO7NQRWNwfIZkE6AYw/GeoLite2-Country.mmdb.tmp.gz]
[2023-03-30T08:44:04,365][INFO ][o.e.i.g.GeoIpDownloader  ] [management] updated geoip database [GeoLite2-Country.mmdb]
[2023-03-30T08:44:04,832][INFO ][o.e.i.g.DatabaseReaderLazyLoader] [management] evicted [0] entries from cache after reloading database [/tmp/elasticsearch-15680876672841998435/geoip-databases/hcowcO7NQRWNwfIZkE6AYw/GeoLite2-Country.mmdb]
[2023-03-30T08:44:04,838][INFO ][o.e.i.g.DatabaseNodeService] [management] successfully reloaded changed geoip database file [/tmp/elasticsearch-15680876672841998435/geoip-databases/hcowcO7NQRWNwfIZkE6AYw/GeoLite2-Country.mmdb]
[2023-03-30T08:44:06,479][INFO ][o.e.i.g.DatabaseReaderLazyLoader] [management] evicted [0] entries from cache after reloading database [/tmp/elasticsearch-15680876672841998435/geoip-databases/hcowcO7NQRWNwfIZkE6AYw/GeoLite2-City.mmdb]
[2023-03-30T08:44:06,486][INFO ][o.e.i.g.DatabaseNodeService] [management] successfully reloaded changed geoip database file [/tmp/elasticsearch-15680876672841998435/geoip-databases/hcowcO7NQRWNwfIZkE6AYw/GeoLite2-City.mmdb]
