
---- [[ subiquity step initial ]] ----
curtin: Installation started. (22.1-29-gc56c51aae)
curtin: Installation finished.

---- [[ subiquity step partitioning ]] ----
curtin: Installation started. (22.1-29-gc56c51aae)
start: cmd-install/stage-partitioning/builtin/cmd-block-meta: curtin command block-meta
get_path_to_storage_volume for volume disk-sda({'ptable': 'gpt', 'path': '/dev/sda', 'wipe': 'superblock-recursive', 'preserve': False, 'name': '', 'grub_device': True, 'type': 'disk', 'id': 'disk-sda'})
Running command ['udevadm', 'info', '--query=property', '--export', '/dev/sda'] with allowed return codes [0] (capture=True)
/dev/sda is multipath device member? False
Running command ['partprobe', '/dev/sda'] with allowed return codes [0, 1] (capture=False)
Running command ['udevadm', 'settle'] with allowed return codes [0] (capture=False)
TIMED udevadm_settle(): 0.105
devsync happy - path /dev/sda now exists
return volume path /dev/sda
get_path_to_storage_volume for volume partition-1({'device': 'disk-sda', 'size': 2147483648, 'wipe': 'superblock', 'number': 2, 'preserve': False, 'grub_device': False, 'offset': 2097152, 'type': 'partition', 'id': 'partition-1'})
get_path_to_storage_volume for volume disk-sda({'ptable': 'gpt', 'path': '/dev/sda', 'wipe': 'superblock-recursive', 'preserve': False, 'name': '', 'grub_device': True, 'type': 'disk', 'id': 'disk-sda'})
Running command ['udevadm', 'info', '--query=property', '--export', '/dev/sda'] with allowed return codes [0] (capture=True)
/dev/sda is multipath device member? False
Running command ['partprobe', '/dev/sda'] with allowed return codes [0, 1] (capture=False)
Running command ['udevadm', 'settle'] with allowed return codes [0] (capture=False)
TIMED udevadm_settle(): 0.061
devsync happy - path /dev/sda now exists
return volume path /dev/sda
get_path_to_storage_volume for volume partition-2({'device': 'disk-sda', 'size': 32209108992, 'wipe': 'superblock', 'number': 3, 'preserve': False, 'grub_device': False, 'offset': 2149580800, 'type': 'partition', 'id': 'partition-2'})
get_path_to_storage_volume for volume disk-sda({'ptable': 'gpt', 'path': '/dev/sda', 'wipe': 'superblock-recursive', 'preserve': False, 'name': '', 'grub_device': True, 'type': 'disk', 'id': 'disk-sda'})
Running command ['udevadm', 'info', '--query=property', '--export', '/dev/sda'] with allowed return codes [0] (capture=True)
/dev/sda is multipath device member? False
Running command ['partprobe', '/dev/sda'] with allowed return codes [0, 1] (capture=False)
Running command ['udevadm', 'settle'] with allowed return codes [0] (capture=False)
TIMED udevadm_settle(): 0.057
devsync happy - path /dev/sda now exists
return volume path /dev/sda
block-meta: extracted devices to clear: ['/dev/sda']
Declared block devices: ['/dev/sda']
clearing devices=['/dev/sda']
start: cmd-install/stage-partitioning/builtin/cmd-block-meta/clear-holders: removing previous storage devices
Running command ['mdadm', '--assemble', '--scan', '-v'] with allowed return codes [0, 1, 2] (capture=True)
mdadm assemble scan results:

mdadm: looking for devices for further assembly
mdadm: no recogniseable superblock on /dev/loop8
mdadm: no recogniseable superblock on /dev/loop9
mdadm: no recogniseable superblock on /dev/sr0
mdadm: no recogniseable superblock on /dev/sda
mdadm: no recogniseable superblock on /dev/loop7
mdadm: no recogniseable superblock on /dev/loop6
mdadm: no recogniseable superblock on /dev/loop5
mdadm: no recogniseable superblock on /dev/loop4
mdadm: no recogniseable superblock on /dev/loop3
mdadm: no recogniseable superblock on /dev/loop2
mdadm: no recogniseable superblock on /dev/loop1
mdadm: no recogniseable superblock on /dev/loop0
mdadm: No arrays found in config file or automatically

Running command ['mdadm', '--detail', '--scan', '-v'] with allowed return codes [0, 1] (capture=True)
mdadm detail scan after assemble:


Running command ['udevadm', 'settle'] with allowed return codes [0] (capture=False)
TIMED udevadm_settle(): 0.023
Detected multipath support, reload maps
Running command ['multipath', '-r'] with allowed return codes [0] (capture=False)
Verifying /dev/mapper/mpath* files are symlinks
Running command ['dmsetup', 'ls', '-o', 'blkdevname'] with allowed return codes [0] (capture=True)
Running command ['pvscan', '--config', 'devices{ filter = [ "a|/dev/mapper/mpath.*|", "a|/dev/mapper/dm_crypt-.*|", "r|.*|" ] }'] with allowed return codes [0] (capture=True)
Running command ['vgscan', '--config', 'devices{ filter = [ "a|/dev/mapper/mpath.*|", "a|/dev/mapper/dm_crypt-.*|", "r|.*|" ] }'] with allowed return codes [0] (capture=True)
Running command ['vgchange', '--activate=y', '--config', 'devices{ filter = [ "a|/dev/mapper/mpath.*|", "a|/dev/mapper/dm_crypt-.*|", "r|.*|" ] }'] with allowed return codes [0] (capture=True)
Running command ['udevadm', 'settle'] with allowed return codes [0] (capture=False)
TIMED udevadm_settle(): 0.034
Loading kernel module bcache via modprobe
Running command ['modprobe', '--use-blacklist', 'bcache'] with allowed return codes [0] (capture=False)
Loading kernel module zfs via modprobe
Running command ['modprobe', '--use-blacklist', 'zfs'] with allowed return codes [0] (capture=False)
zfs filesystem is not supported in this environment
Generating device storage trees for path(s): ['/dev/sda']
devname '/sys/class/block/sda' had holders: []
/dev/sda is multipath device partition? False
/dev/sda is multipath device partition? False
/dev/sda is multipath device partition? False
Current device storage tree:
sda
Shutdown Plan:
{'level': 0, 'device': '/sys/class/block/sda', 'dev_type': 'disk'}
shutdown running on holder type: 'disk' syspath: '/sys/class/block/sda'
Running command ['lsblk', '--noheadings', '--bytes', '--pairs', '--output=ALIGNMENT,DISC-ALN,DISC-GRAN,DISC-MAX,DISC-ZERO,FSTYPE,GROUP,KNAME,LABEL,LOG-SEC,MAJ:MIN,MIN-IO,MODE,MODEL,MOUNTPOINT,NAME,OPT-IO,OWNER,PHY-SEC,RM,RO,ROTA,RQ-SIZE,SIZE,STATE,TYPE,UUID', '/dev/sda'] with allowed return codes [0] (capture=True)
get_blockdev_sector_size: info:
{
 "sda": {
  "ALIGNMENT": "0",
  "DISC-ALN": "0",
  "DISC-GRAN": "1048576",
  "DISC-MAX": "33554432",
  "DISC-ZERO": "0",
  "FSTYPE": "",
  "GROUP": "disk",
  "KNAME": "sda",
  "LABEL": "",
  "LOG-SEC": "512",
  "MAJ:MIN": "8:0",
  "MIN-IO": "512",
  "MODE": "brw-rw----",
  "MODEL": "Virtual disk",
  "MOUNTPOINT": "",
  "NAME": "sda",
  "OPT-IO": "0",
  "OWNER": "root",
  "PHY-SEC": "512",
  "RM": "0",
  "RO": "0",
  "ROTA": "0",
  "RQ-SIZE": "254",
  "SIZE": "34359738368",
  "STATE": "running",
  "TYPE": "disk",
  "UUID": "",
  "device_path": "/dev/sda"
 }
}
get_blockdev_sector_size: (log=512, phys=512)
Running command ['fdasd', '--table', '/dev/sda'] with allowed return codes [0] (capture=False)
Checking if /dev/sda is a swap device
Found swap magic: b'\x00\x00\x00\x00\x00\x00\x00\x00\x00\x00'
Running command ['udevadm', 'info', '--query=property', '--export', '/dev/sda'] with allowed return codes [0] (capture=True)
/dev/sda is multipath device? False
Running command ['udevadm', 'info', '--query=property', '--export', '/dev/sda'] with allowed return codes [0] (capture=True)
/dev/sda is multipath device member? False
wiping superblock on /dev/sda
wiping /dev/sda attempt 1/4
Running command ['wipefs', '--all', '--force', '/dev/sda'] with allowed return codes [0] (capture=False)
wiping 1M on /dev/sda at offsets [0, -1048576]
successfully wiped device /dev/sda on attempt 1/4
devname '/sys/class/block/sda' had holders: []
/dev/sda is multipath device partition? False
/dev/sda is multipath device partition? False
/dev/sda is multipath device partition? False
finish: cmd-install/stage-partitioning/builtin/cmd-block-meta/clear-holders: SUCCESS: removing previous storage devices
blockmeta: detected storage config, using mode=custom
start: cmd-install/stage-partitioning/builtin/cmd-block-meta: configuring disk: disk-sda
get_path_to_storage_volume for volume disk-sda({'ptable': 'gpt', 'path': '/dev/sda', 'wipe': 'superblock-recursive', 'preserve': False, 'name': '', 'grub_device': True, 'type': 'disk', 'id': 'disk-sda'})
Running command ['udevadm', 'info', '--query=property', '--export', '/dev/sda'] with allowed return codes [0] (capture=True)
/dev/sda is multipath device member? False
Running command ['partprobe', '/dev/sda'] with allowed return codes [0, 1] (capture=False)
Running command ['udevadm', 'settle'] with allowed return codes [0] (capture=False)
TIMED udevadm_settle(): 0.112
devsync happy - path /dev/sda now exists
return volume path /dev/sda
Running command ['wipefs', '--all', '--force', '/dev/sda'] with allowed return codes [0] (capture=False)
wiping 1M on /dev/sda at offsets [0, -1048576]
labeling device: '/dev/sda' with 'gpt' partition table
Running command ['wipefs', '--all', '--force', '/dev/sda'] with allowed return codes [0] (capture=False)
wiping 1M on /dev/sda at offsets [0, -1048576]
devname '/dev/sda' had holders: []
finish: cmd-install/stage-partitioning/builtin/cmd-block-meta: SUCCESS: configuring disk: disk-sda
start: cmd-install/stage-partitioning/builtin/cmd-block-meta: configuring partition: partition-0
get_path_to_storage_volume for volume disk-sda({'ptable': 'gpt', 'path': '/dev/sda', 'wipe': 'superblock-recursive', 'preserve': False, 'name': '', 'grub_device': True, 'type': 'disk', 'id': 'disk-sda'})
Running command ['udevadm', 'info', '--query=property', '--export', '/dev/sda'] with allowed return codes [0] (capture=True)
/dev/sda is multipath device member? False
Running command ['partprobe', '/dev/sda'] with allowed return codes [0, 1] (capture=False)
Running command ['udevadm', 'settle'] with allowed return codes [0] (capture=False)
TIMED udevadm_settle(): 0.108
devsync happy - path /dev/sda now exists
return volume path /dev/sda
Running command ['lsblk', '--noheadings', '--bytes', '--pairs', '--output=ALIGNMENT,DISC-ALN,DISC-GRAN,DISC-MAX,DISC-ZERO,FSTYPE,GROUP,KNAME,LABEL,LOG-SEC,MAJ:MIN,MIN-IO,MODE,MODEL,MOUNTPOINT,NAME,OPT-IO,OWNER,PHY-SEC,RM,RO,ROTA,RQ-SIZE,SIZE,STATE,TYPE,UUID', '/dev/sda'] with allowed return codes [0] (capture=True)
get_blockdev_sector_size: info:
{
 "sda": {
  "ALIGNMENT": "0",
  "DISC-ALN": "0",
  "DISC-GRAN": "1048576",
  "DISC-MAX": "33554432",
  "DISC-ZERO": "0",
  "FSTYPE": "",
  "GROUP": "disk",
  "KNAME": "sda",
  "LABEL": "",
  "LOG-SEC": "512",
  "MAJ:MIN": "8:0",
  "MIN-IO": "512",
  "MODE": "brw-rw----",
  "MODEL": "Virtual disk",
  "MOUNTPOINT": "",
  "NAME": "sda",
  "OPT-IO": "0",
  "OWNER": "root",
  "PHY-SEC": "512",
  "RM": "0",
  "RO": "0",
  "ROTA": "0",
  "RQ-SIZE": "254",
  "SIZE": "34359738368",
  "STATE": "running",
  "TYPE": "disk",
  "UUID": "",
  "device_path": "/dev/sda"
 }
}
get_blockdev_sector_size: (log=512, phys=512)
sda logical_block_size_bytes: 512
adding partition 'partition-0' to disk 'disk-sda' (ptable: 'gpt')
partnum: 1 offset_sectors: 2048 length_sectors: 2047
Running command ['sgdisk', '--new', '1:2048:4095', '--typecode=1:ef02', '/dev/sda'] with allowed return codes [0] (capture=True)
Running command ['udevadm', 'info', '--query=property', '--export', '/dev/sda'] with allowed return codes [0] (capture=True)
/dev/sda is multipath device? False
Running command ['blockdev', '--rereadpt', '/dev/sda'] with allowed return codes [0] (capture=True)
Running command ['udevadm', 'settle'] with allowed return codes [0] (capture=False)
TIMED udevadm_settle(): 0.272
TIMED udevadm_settle(exists='/dev/sda1'): 0.000
finish: cmd-install/stage-partitioning/builtin/cmd-block-meta: SUCCESS: configuring partition: partition-0
start: cmd-install/stage-partitioning/builtin/cmd-block-meta: configuring partition: partition-1
get_path_to_storage_volume for volume disk-sda({'ptable': 'gpt', 'path': '/dev/sda', 'wipe': 'superblock-recursive', 'preserve': False, 'name': '', 'grub_device': True, 'type': 'disk', 'id': 'disk-sda'})
Running command ['udevadm', 'info', '--query=property', '--export', '/dev/sda'] with allowed return codes [0] (capture=True)
/dev/sda is multipath device member? False
Running command ['partprobe', '/dev/sda'] with allowed return codes [0, 1] (capture=False)
Running command ['udevadm', 'settle'] with allowed return codes [0] (capture=False)
TIMED udevadm_settle(): 0.372
devsync happy - path /dev/sda now exists
return volume path /dev/sda
Running command ['lsblk', '--noheadings', '--bytes', '--pairs', '--output=ALIGNMENT,DISC-ALN,DISC-GRAN,DISC-MAX,DISC-ZERO,FSTYPE,GROUP,KNAME,LABEL,LOG-SEC,MAJ:MIN,MIN-IO,MODE,MODEL,MOUNTPOINT,NAME,OPT-IO,OWNER,PHY-SEC,RM,RO,ROTA,RQ-SIZE,SIZE,STATE,TYPE,UUID', '/dev/sda'] with allowed return codes [0] (capture=True)
get_blockdev_sector_size: info:
{
 "sda": {
  "ALIGNMENT": "0",
  "DISC-ALN": "0",
  "DISC-GRAN": "1048576",
  "DISC-MAX": "33554432",
  "DISC-ZERO": "0",
  "FSTYPE": "",
  "GROUP": "disk",
  "KNAME": "sda",
  "LABEL": "",
  "LOG-SEC": "512",
  "MAJ:MIN": "8:0",
  "MIN-IO": "512",
  "MODE": "brw-rw----",
  "MODEL": "Virtual disk",
  "MOUNTPOINT": "",
  "NAME": "sda",
  "OPT-IO": "0",
  "OWNER": "root",
  "PHY-SEC": "512",
  "RM": "0",
  "RO": "0",
  "ROTA": "0",
  "RQ-SIZE": "254",
  "SIZE": "34359738368",
  "STATE": "running",
  "TYPE": "disk",
  "UUID": "",
  "device_path": "/dev/sda"
 },
 "sda1": {
  "ALIGNMENT": "0",
  "DISC-ALN": "0",
  "DISC-GRAN": "1048576",
  "DISC-MAX": "33554432",
  "DISC-ZERO": "0",
  "FSTYPE": "",
  "GROUP": "disk",
  "KNAME": "sda1",
  "LABEL": "",
  "LOG-SEC": "512",
  "MAJ:MIN": "8:1",
  "MIN-IO": "512",
  "MODE": "brw-rw----",
  "MODEL": "",
  "MOUNTPOINT": "",
  "NAME": "sda1",
  "OPT-IO": "0",
  "OWNER": "root",
  "PHY-SEC": "512",
  "RM": "0",
  "RO": "0",
  "ROTA": "0",
  "RQ-SIZE": "254",
  "SIZE": "1048576",
  "STATE": "",
  "TYPE": "part",
  "UUID": "",
  "device_path": "/dev/sda1"
 }
}
get_blockdev_sector_size: (log=512, phys=512)
sda logical_block_size_bytes: 512
previous partition number for 'partition-1' found to be '1'
partition_kname=sda1
calc_partition_info: sda1 size_sectors=2048 start_sectors=2048
adding partition 'partition-1' to disk 'disk-sda' (ptable: 'gpt')
partnum: 2 offset_sectors: 4096 length_sectors: 4194303
Preparing partition location on disk /dev/sda
Wiping 1M on /dev/sda at offset 2097152
Running command ['sgdisk', '--new', '2:4096:4198399', '--typecode=2:8300', '/dev/sda'] with allowed return codes [0] (capture=True)
Running command ['udevadm', 'info', '--query=property', '--export', '/dev/sda'] with allowed return codes [0] (capture=True)
/dev/sda is multipath device? False
Running command ['blockdev', '--rereadpt', '/dev/sda'] with allowed return codes [0] (capture=True)
Running command ['udevadm', 'settle'] with allowed return codes [0] (capture=False)
TIMED udevadm_settle(): 0.541
TIMED udevadm_settle(exists='/dev/sda2'): 0.000
finish: cmd-install/stage-partitioning/builtin/cmd-block-meta: SUCCESS: configuring partition: partition-1
start: cmd-install/stage-partitioning/builtin/cmd-block-meta: configuring format: format-0
get_path_to_storage_volume for volume partition-1({'device': 'disk-sda', 'size': 2147483648, 'wipe': 'superblock', 'number': 2, 'preserve': False, 'grub_device': False, 'offset': 2097152, 'type': 'partition', 'id': 'partition-1'})
get_path_to_storage_volume for volume disk-sda({'ptable': 'gpt', 'path': '/dev/sda', 'wipe': 'superblock-recursive', 'preserve': False, 'name': '', 'grub_device': True, 'type': 'disk', 'id': 'disk-sda'})
Running command ['udevadm', 'info', '--query=property', '--export', '/dev/sda'] with allowed return codes [0] (capture=True)
/dev/sda is multipath device member? False
Running command ['partprobe', '/dev/sda'] with allowed return codes [0, 1] (capture=False)
Running command ['udevadm', 'settle'] with allowed return codes [0] (capture=False)
TIMED udevadm_settle(): 0.284
devsync happy - path /dev/sda now exists
return volume path /dev/sda
Running command ['partprobe', '/dev/sda'] with allowed return codes [0, 1] (capture=False)
Running command ['udevadm', 'settle'] with allowed return codes [0] (capture=False)
TIMED udevadm_settle(): 0.408
devsync happy - path /dev/sda now exists
return volume path /dev/sda2
mkfs /dev/sda2 info: {'fstype': 'ext4', 'volume': 'partition-1', 'preserve': False, 'type': 'format', 'id': 'format-0'}
Running command ['lsblk', '--noheadings', '--bytes', '--pairs', '--output=ALIGNMENT,DISC-ALN,DISC-GRAN,DISC-MAX,DISC-ZERO,FSTYPE,GROUP,KNAME,LABEL,LOG-SEC,MAJ:MIN,MIN-IO,MODE,MODEL,MOUNTPOINT,NAME,OPT-IO,OWNER,PHY-SEC,RM,RO,ROTA,RQ-SIZE,SIZE,STATE,TYPE,UUID', '/dev/sda2'] with allowed return codes [0] (capture=True)
get_blockdev_sector_size: info:
{
 "sda2": {
  "ALIGNMENT": "0",
  "DISC-ALN": "0",
  "DISC-GRAN": "1048576",
  "DISC-MAX": "33554432",
  "DISC-ZERO": "0",
  "FSTYPE": "",
  "GROUP": "disk",
  "KNAME": "sda2",
  "LABEL": "",
  "LOG-SEC": "512",
  "MAJ:MIN": "8:2",
  "MIN-IO": "512",
  "MODE": "brw-rw----",
  "MODEL": "",
  "MOUNTPOINT": "",
  "NAME": "sda2",
  "OPT-IO": "0",
  "OWNER": "root",
  "PHY-SEC": "512",
  "RM": "0",
  "RO": "0",
  "ROTA": "0",
  "RQ-SIZE": "254",
  "SIZE": "2147483648",
  "STATE": "",
  "TYPE": "part",
  "UUID": "",
  "device_path": "/dev/sda2"
 }
}
get_blockdev_sector_size: (log=512, phys=512)
Running command ['mkfs.ext4', '-F', '-U', '7501687d-d27d-445e-b993-ce01c3b4f1b9', '/dev/sda2'] with allowed return codes [0] (capture=True)
Formated device type: partition
finish: cmd-install/stage-partitioning/builtin/cmd-block-meta: SUCCESS: configuring format: format-0
start: cmd-install/stage-partitioning/builtin/cmd-block-meta: configuring partition: partition-2
get_path_to_storage_volume for volume disk-sda({'ptable': 'gpt', 'path': '/dev/sda', 'wipe': 'superblock-recursive', 'preserve': False, 'name': '', 'grub_device': True, 'type': 'disk', 'id': 'disk-sda'})
Running command ['udevadm', 'info', '--query=property', '--export', '/dev/sda'] with allowed return codes [0] (capture=True)
/dev/sda is multipath device member? False
Running command ['partprobe', '/dev/sda'] with allowed return codes [0, 1] (capture=False)
Running command ['udevadm', 'settle'] with allowed return codes [0] (capture=False)
TIMED udevadm_settle(): 0.224
devsync happy - path /dev/sda now exists
return volume path /dev/sda
Running command ['lsblk', '--noheadings', '--bytes', '--pairs', '--output=ALIGNMENT,DISC-ALN,DISC-GRAN,DISC-MAX,DISC-ZERO,FSTYPE,GROUP,KNAME,LABEL,LOG-SEC,MAJ:MIN,MIN-IO,MODE,MODEL,MOUNTPOINT,NAME,OPT-IO,OWNER,PHY-SEC,RM,RO,ROTA,RQ-SIZE,SIZE,STATE,TYPE,UUID', '/dev/sda'] with allowed return codes [0] (capture=True)
get_blockdev_sector_size: info:
{
 "sda": {
  "ALIGNMENT": "0",
  "DISC-ALN": "0",
  "DISC-GRAN": "1048576",
  "DISC-MAX": "33554432",
  "DISC-ZERO": "0",
  "FSTYPE": "",
  "GROUP": "disk",
  "KNAME": "sda",
  "LABEL": "",
  "LOG-SEC": "512",
  "MAJ:MIN": "8:0",
  "MIN-IO": "512",
  "MODE": "brw-rw----",
  "MODEL": "Virtual disk",
  "MOUNTPOINT": "",
  "NAME": "sda",
  "OPT-IO": "0",
  "OWNER": "root",
  "PHY-SEC": "512",
  "RM": "0",
  "RO": "0",
  "ROTA": "0",
  "RQ-SIZE": "254",
  "SIZE": "34359738368",
  "STATE": "running",
  "TYPE": "disk",
  "UUID": "",
  "device_path": "/dev/sda"
 },
 "sda1": {
  "ALIGNMENT": "0",
  "DISC-ALN": "0",
  "DISC-GRAN": "1048576",
  "DISC-MAX": "33554432",
  "DISC-ZERO": "0",
  "FSTYPE": "",
  "GROUP": "disk",
  "KNAME": "sda1",
  "LABEL": "",
  "LOG-SEC": "512",
  "MAJ:MIN": "8:1",
  "MIN-IO": "512",
  "MODE": "brw-rw----",
  "MODEL": "",
  "MOUNTPOINT": "",
  "NAME": "sda1",
  "OPT-IO": "0",
  "OWNER": "root",
  "PHY-SEC": "512",
  "RM": "0",
  "RO": "0",
  "ROTA": "0",
  "RQ-SIZE": "254",
  "SIZE": "1048576",
  "STATE": "",
  "TYPE": "part",
  "UUID": "",
  "device_path": "/dev/sda1"
 },
 "sda2": {
  "ALIGNMENT": "0",
  "DISC-ALN": "0",
  "DISC-GRAN": "1048576",
  "DISC-MAX": "33554432",
  "DISC-ZERO": "0",
  "FSTYPE": "ext4",
  "GROUP": "disk",
  "KNAME": "sda2",
  "LABEL": "",
  "LOG-SEC": "512",
  "MAJ:MIN": "8:2",
  "MIN-IO": "512",
  "MODE": "brw-rw----",
  "MODEL": "",
  "MOUNTPOINT": "",
  "NAME": "sda2",
  "OPT-IO": "0",
  "OWNER": "root",
  "PHY-SEC": "512",
  "RM": "0",
  "RO": "0",
  "ROTA": "0",
  "RQ-SIZE": "254",
  "SIZE": "2147483648",
  "STATE": "",
  "TYPE": "part",
  "UUID": "7501687d-d27d-445e-b993-ce01c3b4f1b9",
  "device_path": "/dev/sda2"
 }
}
get_blockdev_sector_size: (log=512, phys=512)
sda logical_block_size_bytes: 512
previous partition number for 'partition-2' found to be '2'
partition_kname=sda2
calc_partition_info: sda2 size_sectors=4194304 start_sectors=4096
adding partition 'partition-2' to disk 'disk-sda' (ptable: 'gpt')
partnum: 3 offset_sectors: 4198400 length_sectors: 62908415
Preparing partition location on disk /dev/sda
Wiping 1M on /dev/sda at offset 2149580800
Running command ['sgdisk', '--new', '3:4198400:67106815', '--typecode=3:8300', '/dev/sda'] with allowed return codes [0] (capture=True)
Running command ['udevadm', 'info', '--query=property', '--export', '/dev/sda'] with allowed return codes [0] (capture=True)
/dev/sda is multipath device? False
Running command ['blockdev', '--rereadpt', '/dev/sda'] with allowed return codes [0] (capture=True)
Running command ['udevadm', 'settle'] with allowed return codes [0] (capture=False)
TIMED udevadm_settle(): 0.432
TIMED udevadm_settle(exists='/dev/sda3'): 0.000
finish: cmd-install/stage-partitioning/builtin/cmd-block-meta: SUCCESS: configuring partition: partition-2
start: cmd-install/stage-partitioning/builtin/cmd-block-meta: configuring lvm_volgroup: lvm_volgroup-0
get_path_to_storage_volume for volume partition-2({'device': 'disk-sda', 'size': 32209108992, 'wipe': 'superblock', 'number': 3, 'preserve': False, 'grub_device': False, 'offset': 2149580800, 'type': 'partition', 'id': 'partition-2'})
get_path_to_storage_volume for volume disk-sda({'ptable': 'gpt', 'path': '/dev/sda', 'wipe': 'superblock-recursive', 'preserve': False, 'name': '', 'grub_device': True, 'type': 'disk', 'id': 'disk-sda'})
Running command ['udevadm', 'info', '--query=property', '--export', '/dev/sda'] with allowed return codes [0] (capture=True)
/dev/sda is multipath device member? False
Running command ['partprobe', '/dev/sda'] with allowed return codes [0, 1] (capture=False)
Running command ['udevadm', 'settle'] with allowed return codes [0] (capture=False)
TIMED udevadm_settle(): 0.276
devsync happy - path /dev/sda now exists
return volume path /dev/sda
Running command ['partprobe', '/dev/sda'] with allowed return codes [0, 1] (capture=False)
Running command ['udevadm', 'settle'] with allowed return codes [0] (capture=False)
TIMED udevadm_settle(): 0.248
devsync happy - path /dev/sda now exists
return volume path /dev/sda3
Running command ['vgcreate', '--force', '--zero=y', '--yes', 'ubuntu-vg', '/dev/sda3'] with allowed return codes [0] (capture=True)
Running command ['pvscan'] with allowed return codes [0] (capture=True)
Running command ['vgscan'] with allowed return codes [0] (capture=True)
finish: cmd-install/stage-partitioning/builtin/cmd-block-meta: SUCCESS: configuring lvm_volgroup: lvm_volgroup-0
start: cmd-install/stage-partitioning/builtin/cmd-block-meta: configuring lvm_partition: lvm_partition-0
Running command ['lvcreate', 'ubuntu-vg', '--name', 'ubuntu-lv', '--zero=y', '--wipesignatures=y', '--yes', '--size', '16101933056.0B'] with allowed return codes [0] (capture=False)
  Logical volume "ubuntu-lv" created.
Running command ['pvscan'] with allowed return codes [0] (capture=True)
Running command ['vgscan'] with allowed return codes [0] (capture=True)
get_path_to_storage_volume for volume lvm_partition-0({'name': 'ubuntu-lv', 'volgroup': 'lvm_volgroup-0', 'size': '16101933056B', 'wipe': 'superblock', 'preserve': False, 'type': 'lvm_partition', 'id': 'lvm_partition-0'})
Running command ['partprobe', '/dev/ubuntu-vg/ubuntu-lv'] with allowed return codes [0, 1] (capture=False)
Running command ['udevadm', 'settle'] with allowed return codes [0] (capture=False)
TIMED udevadm_settle(): 0.072
devsync happy - path /dev/ubuntu-vg/ubuntu-lv now exists
return volume path /dev/ubuntu-vg/ubuntu-lv
Wiping logical volume /dev/ubuntu-vg/ubuntu-lv mode=superblock
Running command ['wipefs', '--all', '--force', '/dev/ubuntu-vg/ubuntu-lv'] with allowed return codes [0] (capture=False)
wiping 1M on /dev/ubuntu-vg/ubuntu-lv at offsets [0, -1048576]
get_path_to_storage_volume for volume lvm_partition-0({'name': 'ubuntu-lv', 'volgroup': 'lvm_volgroup-0', 'size': '16101933056B', 'wipe': 'superblock', 'preserve': False, 'type': 'lvm_partition', 'id': 'lvm_partition-0'})
Running command ['partprobe', '/dev/ubuntu-vg/ubuntu-lv'] with allowed return codes [0, 1] (capture=False)
Running command ['udevadm', 'settle'] with allowed return codes [0] (capture=False)
TIMED udevadm_settle(): 0.088
devsync happy - path /dev/ubuntu-vg/ubuntu-lv now exists
return volume path /dev/ubuntu-vg/ubuntu-lv
Running command ['udevadm', 'info', '--query=property', '--export', '/dev/ubuntu-vg/ubuntu-lv'] with allowed return codes [0] (capture=True)
Creating dname udev rule '['SUBSYSTEM=="block"', 'ACTION=="add|change"', 'ENV{DM_NAME}=="ubuntu--vg-ubuntu--lv"', 'SYMLINK+="disk/by-dname/ubuntu--vg-ubuntu--lv"\n']'
finish: cmd-install/stage-partitioning/builtin/cmd-block-meta: SUCCESS: configuring lvm_partition: lvm_partition-0
start: cmd-install/stage-partitioning/builtin/cmd-block-meta: configuring format: format-1
get_path_to_storage_volume for volume lvm_partition-0({'name': 'ubuntu-lv', 'volgroup': 'lvm_volgroup-0', 'size': '16101933056B', 'wipe': 'superblock', 'preserve': False, 'type': 'lvm_partition', 'id': 'lvm_partition-0'})
Running command ['partprobe', '/dev/ubuntu-vg/ubuntu-lv'] with allowed return codes [0, 1] (capture=False)
Running command ['udevadm', 'settle'] with allowed return codes [0] (capture=False)
TIMED udevadm_settle(): 0.096
devsync happy - path /dev/ubuntu-vg/ubuntu-lv now exists
return volume path /dev/ubuntu-vg/ubuntu-lv
mkfs /dev/ubuntu-vg/ubuntu-lv info: {'fstype': 'ext4', 'volume': 'lvm_partition-0', 'preserve': False, 'type': 'format', 'id': 'format-1'}
Running command ['lsblk', '--noheadings', '--bytes', '--pairs', '--output=ALIGNMENT,DISC-ALN,DISC-GRAN,DISC-MAX,DISC-ZERO,FSTYPE,GROUP,KNAME,LABEL,LOG-SEC,MAJ:MIN,MIN-IO,MODE,MODEL,MOUNTPOINT,NAME,OPT-IO,OWNER,PHY-SEC,RM,RO,ROTA,RQ-SIZE,SIZE,STATE,TYPE,UUID', '/dev/ubuntu-vg/ubuntu-lv'] with allowed return codes [0] (capture=True)
get_blockdev_sector_size: info:
{
 "dm-0": {
  "ALIGNMENT": "0",
  "DISC-ALN": "0",
  "DISC-GRAN": "1048576",
  "DISC-MAX": "33554432",
  "DISC-ZERO": "0",
  "FSTYPE": "",
  "GROUP": "disk",
  "KNAME": "dm-0",
  "LABEL": "",
  "LOG-SEC": "512",
  "MAJ:MIN": "253:0",
  "MIN-IO": "512",
  "MODE": "brw-rw----",
  "MODEL": "",
  "MOUNTPOINT": "",
  "NAME": "ubuntu--vg-ubuntu--lv",
  "OPT-IO": "0",
  "OWNER": "root",
  "PHY-SEC": "512",
  "RM": "0",
  "RO": "0",
  "ROTA": "0",
  "RQ-SIZE": "128",
  "SIZE": "16101933056",
  "STATE": "running",
  "TYPE": "lvm",
  "UUID": "",
  "device_path": "/dev/dm-0"
 }
}
get_blockdev_sector_size: (log=512, phys=512)
Running command ['mkfs.ext4', '-F', '-U', '6afe78ae-75c1-4998-8bd2-147bbc68d208', '/dev/ubuntu-vg/ubuntu-lv'] with allowed return codes [0] (capture=True)
Formated device type: lvm_partition
finish: cmd-install/stage-partitioning/builtin/cmd-block-meta: SUCCESS: configuring format: format-1
start: cmd-install/stage-partitioning/builtin/cmd-block-meta: configuring mount: mount-1
get_path_to_storage_volume for volume lvm_partition-0({'name': 'ubuntu-lv', 'volgroup': 'lvm_volgroup-0', 'size': '16101933056B', 'wipe': 'superblock', 'preserve': False, 'type': 'lvm_partition', 'id': 'lvm_partition-0'})
Running command ['partprobe', '/dev/ubuntu-vg/ubuntu-lv'] with allowed return codes [0, 1] (capture=False)
Running command ['udevadm', 'settle'] with allowed return codes [0] (capture=False)
TIMED udevadm_settle(): 0.164
devsync happy - path /dev/ubuntu-vg/ubuntu-lv now exists
return volume path /dev/ubuntu-vg/ubuntu-lv
volume_path=/dev/ubuntu-vg/ubuntu-lv found slaves: ['sda3']
kname_is_iscsi: no iscsi disk found for kname dm-0
kname_is_iscsi: no iscsi disk found for kname sda3
Running command ['mount', '-t', 'ext4', '-o', 'defaults', '/dev/ubuntu-vg/ubuntu-lv', '/target/'] with allowed return codes [0] (capture=True)
Running command ['udevadm', 'info', '--query=property', '--export', '/dev/ubuntu-vg/ubuntu-lv'] with allowed return codes [0] (capture=True)
Running command ['lsblk', '--noheadings', '--bytes', '--pairs', '--output=ALIGNMENT,DISC-ALN,DISC-GRAN,DISC-MAX,DISC-ZERO,FSTYPE,GROUP,KNAME,LABEL,LOG-SEC,MAJ:MIN,MIN-IO,MODE,MODEL,MOUNTPOINT,NAME,OPT-IO,OWNER,PHY-SEC,RM,RO,ROTA,RQ-SIZE,SIZE,STATE,TYPE,UUID', '/dev/ubuntu-vg/ubuntu-lv'] with allowed return codes [0] (capture=True)
volspec: path=/dev/ubuntu-vg/ubuntu-lv type=lvm
info[DEVLINKS] = ['/dev/disk/by-id/dm-uuid-LVM-d2FEMwNozs6bJYmNcuT4rTfJAmWk8IWq1hpXpWqR5LZc7YYNoZbTZLJvZ6hsIUGx', '/dev/disk/by-id/dm-name-ubuntu--vg-ubuntu--lv', '/dev/mapper/ubuntu--vg-ubuntu--lv', '/dev/ubuntu-vg/ubuntu-lv', '/dev/disk/by-uuid/6afe78ae-75c1-4998-8bd2-147bbc68d208']
finish: cmd-install/stage-partitioning/builtin/cmd-block-meta: SUCCESS: configuring mount: mount-1
start: cmd-install/stage-partitioning/builtin/cmd-block-meta: configuring mount: mount-0
get_path_to_storage_volume for volume partition-1({'device': 'disk-sda', 'size': 2147483648, 'wipe': 'superblock', 'number': 2, 'preserve': False, 'grub_device': False, 'offset': 2097152, 'type': 'partition', 'id': 'partition-1'})
get_path_to_storage_volume for volume disk-sda({'ptable': 'gpt', 'path': '/dev/sda', 'wipe': 'superblock-recursive', 'preserve': False, 'name': '', 'grub_device': True, 'type': 'disk', 'id': 'disk-sda'})
Running command ['udevadm', 'info', '--query=property', '--export', '/dev/sda'] with allowed return codes [0] (capture=True)
/dev/sda is multipath device member? False
Running command ['partprobe', '/dev/sda'] with allowed return codes [0, 1] (capture=False)
Running command ['udevadm', 'settle'] with allowed return codes [0] (capture=False)
TIMED udevadm_settle(): 0.228
devsync happy - path /dev/sda now exists
return volume path /dev/sda
Running command ['partprobe', '/dev/sda'] with allowed return codes [0, 1] (capture=False)
Running command ['udevadm', 'settle'] with allowed return codes [0] (capture=False)
TIMED udevadm_settle(): 0.150
devsync happy - path /dev/sda now exists
return volume path /dev/sda2
volume_path=/dev/sda2 found slaves: ['sda2']
kname_is_iscsi: no iscsi disk found for kname sda2
kname_is_iscsi: no iscsi disk found for kname sda2
Running command ['mount', '-t', 'ext4', '-o', 'defaults', '/dev/sda2', '/target/boot'] with allowed return codes [0] (capture=True)
Running command ['udevadm', 'info', '--query=property', '--export', '/dev/sda2'] with allowed return codes [0] (capture=True)
Running command ['lsblk', '--noheadings', '--bytes', '--pairs', '--output=ALIGNMENT,DISC-ALN,DISC-GRAN,DISC-MAX,DISC-ZERO,FSTYPE,GROUP,KNAME,LABEL,LOG-SEC,MAJ:MIN,MIN-IO,MODE,MODEL,MOUNTPOINT,NAME,OPT-IO,OWNER,PHY-SEC,RM,RO,ROTA,RQ-SIZE,SIZE,STATE,TYPE,UUID', '/dev/sda2'] with allowed return codes [0] (capture=True)
volspec: path=/dev/sda2 type=part
info[DEVLINKS] = ['/dev/disk/by-partuuid/5b7fe7c2-a619-4fc3-8c7e-0afeed6b6330', '/dev/disk/by-uuid/7501687d-d27d-445e-b993-ce01c3b4f1b9', '/dev/disk/by-path/pci-0000:00:10.0-scsi-0:0:0:0-part2']
finish: cmd-install/stage-partitioning/builtin/cmd-block-meta: SUCCESS: configuring mount: mount-0
TIMED BLOCK_META: 22.329
finish: cmd-install/stage-partitioning/builtin/cmd-block-meta: SUCCESS: curtin command block-meta
curtin: Installation finished.

---- [[ subiquity step extract ]] ----
curtin: Installation started. (22.1-29-gc56c51aae)
start: cmd-install/stage-extract/builtin/cmd-extract: curtin command extract
Installing sources: [{'type': 'tgz', 'uri': 'cp:///tmp/tmptanq3ege/mount'}] to target at /target
start: cmd-install/stage-extract/builtin/cmd-extract: acquiring and extracting image from cp:///tmp/tmptanq3ege/mount
Running command ['sh', '-c', 'mkdir -p "$2" && cd "$2" && rsync -aXHAS --one-file-system "$1/" .', '--', '/tmp/tmptanq3ege/mount', '/target'] with allowed return codes [0] (capture=False)
finish: cmd-install/stage-extract/builtin/cmd-extract: SUCCESS: acquiring and extracting image from cp:///tmp/tmptanq3ege/mount
Applying write_files from config.
finish: cmd-install/stage-extract/builtin/cmd-extract: SUCCESS: curtin command extract
curtin: Installation finished.

---- [[ subiquity step curthooks ]] ----
curtin: Installation started. (22.1-29-gc56c51aae)
start: cmd-install/stage-curthooks/002-setupcon-save-only/cmd-in-target: curtin command in-target
Running command ['mount', '--bind', '/dev', '/target/dev'] with allowed return codes [0] (capture=False)
Running command ['mount', '--bind', '/proc', '/target/proc'] with allowed return codes [0] (capture=False)
Running command ['mount', '--bind', '/run', '/target/run'] with allowed return codes [0] (capture=False)
Running command ['mount', '--bind', '/sys', '/target/sys'] with allowed return codes [0] (capture=False)
Running command ['unshare', '--help'] with allowed return codes [0] (capture=True)
Running command ['unshare', '--fork', '--pid', '--', 'chroot', '/target', 'setupcon', '--save-only'] with allowed return codes [0] (capture=False)
Running command ['udevadm', 'settle'] with allowed return codes [0] (capture=False)
TIMED subp(['udevadm', 'settle']): 0.081
Running command ['mount', '--make-private', '/target/sys'] with allowed return codes [0] (capture=False)
Running command ['umount', '/target/sys'] with allowed return codes [0] (capture=False)
Running command ['mount', '--make-private', '/target/run'] with allowed return codes [0] (capture=False)
Running command ['umount', '/target/run'] with allowed return codes [0] (capture=False)
Running command ['mount', '--make-private', '/target/proc'] with allowed return codes [0] (capture=False)
Running command ['umount', '/target/proc'] with allowed return codes [0] (capture=False)
Running command ['mount', '--make-private', '/target/dev'] with allowed return codes [0] (capture=False)
Running command ['umount', '/target/dev'] with allowed return codes [0] (capture=False)
finish: cmd-install/stage-curthooks/002-setupcon-save-only/cmd-in-target: SUCCESS: curtin command in-target
start: cmd-install/stage-curthooks/builtin/cmd-curthooks: curtin command curthooks
Running curtin builtin curthooks
Configuring target system for distro: ubuntu osfamily: debian
start: cmd-install/stage-curthooks/builtin/cmd-curthooks/writing-apt-config: configuring apt configuring apt
Transferred {'subiquity': ''} into new format: {'debconf_selections': {'subiquity': ''}}
curthooks handling apt to target /target with config {'debconf_selections': {'subiquity': ''}}
Running command ['unshare', '--help'] with allowed return codes [0] (capture=True)
Running command ['unshare', '--fork', '--pid', '--', 'chroot', '/target', 'lsb_release', '--all'] with allowed return codes [0] (capture=True)
Running command ['unshare', '--fork', '--pid', '--', 'chroot', '/target', 'dpkg', '--print-architecture'] with allowed return codes [0] (capture=True)
got primary mirror: None
got security mirror: None
Apt Mirror info: {'PRIMARY': 'http://archive.ubuntu.com/ubuntu/', 'SECURITY': 'http://security.ubuntu.com/ubuntu/', 'MIRROR': 'http://archive.ubuntu.com/ubuntu/'}
Applying debconf selections
Running command ['unshare', '--fork', '--pid', '--', 'chroot', '/target', 'debconf-set-selections'] with allowed return codes [0] (capture=True)
Running command ['unshare', '--fork', '--pid', '--', 'chroot', '/target', 'dpkg-query', '--list'] with allowed return codes [0] (capture=True)
Running command ['mount', '--bind', '/dev', '/target/dev'] with allowed return codes [0] (capture=False)
Running command ['mount', '--bind', '/proc', '/target/proc'] with allowed return codes [0] (capture=False)
Running command ['mount', '--bind', '/run', '/target/run'] with allowed return codes [0] (capture=False)
Running command ['mount', '--bind', '/sys', '/target/sys'] with allowed return codes [0] (capture=False)
Diverting original update-initramfs in target.
Running command ['unshare', '--fork', '--pid', '--', 'chroot', '/target', 'dpkg-divert', '--add', '--rename', '--divert', '/usr/sbin/update-initramfs.curtin-disabled', '/usr/sbin/update-initramfs'] with allowed return codes [0] (capture=False)
Adding 'local diversion of /usr/sbin/update-initramfs to /usr/sbin/update-initramfs.curtin-disabled'
Running command ['udevadm', 'settle'] with allowed return codes [0] (capture=False)
TIMED subp(['udevadm', 'settle']): 0.030
Running command ['mount', '--make-private', '/target/sys'] with allowed return codes [0] (capture=False)
Running command ['umount', '/target/sys'] with allowed return codes [0] (capture=False)
Running command ['mount', '--make-private', '/target/run'] with allowed return codes [0] (capture=False)
Running command ['umount', '/target/run'] with allowed return codes [0] (capture=False)
Running command ['mount', '--make-private', '/target/proc'] with allowed return codes [0] (capture=False)
Running command ['umount', '/target/proc'] with allowed return codes [0] (capture=False)
Running command ['mount', '--make-private', '/target/dev'] with allowed return codes [0] (capture=False)
Running command ['umount', '/target/dev'] with allowed return codes [0] (capture=False)
finish: cmd-install/stage-curthooks/builtin/cmd-curthooks/writing-apt-config: SUCCESS: configuring apt configuring apt
Running command ['unshare', '--fork', '--pid', '--', 'chroot', '/target', 'lsb_release', '--all'] with allowed return codes [0] (capture=True)
start: cmd-install/stage-curthooks/builtin/cmd-curthooks/installing-missing-packages: installing missing packages
Running command ['unshare', '--fork', '--pid', '--', 'chroot', '/target', 'dpkg-query', '--list'] with allowed return codes [0] (capture=True)
Curtin config dependencies requires additional packages: ['lvm2', 'lvm2', 'e2fsprogs']
Skipping install of {'vlan', 'bridge-utils', 'ifenslave'}.  Not needed on netplan system.
finish: cmd-install/stage-curthooks/builtin/cmd-curthooks/installing-missing-packages: SUCCESS: installing missing packages
start: cmd-install/stage-curthooks/builtin/cmd-curthooks/configuring-iscsi-service: configuring iscsi service
finish: cmd-install/stage-curthooks/builtin/cmd-curthooks/configuring-iscsi-service: SUCCESS: configuring iscsi service
start: cmd-install/stage-curthooks/builtin/cmd-curthooks/configuring-mdadm-service: configuring raid (mdadm) service
finish: cmd-install/stage-curthooks/builtin/cmd-curthooks/configuring-mdadm-service: SUCCESS: configuring raid (mdadm) service
start: cmd-install/stage-curthooks/builtin/cmd-curthooks/installing-kernel: installing kernel
Running command ['unshare', '--fork', '--pid', '--', 'chroot', '/target', 'lsb_release', '--all'] with allowed return codes [0] (capture=True)
Running command ['dpkg', '--print-architecture'] with allowed return codes [0] (capture=True)
Running command ['mount', '--bind', '/dev', '/target/dev'] with allowed return codes [0] (capture=False)
Running command ['mount', '--bind', '/proc', '/target/proc'] with allowed return codes [0] (capture=False)
Running command ['mount', '--bind', '/run', '/target/run'] with allowed return codes [0] (capture=False)
Running command ['mount', '--bind', '/sys', '/target/sys'] with allowed return codes [0] (capture=False)
Running command ['unshare', '--fork', '--pid', '--', 'chroot', '/target', 'apt-get', '--quiet', '--option=Acquire::Languages=none', '--option=Dir::Etc::sourcelist=/tmp/tmp85lv4n_g/sources.list', '--option=Dir::Etc::sourceparts=/tmp/tmp85lv4n_g/sources.list.d', 'update'] with allowed return codes [0] (capture=False)
Running in chroot, ignoring command 'start'
Get:1 file:/cdrom jammy InRelease
Ign:1 file:/cdrom jammy InRelease
Get:2 file:/cdrom jammy Release [1486 B]
Get:2 file:/cdrom jammy Release [1486 B]
Reading package lists...
Running command ['udevadm', 'settle'] with allowed return codes [0] (capture=False)
TIMED subp(['udevadm', 'settle']): 0.026
Running command ['mount', '--make-private', '/target/sys'] with allowed return codes [0] (capture=False)
Running command ['umount', '/target/sys'] with allowed return codes [0] (capture=False)
Running command ['mount', '--make-private', '/target/run'] with allowed return codes [0] (capture=False)
Running command ['umount', '/target/run'] with allowed return codes [0] (capture=False)
Running command ['mount', '--make-private', '/target/proc'] with allowed return codes [0] (capture=False)
Running command ['umount', '/target/proc'] with allowed return codes [0] (capture=False)
Running command ['mount', '--make-private', '/target/dev'] with allowed return codes [0] (capture=False)
Running command ['umount', '/target/dev'] with allowed return codes [0] (capture=False)
Running command ['mount', '--bind', '/dev', '/target/dev'] with allowed return codes [0] (capture=False)
Running command ['mount', '--bind', '/proc', '/target/proc'] with allowed return codes [0] (capture=False)
Running command ['mount', '--bind', '/run', '/target/run'] with allowed return codes [0] (capture=False)
Running command ['mount', '--bind', '/sys', '/target/sys'] with allowed return codes [0] (capture=False)
Running command ['unshare', '--fork', '--pid', '--', 'chroot', '/target', 'eatmydata', 'apt-get', '--quiet', '--assume-yes', '--option=Dpkg::options::=--force-unsafe-io', '--option=Dpkg::Options::=--force-confold', 'install', 'linux-generic'] with allowed return codes [0] (capture=False)
Reading package lists...
Building dependency tree...
Reading state information...
The following additional packages will be installed:
  amd64-microcode firmware-sof-signed grub-common grub-gfxpayload-lists
  grub-pc grub-pc-bin grub2-common intel-microcode iucode-tool
  libdbus-glib-1-2 libevdev2 libfreetype6 libimobiledevice6 libplist3
  libupower-glib3 libusbmuxd6 linux-firmware linux-headers-5.15.0-60
  linux-headers-5.15.0-60-generic linux-headers-generic
  linux-image-5.15.0-60-generic linux-image-generic
  linux-modules-5.15.0-60-generic linux-modules-extra-5.15.0-60-generic
  os-prober thermald upower usbmuxd wireless-regdb
Suggested packages:
  multiboot-doc grub-emu mtools xorriso desktop-base libusbmuxd-tools fdutils
  linux-doc | linux-source-5.15.0 linux-tools
The following NEW packages will be installed:
  amd64-microcode firmware-sof-signed grub-common grub-gfxpayload-lists
  grub-pc grub-pc-bin grub2-common intel-microcode iucode-tool
  libdbus-glib-1-2 libevdev2 libfreetype6 libimobiledevice6 libplist3
  libupower-glib3 libusbmuxd6 linux-firmware linux-generic
  linux-headers-5.15.0-60 linux-headers-5.15.0-60-generic
  linux-headers-generic linux-image-5.15.0-60-generic linux-image-generic
  linux-modules-5.15.0-60-generic linux-modules-extra-5.15.0-60-generic
  os-prober thermald upower usbmuxd wireless-regdb
0 upgraded, 30 newly installed, 0 to remove and 0 not upgraded.
Need to get 0 B/370 MB of archives.
After this operation, 1554 MB of additional disk space will be used.
Get:1 file:/cdrom jammy/restricted amd64 firmware-sof-signed all 2.0-1ubuntu4.1 [820 kB]
Get:2 file:/cdrom jammy/main amd64 libfreetype6 amd64 2.11.1+dfsg-1ubuntu0.1 [389 kB]
Get:3 file:/cdrom jammy/main amd64 grub-common amd64 2.06-2ubuntu7.1 [2188 kB]
Get:4 file:/cdrom jammy/main amd64 grub2-common amd64 2.06-2ubuntu7.1 [651 kB]
Get:5 file:/cdrom jammy/main amd64 grub-pc-bin amd64 2.06-2ubuntu7.1 [1083 kB]
Get:6 file:/cdrom jammy/main amd64 grub-pc amd64 2.06-2ubuntu7.1 [132 kB]
Get:7 file:/cdrom jammy/main amd64 grub-gfxpayload-lists amd64 0.7 [3658 B]
Get:8 file:/cdrom jammy/main amd64 iucode-tool amd64 2.3.1-1build1 [46.9 kB]
Get:9 file:/cdrom jammy/main amd64 libdbus-glib-1-2 amd64 0.112-2build1 [65.4 kB]
Get:10 file:/cdrom jammy/main amd64 libplist3 amd64 2.2.0-6build2 [32.1 kB]
Get:11 file:/cdrom jammy/main amd64 libusbmuxd6 amd64 2.0.2-3build2 [20.4 kB]
Get:12 file:/cdrom jammy/main amd64 libimobiledevice6 amd64 1.3.0-6build3 [71.1 kB]
Get:13 file:/cdrom jammy/main amd64 libupower-glib3 amd64 0.99.17-1 [46.7 kB]
Get:14 file:/cdrom jammy/main amd64 linux-firmware all 20220329.git681281e4-0ubuntu3.10 [247 MB]
Get:15 file:/cdrom jammy/main amd64 linux-modules-5.15.0-60-generic amd64 5.15.0-60.66 [22.8 MB]
Get:16 file:/cdrom jammy/main amd64 linux-image-5.15.0-60-generic amd64 5.15.0-60.66 [11.4 MB]
Get:17 file:/cdrom jammy/main amd64 wireless-regdb all 2022.06.06-0ubuntu1~22.04.1 [10.3 kB]
Get:18 file:/cdrom jammy/main amd64 linux-modules-extra-5.15.0-60-generic amd64 5.15.0-60.66 [64.0 MB]
Get:19 file:/cdrom jammy/main amd64 intel-microcode amd64 3.20220809.0ubuntu0.22.04.1 [4039 kB]
Get:20 file:/cdrom jammy/main amd64 amd64-microcode amd64 3.20191218.1ubuntu2 [32.5 kB]
Get:21 file:/cdrom jammy/main amd64 linux-image-generic amd64 5.15.0.60.58 [2466 B]
Get:22 file:/cdrom jammy/main amd64 linux-headers-5.15.0-60 all 5.15.0-60.66 [12.3 MB]
Get:23 file:/cdrom jammy/main amd64 linux-headers-5.15.0-60-generic amd64 5.15.0-60.66 [2871 kB]
Get:24 file:/cdrom jammy/main amd64 linux-headers-generic amd64 5.15.0.60.58 [2316 B]
Get:25 file:/cdrom jammy/main amd64 linux-generic amd64 5.15.0.60.58 [1698 B]
Get:26 file:/cdrom jammy/main amd64 os-prober amd64 1.79ubuntu2 [19.3 kB]
Get:27 file:/cdrom jammy/main amd64 libevdev2 amd64 1.12.1+dfsg-1 [39.5 kB]
Get:28 file:/cdrom jammy/main amd64 thermald amd64 2.4.9-1ubuntu0.1 [212 kB]
Get:29 file:/cdrom jammy/main amd64 upower amd64 0.99.17-1 [86.7 kB]
Get:30 file:/cdrom jammy/main amd64 usbmuxd amd64 1.1.1-2build2 [42.8 kB]
debconf: unable to initialize frontend: Dialog
debconf: (TERM is not set, so the dialog frontend is not usable.)
debconf: falling back to frontend: Readline
debconf: unable to initialize frontend: Readline
debconf: (This frontend requires a controlling tty.)
debconf: falling back to frontend: Teletype
dpkg-preconfigure: unable to re-open stdin: 
E: Can not write log (Is /dev/pts mounted?) - posix_openpt (19: No such device)
Selecting previously unselected package firmware-sof-signed.
(Reading database ... 34175 files and directories currently installed.)
Preparing to unpack .../00-firmware-sof-signed_2.0-1ubuntu4.1_all.deb ...
Unpacking firmware-sof-signed (2.0-1ubuntu4.1) ...
Selecting previously unselected package libfreetype6:amd64.
Preparing to unpack .../01-libfreetype6_2.11.1+dfsg-1ubuntu0.1_amd64.deb ...
Unpacking libfreetype6:amd64 (2.11.1+dfsg-1ubuntu0.1) ...
Selecting previously unselected package grub-common.
Preparing to unpack .../02-grub-common_2.06-2ubuntu7.1_amd64.deb ...
Unpacking grub-common (2.06-2ubuntu7.1) ...
Selecting previously unselected package grub2-common.
Preparing to unpack .../03-grub2-common_2.06-2ubuntu7.1_amd64.deb ...
Unpacking grub2-common (2.06-2ubuntu7.1) ...
Selecting previously unselected package grub-pc-bin.
Preparing to unpack .../04-grub-pc-bin_2.06-2ubuntu7.1_amd64.deb ...
Unpacking grub-pc-bin (2.06-2ubuntu7.1) ...
Selecting previously unselected package grub-pc.
Preparing to unpack .../05-grub-pc_2.06-2ubuntu7.1_amd64.deb ...
Unpacking grub-pc (2.06-2ubuntu7.1) ...
Selecting previously unselected package grub-gfxpayload-lists.
Preparing to unpack .../06-grub-gfxpayload-lists_0.7_amd64.deb ...
Unpacking grub-gfxpayload-lists (0.7) ...
Selecting previously unselected package iucode-tool.
Preparing to unpack .../07-iucode-tool_2.3.1-1build1_amd64.deb ...
Unpacking iucode-tool (2.3.1-1build1) ...
Selecting previously unselected package libdbus-glib-1-2:amd64.
Preparing to unpack .../08-libdbus-glib-1-2_0.112-2build1_amd64.deb ...
Unpacking libdbus-glib-1-2:amd64 (0.112-2build1) ...
Selecting previously unselected package libplist3:amd64.
Preparing to unpack .../09-libplist3_2.2.0-6build2_amd64.deb ...
Unpacking libplist3:amd64 (2.2.0-6build2) ...
Selecting previously unselected package libusbmuxd6:amd64.
Preparing to unpack .../10-libusbmuxd6_2.0.2-3build2_amd64.deb ...
Unpacking libusbmuxd6:amd64 (2.0.2-3build2) ...
Selecting previously unselected package libimobiledevice6:amd64.
Preparing to unpack .../11-libimobiledevice6_1.3.0-6build3_amd64.deb ...
Unpacking libimobiledevice6:amd64 (1.3.0-6build3) ...
Selecting previously unselected package libupower-glib3:amd64.
Preparing to unpack .../12-libupower-glib3_0.99.17-1_amd64.deb ...
Unpacking libupower-glib3:amd64 (0.99.17-1) ...
Selecting previously unselected package linux-firmware.
Preparing to unpack .../13-linux-firmware_20220329.git681281e4-0ubuntu3.10_all.deb ...
Unpacking linux-firmware (20220329.git681281e4-0ubuntu3.10) ...
Selecting previously unselected package linux-modules-5.15.0-60-generic.
Preparing to unpack .../14-linux-modules-5.15.0-60-generic_5.15.0-60.66_amd64.deb ...
Unpacking linux-modules-5.15.0-60-generic (5.15.0-60.66) ...
Selecting previously unselected package linux-image-5.15.0-60-generic.
Preparing to unpack .../15-linux-image-5.15.0-60-generic_5.15.0-60.66_amd64.deb ...
Unpacking linux-image-5.15.0-60-generic (5.15.0-60.66) ...
Selecting previously unselected package wireless-regdb.
Preparing to unpack .../16-wireless-regdb_2022.06.06-0ubuntu1~22.04.1_all.deb ...
Unpacking wireless-regdb (2022.06.06-0ubuntu1~22.04.1) ...
Selecting previously unselected package linux-modules-extra-5.15.0-60-generic.
Preparing to unpack .../17-linux-modules-extra-5.15.0-60-generic_5.15.0-60.66_amd64.deb ...
Unpacking linux-modules-extra-5.15.0-60-generic (5.15.0-60.66) ...
Selecting previously unselected package intel-microcode.
Preparing to unpack .../18-intel-microcode_3.20220809.0ubuntu0.22.04.1_amd64.deb ...
Unpacking intel-microcode (3.20220809.0ubuntu0.22.04.1) ...
Selecting previously unselected package amd64-microcode.
Preparing to unpack .../19-amd64-microcode_3.20191218.1ubuntu2_amd64.deb ...
Unpacking amd64-microcode (3.20191218.1ubuntu2) ...
Selecting previously unselected package linux-image-generic.
Preparing to unpack .../20-linux-image-generic_5.15.0.60.58_amd64.deb ...
Unpacking linux-image-generic (5.15.0.60.58) ...
Selecting previously unselected package linux-headers-5.15.0-60.
Preparing to unpack .../21-linux-headers-5.15.0-60_5.15.0-60.66_all.deb ...
Unpacking linux-headers-5.15.0-60 (5.15.0-60.66) ...
Selecting previously unselected package linux-headers-5.15.0-60-generic.
Preparing to unpack .../22-linux-headers-5.15.0-60-generic_5.15.0-60.66_amd64.deb ...
Unpacking linux-headers-5.15.0-60-generic (5.15.0-60.66) ...
Selecting previously unselected package linux-headers-generic.
Preparing to unpack .../23-linux-headers-generic_5.15.0.60.58_amd64.deb ...
Unpacking linux-headers-generic (5.15.0.60.58) ...
Selecting previously unselected package linux-generic.
Preparing to unpack .../24-linux-generic_5.15.0.60.58_amd64.deb ...
Unpacking linux-generic (5.15.0.60.58) ...
Selecting previously unselected package os-prober.
Preparing to unpack .../25-os-prober_1.79ubuntu2_amd64.deb ...
Unpacking os-prober (1.79ubuntu2) ...
Selecting previously unselected package libevdev2:amd64.
Preparing to unpack .../26-libevdev2_1.12.1+dfsg-1_amd64.deb ...
Unpacking libevdev2:amd64 (1.12.1+dfsg-1) ...
Selecting previously unselected package thermald.
Preparing to unpack .../27-thermald_2.4.9-1ubuntu0.1_amd64.deb ...
Unpacking thermald (2.4.9-1ubuntu0.1) ...
Selecting previously unselected package upower.
Preparing to unpack .../28-upower_0.99.17-1_amd64.deb ...
Unpacking upower (0.99.17-1) ...
Selecting previously unselected package usbmuxd.
Preparing to unpack .../29-usbmuxd_1.1.1-2build2_amd64.deb ...
Unpacking usbmuxd (1.1.1-2build2) ...
Setting up libplist3:amd64 (2.2.0-6build2) ...
Setting up iucode-tool (2.3.1-1build1) ...
Setting up linux-firmware (20220329.git681281e4-0ubuntu3.10) ...
Setting up intel-microcode (3.20220809.0ubuntu0.22.04.1) ...
intel-microcode: microcode will be updated at next boot
Setting up firmware-sof-signed (2.0-1ubuntu4.1) ...
Setting up wireless-regdb (2022.06.06-0ubuntu1~22.04.1) ...
Setting up amd64-microcode (3.20191218.1ubuntu2) ...
amd64-microcode: microcode will be updated at next boot
Setting up libfreetype6:amd64 (2.11.1+dfsg-1ubuntu0.1) ...
Setting up libdbus-glib-1-2:amd64 (0.112-2build1) ...
Setting up libusbmuxd6:amd64 (2.0.2-3build2) ...
Setting up libupower-glib3:amd64 (0.99.17-1) ...
Setting up libimobiledevice6:amd64 (1.3.0-6build3) ...
Setting up linux-headers-5.15.0-60 (5.15.0-60.66) ...
Setting up libevdev2:amd64 (1.12.1+dfsg-1) ...
Setting up upower (0.99.17-1) ...
Running in chroot, ignoring command 'daemon-reload'
/usr/sbin/policy-rc.d returned 101, not running 'start upower.service'
Setting up linux-headers-5.15.0-60-generic (5.15.0-60.66) ...
Setting up linux-headers-generic (5.15.0.60.58) ...
Setting up grub-common (2.06-2ubuntu7.1) ...
Created symlink /etc/systemd/system/multi-user.target.wants/grub-common.service  /lib/systemd/system/grub-common.service.
Created symlink /etc/systemd/system/sleep.target.wants/grub-common.service  /lib/systemd/system/grub-common.service.
Created symlink /etc/systemd/system/multi-user.target.wants/grub-initrd-fallback.service  /lib/systemd/system/grub-initrd-fallback.service.
Created symlink /etc/systemd/system/rescue.target.wants/grub-initrd-fallback.service  /lib/systemd/system/grub-initrd-fallback.service.
Created symlink /etc/systemd/system/emergency.target.wants/grub-initrd-fallback.service  /lib/systemd/system/grub-initrd-fallback.service.
Created symlink /etc/systemd/system/sleep.target.wants/grub-initrd-fallback.service  /lib/systemd/system/grub-initrd-fallback.service.
Running in chroot, ignoring command 'daemon-reload'
/usr/sbin/policy-rc.d returned 101, not running 'start grub-initrd-fallback.service'
update-rc.d: warning: start and stop actions are no longer supported; falling back to defaults
Running in chroot, ignoring command 'daemon-reload'
Running in chroot, ignoring request.
invoke-rc.d: policy-rc.d denied execution of start.
Setting up os-prober (1.79ubuntu2) ...
Setting up usbmuxd (1.1.1-2build2) ...
Warning: The home dir /var/lib/usbmux you specified can't be accessed: No such file or directory
Adding system user `usbmux' (UID 113) ...
Adding new user `usbmux' (UID 113) with group `plugdev' ...
ERROR: ld.so: object 'libeatmydata.so' from LD_PRELOAD cannot be preloaded (cannot open shared object file): ignored.
Not creating home directory `/var/lib/usbmux'.
Running in chroot, ignoring command 'daemon-reload'
/usr/sbin/policy-rc.d returned 101, not running 'start usbmuxd.service'
Setting up thermald (2.4.9-1ubuntu0.1) ...
Created symlink /etc/systemd/system/dbus-org.freedesktop.thermald.service  /lib/systemd/system/thermald.service.
Created symlink /etc/systemd/system/multi-user.target.wants/thermald.service  /lib/systemd/system/thermald.service.
Running in chroot, ignoring command 'daemon-reload'
/usr/sbin/policy-rc.d returned 101, not running 'start thermald.service'
Setting up grub2-common (2.06-2ubuntu7.1) ...
Setting up grub-pc-bin (2.06-2ubuntu7.1) ...
Setting up linux-image-5.15.0-60-generic (5.15.0-60.66) ...
I: /boot/vmlinuz.old is now a symlink to vmlinuz-5.15.0-60-generic
I: /boot/initrd.img.old is now a symlink to initrd.img-5.15.0-60-generic
I: /boot/vmlinuz is now a symlink to vmlinuz-5.15.0-60-generic
I: /boot/initrd.img is now a symlink to initrd.img-5.15.0-60-generic
Setting up grub-gfxpayload-lists (0.7) ...
Setting up linux-modules-5.15.0-60-generic (5.15.0-60.66) ...
Setting up linux-modules-extra-5.15.0-60-generic (5.15.0-60.66) ...
Setting up grub-pc (2.06-2ubuntu7.1) ...
debconf: unable to initialize frontend: Dialog
debconf: (TERM is not set, so the dialog frontend is not usable.)
debconf: falling back to frontend: Readline
debconf: unable to initialize frontend: Readline
debconf: (This frontend requires a controlling tty.)
debconf: falling back to frontend: Teletype

Creating config file /etc/default/grub with new version
Setting up linux-image-generic (5.15.0.60.58) ...
Setting up linux-generic (5.15.0.60.58) ...
Processing triggers for libc-bin (2.35-0ubuntu3.1) ...
Processing triggers for man-db (2.10.2-1) ...
Processing triggers for dbus (1.12.20-2ubuntu4.1) ...
Processing triggers for install-info (6.8-4build1) ...
Processing triggers for linux-image-5.15.0-60-generic (5.15.0-60.66) ...

Running kernel seems to be up-to-date.

No services need to be restarted.

No containers need to be restarted.

No user sessions are running outdated binaries.

No VM guests are running outdated hypervisor (qemu) binaries on this host.
Running command ['unshare', '--fork', '--pid', '--', 'chroot', '/target', 'apt-get', 'clean'] with allowed return codes [0] (capture=False)
Running command ['udevadm', 'settle'] with allowed return codes [0] (capture=False)
TIMED subp(['udevadm', 'settle']): 0.048
Running command ['mount', '--make-private', '/target/sys'] with allowed return codes [0] (capture=False)
Running command ['umount', '/target/sys'] with allowed return codes [0] (capture=False)
Running command ['mount', '--make-private', '/target/run'] with allowed return codes [0] (capture=False)
Running command ['umount', '/target/run'] with allowed return codes [0] (capture=False)
Running command ['mount', '--make-private', '/target/proc'] with allowed return codes [0] (capture=False)
Running command ['umount', '/target/proc'] with allowed return codes [0] (capture=False)
Running command ['mount', '--make-private', '/target/dev'] with allowed return codes [0] (capture=False)
Running command ['umount', '/target/dev'] with allowed return codes [0] (capture=False)
finish: cmd-install/stage-curthooks/builtin/cmd-curthooks/installing-kernel: SUCCESS: installing kernel
start: cmd-install/stage-curthooks/builtin/cmd-curthooks/setting-up-swap: setting up swap
Running command ['findmnt', '--noheading', '--target', '/target/', '-o', 'FSTYPE'] with allowed return codes [0] (capture=True)
Running command ['sh', '-c', 'rm -f "$1" && umask 0066 && truncate -s 0 "$1" && { chattr +C "$1" || true; } && fallocate -l "${2}M" "$1" && mkswap "$1" || { r=$?; rm -f "$1"; exit $r; }', 'setup_swap', '/target//swap.img', '3113'] with allowed return codes [0] (capture=False)
chattr: Operation not supported while setting flags on /target//swap.img
Setting up swapspace version 1, size = 3 GiB (3264212992 bytes)
no label, UUID=2dfb105a-7f57-4d5f-bd35-c39bd6a2cc53
creating swapfile '/swap.img' of 3113MB took 4.585 seconds
finish: cmd-install/stage-curthooks/builtin/cmd-curthooks/setting-up-swap: SUCCESS: setting up swap
start: cmd-install/stage-curthooks/builtin/cmd-curthooks/apply-networking-config: apply networking config
copying interfaces
no interfaces file to copy!
finish: cmd-install/stage-curthooks/builtin/cmd-curthooks/apply-networking-config: SUCCESS: apply networking config
start: cmd-install/stage-curthooks/builtin/cmd-curthooks/writing-etc-fstab: writing etc/fstab
finish: cmd-install/stage-curthooks/builtin/cmd-curthooks/writing-etc-fstab: SUCCESS: writing etc/fstab
start: cmd-install/stage-curthooks/builtin/cmd-curthooks/configuring-multipath: configuring multipath
Running command ['udevadm', 'info', '--query=property', '--export', '/dev/sr0'] with allowed return codes [0] (capture=True)
/dev/sr0 is multipath device? False
/dev/sr0 is multipath device partition? False
Running command ['udevadm', 'info', '--query=property', '--export', '/dev/sr0'] with allowed return codes [0] (capture=True)
/dev/sr0 is multipath device member? False
Running command ['udevadm', 'info', '--query=property', '--export', '/dev/loop0'] with allowed return codes [0] (capture=True)
/dev/loop0 is multipath device? False
/dev/loop0 is multipath device partition? False
Running command ['udevadm', 'info', '--query=property', '--export', '/dev/loop0'] with allowed return codes [0] (capture=True)
/dev/loop0 is multipath device member? False
Running command ['udevadm', 'info', '--query=property', '--export', '/dev/loop4'] with allowed return codes [0] (capture=True)
/dev/loop4 is multipath device? False
/dev/loop4 is multipath device partition? False
Running command ['udevadm', 'info', '--query=property', '--export', '/dev/loop4'] with allowed return codes [0] (capture=True)
/dev/loop4 is multipath device member? False
Running command ['udevadm', 'info', '--query=property', '--export', '/dev/loop5'] with allowed return codes [0] (capture=True)
/dev/loop5 is multipath device? False
/dev/loop5 is multipath device partition? False
Running command ['udevadm', 'info', '--query=property', '--export', '/dev/loop5'] with allowed return codes [0] (capture=True)
/dev/loop5 is multipath device member? False
Running command ['udevadm', 'info', '--query=property', '--export', '/dev/loop6'] with allowed return codes [0] (capture=True)
/dev/loop6 is multipath device? False
/dev/loop6 is multipath device partition? False
Running command ['udevadm', 'info', '--query=property', '--export', '/dev/loop6'] with allowed return codes [0] (capture=True)
/dev/loop6 is multipath device member? False
Running command ['udevadm', 'info', '--query=property', '--export', '/dev/loop9'] with allowed return codes [0] (capture=True)
/dev/loop9 is multipath device? False
/dev/loop9 is multipath device partition? False
Running command ['udevadm', 'info', '--query=property', '--export', '/dev/loop9'] with allowed return codes [0] (capture=True)
/dev/loop9 is multipath device member? False
Running command ['udevadm', 'info', '--query=property', '--export', '/dev/loop8'] with allowed return codes [0] (capture=True)
/dev/loop8 is multipath device? False
/dev/loop8 is multipath device partition? False
Running command ['udevadm', 'info', '--query=property', '--export', '/dev/loop8'] with allowed return codes [0] (capture=True)
/dev/loop8 is multipath device member? False
Running command ['udevadm', 'info', '--query=property', '--export', '/dev/loop7'] with allowed return codes [0] (capture=True)
/dev/loop7 is multipath device? False
/dev/loop7 is multipath device partition? False
Running command ['udevadm', 'info', '--query=property', '--export', '/dev/loop7'] with allowed return codes [0] (capture=True)
/dev/loop7 is multipath device member? False
Running command ['udevadm', 'info', '--query=property', '--export', '/dev/loop4'] with allowed return codes [0] (capture=True)
/dev/loop4 is multipath device? False
/dev/loop4 is multipath device partition? False
Running command ['udevadm', 'info', '--query=property', '--export', '/dev/loop4'] with allowed return codes [0] (capture=True)
/dev/loop4 is multipath device member? False
Running command ['udevadm', 'info', '--query=property', '--export', '/dev/loop1'] with allowed return codes [0] (capture=True)
/dev/loop1 is multipath device? False
/dev/loop1 is multipath device partition? False
Running command ['udevadm', 'info', '--query=property', '--export', '/dev/loop1'] with allowed return codes [0] (capture=True)
/dev/loop1 is multipath device member? False
Running command ['udevadm', 'info', '--query=property', '--export', '/dev/sr0'] with allowed return codes [0] (capture=True)
/dev/sr0 is multipath device? False
/dev/sr0 is multipath device partition? False
Running command ['udevadm', 'info', '--query=property', '--export', '/dev/sr0'] with allowed return codes [0] (capture=True)
/dev/sr0 is multipath device member? False
Running command ['udevadm', 'info', '--query=property', '--export', '/dev/dm-0'] with allowed return codes [0] (capture=True)
/dev/dm-0 is multipath device? False
/dev/dm-0 is multipath device partition? False
Running command ['pvdisplay', '-C', '--separator', '=', '--noheadings', '-o', 'vg_name,pv_name'] with allowed return codes [0] (capture=True)
Running command ['udevadm', 'info', '--query=property', '--export', '/dev/sda3'] with allowed return codes [0] (capture=True)
/dev/sda3 is multipath device member? False
Running command ['udevadm', 'info', '--query=property', '--export', '/dev/dm-0'] with allowed return codes [0] (capture=True)
/dev/dm-0 is multipath device member? False
Running command ['udevadm', 'info', '--query=property', '--export', '/dev/sda2'] with allowed return codes [0] (capture=True)
/dev/sda2 is multipath device? False
/dev/sda2 is multipath device partition? False
Running command ['udevadm', 'info', '--query=property', '--export', '/dev/sda2'] with allowed return codes [0] (capture=True)
/dev/sda2 is multipath device member? False
Running command ['udevadm', 'info', '--query=property', '--export', '/dev/sr0'] with allowed return codes [0] (capture=True)
/dev/sr0 is multipath device? False
/dev/sr0 is multipath device partition? False
Running command ['udevadm', 'info', '--query=property', '--export', '/dev/sr0'] with allowed return codes [0] (capture=True)
/dev/sr0 is multipath device member? False
Running command ['lsblk', '--noheadings', '--bytes', '--pairs', '--output=ALIGNMENT,DISC-ALN,DISC-GRAN,DISC-MAX,DISC-ZERO,FSTYPE,GROUP,KNAME,LABEL,LOG-SEC,MAJ:MIN,MIN-IO,MODE,MODEL,MOUNTPOINT,NAME,OPT-IO,OWNER,PHY-SEC,RM,RO,ROTA,RQ-SIZE,SIZE,STATE,TYPE,UUID', '--nodeps'] with allowed return codes [0] (capture=True)
Running command ['lsblk', '--noheadings', '--bytes', '--pairs', '--output=ALIGNMENT,DISC-ALN,DISC-GRAN,DISC-MAX,DISC-ZERO,FSTYPE,GROUP,KNAME,LABEL,LOG-SEC,MAJ:MIN,MIN-IO,MODE,MODEL,MOUNTPOINT,NAME,OPT-IO,OWNER,PHY-SEC,RM,RO,ROTA,RQ-SIZE,SIZE,STATE,TYPE,UUID', '/dev/loop0'] with allowed return codes [0] (capture=True)
Running command ['lsblk', '--noheadings', '--bytes', '--pairs', '--output=ALIGNMENT,DISC-ALN,DISC-GRAN,DISC-MAX,DISC-ZERO,FSTYPE,GROUP,KNAME,LABEL,LOG-SEC,MAJ:MIN,MIN-IO,MODE,MODEL,MOUNTPOINT,NAME,OPT-IO,OWNER,PHY-SEC,RM,RO,ROTA,RQ-SIZE,SIZE,STATE,TYPE,UUID', '/dev/loop1'] with allowed return codes [0] (capture=True)
Running command ['lsblk', '--noheadings', '--bytes', '--pairs', '--output=ALIGNMENT,DISC-ALN,DISC-GRAN,DISC-MAX,DISC-ZERO,FSTYPE,GROUP,KNAME,LABEL,LOG-SEC,MAJ:MIN,MIN-IO,MODE,MODEL,MOUNTPOINT,NAME,OPT-IO,OWNER,PHY-SEC,RM,RO,ROTA,RQ-SIZE,SIZE,STATE,TYPE,UUID', '/dev/loop2'] with allowed return codes [0] (capture=True)
Running command ['lsblk', '--noheadings', '--bytes', '--pairs', '--output=ALIGNMENT,DISC-ALN,DISC-GRAN,DISC-MAX,DISC-ZERO,FSTYPE,GROUP,KNAME,LABEL,LOG-SEC,MAJ:MIN,MIN-IO,MODE,MODEL,MOUNTPOINT,NAME,OPT-IO,OWNER,PHY-SEC,RM,RO,ROTA,RQ-SIZE,SIZE,STATE,TYPE,UUID', '/dev/loop3'] with allowed return codes [0] (capture=True)
Running command ['lsblk', '--noheadings', '--bytes', '--pairs', '--output=ALIGNMENT,DISC-ALN,DISC-GRAN,DISC-MAX,DISC-ZERO,FSTYPE,GROUP,KNAME,LABEL,LOG-SEC,MAJ:MIN,MIN-IO,MODE,MODEL,MOUNTPOINT,NAME,OPT-IO,OWNER,PHY-SEC,RM,RO,ROTA,RQ-SIZE,SIZE,STATE,TYPE,UUID', '/dev/loop4'] with allowed return codes [0] (capture=True)
Running command ['lsblk', '--noheadings', '--bytes', '--pairs', '--output=ALIGNMENT,DISC-ALN,DISC-GRAN,DISC-MAX,DISC-ZERO,FSTYPE,GROUP,KNAME,LABEL,LOG-SEC,MAJ:MIN,MIN-IO,MODE,MODEL,MOUNTPOINT,NAME,OPT-IO,OWNER,PHY-SEC,RM,RO,ROTA,RQ-SIZE,SIZE,STATE,TYPE,UUID', '/dev/loop5'] with allowed return codes [0] (capture=True)
Running command ['lsblk', '--noheadings', '--bytes', '--pairs', '--output=ALIGNMENT,DISC-ALN,DISC-GRAN,DISC-MAX,DISC-ZERO,FSTYPE,GROUP,KNAME,LABEL,LOG-SEC,MAJ:MIN,MIN-IO,MODE,MODEL,MOUNTPOINT,NAME,OPT-IO,OWNER,PHY-SEC,RM,RO,ROTA,RQ-SIZE,SIZE,STATE,TYPE,UUID', '/dev/loop6'] with allowed return codes [0] (capture=True)
Running command ['lsblk', '--noheadings', '--bytes', '--pairs', '--output=ALIGNMENT,DISC-ALN,DISC-GRAN,DISC-MAX,DISC-ZERO,FSTYPE,GROUP,KNAME,LABEL,LOG-SEC,MAJ:MIN,MIN-IO,MODE,MODEL,MOUNTPOINT,NAME,OPT-IO,OWNER,PHY-SEC,RM,RO,ROTA,RQ-SIZE,SIZE,STATE,TYPE,UUID', '/dev/loop7'] with allowed return codes [0] (capture=True)
Running command ['lsblk', '--noheadings', '--bytes', '--pairs', '--output=ALIGNMENT,DISC-ALN,DISC-GRAN,DISC-MAX,DISC-ZERO,FSTYPE,GROUP,KNAME,LABEL,LOG-SEC,MAJ:MIN,MIN-IO,MODE,MODEL,MOUNTPOINT,NAME,OPT-IO,OWNER,PHY-SEC,RM,RO,ROTA,RQ-SIZE,SIZE,STATE,TYPE,UUID', '/dev/loop8'] with allowed return codes [0] (capture=True)
Running command ['lsblk', '--noheadings', '--bytes', '--pairs', '--output=ALIGNMENT,DISC-ALN,DISC-GRAN,DISC-MAX,DISC-ZERO,FSTYPE,GROUP,KNAME,LABEL,LOG-SEC,MAJ:MIN,MIN-IO,MODE,MODEL,MOUNTPOINT,NAME,OPT-IO,OWNER,PHY-SEC,RM,RO,ROTA,RQ-SIZE,SIZE,STATE,TYPE,UUID', '/dev/loop9'] with allowed return codes [0] (capture=True)
Running command ['lsblk', '--noheadings', '--bytes', '--pairs', '--output=ALIGNMENT,DISC-ALN,DISC-GRAN,DISC-MAX,DISC-ZERO,FSTYPE,GROUP,KNAME,LABEL,LOG-SEC,MAJ:MIN,MIN-IO,MODE,MODEL,MOUNTPOINT,NAME,OPT-IO,OWNER,PHY-SEC,RM,RO,ROTA,RQ-SIZE,SIZE,STATE,TYPE,UUID', '/dev/sda'] with allowed return codes [0] (capture=True)
Running command ['lsblk', '--noheadings', '--bytes', '--pairs', '--output=ALIGNMENT,DISC-ALN,DISC-GRAN,DISC-MAX,DISC-ZERO,FSTYPE,GROUP,KNAME,LABEL,LOG-SEC,MAJ:MIN,MIN-IO,MODE,MODEL,MOUNTPOINT,NAME,OPT-IO,OWNER,PHY-SEC,RM,RO,ROTA,RQ-SIZE,SIZE,STATE,TYPE,UUID', '/dev/sr0'] with allowed return codes [0] (capture=True)
no devices found to rescan
Running command ['blkid', '-o', 'full'] with allowed return codes [0] (capture=True)
legacy_detect_multipath found blkid info: {'/dev/loop1': {'TYPE': 'squashfs'}, '/dev/loop8': {'TYPE': 'squashfs'}, '/dev/loop6': {'TYPE': 'squashfs'}, '/dev/loop4': {'TYPE': 'squashfs'}, '/dev/sr0': {'BLOCK_SIZE': '2048', 'UUID': '2023-02-17-21-57-15-00', 'LABEL': 'Ubuntu-Server 22.04.2 LTS amd64', 'TYPE': 'iso9660', 'PTTYPE': 'PMBR'}, '/dev/loop2': {'TYPE': 'squashfs'}, '/dev/loop0': {'TYPE': 'squashfs'}, '/dev/mapper/ubuntu--vg-ubuntu--lv': {'UUID': '6afe78ae-75c1-4998-8bd2-147bbc68d208', 'BLOCK_SIZE': '4096', 'TYPE': 'ext4'}, '/dev/loop9': {'TYPE': 'squashfs'}, '/dev/loop7': {'TYPE': 'squashfs'}, '/dev/sda2': {'UUID': '7501687d-d27d-445e-b993-ce01c3b4f1b9', 'BLOCK_SIZE': '4096', 'TYPE': 'ext4', 'PARTUUID': '5b7fe7c2-a619-4fc3-8c7e-0afeed6b6330'}, '/dev/sda3': {'UUID': 'P7dVNd-XDP5-ZBij-UnMj-YuAb-3Stm-bAG4lt', 'TYPE': 'LVM2_member', 'PARTUUID': 'c0466378-fc82-4298-842f-82132b57ecc1'}, '/dev/sda1': {'PARTUUID': '069ec111-4e1f-472e-a96f-67623281a82b'}, '/dev/loop5': {'TYPE': 'squashfs'}, '/dev/loop3': {'TYPE': 'squashfs'}}
Running command ['lsblk', '--noheadings', '--bytes', '--pairs', '--output=ALIGNMENT,DISC-ALN,DISC-GRAN,DISC-MAX,DISC-ZERO,FSTYPE,GROUP,KNAME,LABEL,LOG-SEC,MAJ:MIN,MIN-IO,MODE,MODEL,MOUNTPOINT,NAME,OPT-IO,OWNER,PHY-SEC,RM,RO,ROTA,RQ-SIZE,SIZE,STATE,TYPE,UUID'] with allowed return codes [0] (capture=True)
target_devs: ['/dev/dm-0']
Multipath detection found: False
finish: cmd-install/stage-curthooks/builtin/cmd-curthooks/configuring-multipath: SUCCESS: configuring multipath
start: cmd-install/stage-curthooks/builtin/cmd-curthooks/system-upgrade: updating packages on target system
system_upgrade disabled by config.
finish: cmd-install/stage-curthooks/builtin/cmd-curthooks/system-upgrade: SUCCESS: updating packages on target system
start: cmd-install/stage-curthooks/builtin/cmd-curthooks/pollinate-user-agent: configuring pollinate user-agent on target
finish: cmd-install/stage-curthooks/builtin/cmd-curthooks/pollinate-user-agent: SUCCESS: configuring pollinate user-agent on target
start: cmd-install/stage-curthooks/builtin/cmd-curthooks/updating-initramfs-configuration: updating initramfs configuration
Running command ['mount', '--bind', '/dev', '/target/dev'] with allowed return codes [0] (capture=False)
Running command ['mount', '--bind', '/proc', '/target/proc'] with allowed return codes [0] (capture=False)
Running command ['mount', '--bind', '/run', '/target/run'] with allowed return codes [0] (capture=False)
Running command ['mount', '--bind', '/sys', '/target/sys'] with allowed return codes [0] (capture=False)
Running command ['unshare', '--fork', '--pid', '--', 'chroot', '/target', 'dpkg-divert', '--list'] with allowed return codes [0] (capture=True)
Running command ['udevadm', 'settle'] with allowed return codes [0] (capture=False)
TIMED subp(['udevadm', 'settle']): 0.016
Running command ['mount', '--make-private', '/target/sys'] with allowed return codes [0] (capture=False)
Running command ['umount', '/target/sys'] with allowed return codes [0] (capture=False)
Running command ['mount', '--make-private', '/target/run'] with allowed return codes [0] (capture=False)
Running command ['umount', '/target/run'] with allowed return codes [0] (capture=False)
Running command ['mount', '--make-private', '/target/proc'] with allowed return codes [0] (capture=False)
Running command ['umount', '/target/proc'] with allowed return codes [0] (capture=False)
Running command ['mount', '--make-private', '/target/dev'] with allowed return codes [0] (capture=False)
Running command ['umount', '/target/dev'] with allowed return codes [0] (capture=False)
Running command ['mount', '--bind', '/dev', '/target/dev'] with allowed return codes [0] (capture=False)
Running command ['mount', '--bind', '/proc', '/target/proc'] with allowed return codes [0] (capture=False)
Running command ['mount', '--bind', '/run', '/target/run'] with allowed return codes [0] (capture=False)
Running command ['mount', '--bind', '/sys', '/target/sys'] with allowed return codes [0] (capture=False)
Restoring update-initramfs in target for initrd updates.
del_file: removed /target/usr/sbin/update-initramfs
Running command ['unshare', '--fork', '--pid', '--', 'chroot', '/target', 'dpkg-divert', '--rename', '--remove', '/usr/sbin/update-initramfs'] with allowed return codes [0] (capture=False)
Removing 'local diversion of /usr/sbin/update-initramfs to /usr/sbin/update-initramfs.curtin-disabled'
Running command ['udevadm', 'settle'] with allowed return codes [0] (capture=False)
TIMED subp(['udevadm', 'settle']): 0.023
Running command ['mount', '--make-private', '/target/sys'] with allowed return codes [0] (capture=False)
Running command ['umount', '/target/sys'] with allowed return codes [0] (capture=False)
Running command ['mount', '--make-private', '/target/run'] with allowed return codes [0] (capture=False)
Running command ['umount', '/target/run'] with allowed return codes [0] (capture=False)
Running command ['mount', '--make-private', '/target/proc'] with allowed return codes [0] (capture=False)
Running command ['umount', '/target/proc'] with allowed return codes [0] (capture=False)
Running command ['mount', '--make-private', '/target/dev'] with allowed return codes [0] (capture=False)
Running command ['umount', '/target/dev'] with allowed return codes [0] (capture=False)
Running command ['mount', '--bind', '/dev', '/target/dev'] with allowed return codes [0] (capture=False)
Running command ['mount', '--bind', '/proc', '/target/proc'] with allowed return codes [0] (capture=False)
Running command ['mount', '--bind', '/run', '/target/run'] with allowed return codes [0] (capture=False)
Running command ['mount', '--bind', '/sys', '/target/sys'] with allowed return codes [0] (capture=False)
Running command ['unshare', '--fork', '--pid', '--', 'chroot', '/target', 'dpkg-divert', '--list'] with allowed return codes [0] (capture=True)
Running command ['udevadm', 'settle'] with allowed return codes [0] (capture=False)
TIMED subp(['udevadm', 'settle']): 0.024
Running command ['mount', '--make-private', '/target/sys'] with allowed return codes [0] (capture=False)
Running command ['umount', '/target/sys'] with allowed return codes [0] (capture=False)
Running command ['mount', '--make-private', '/target/run'] with allowed return codes [0] (capture=False)
Running command ['umount', '/target/run'] with allowed return codes [0] (capture=False)
Running command ['mount', '--make-private', '/target/proc'] with allowed return codes [0] (capture=False)
Running command ['umount', '/target/proc'] with allowed return codes [0] (capture=False)
Running command ['mount', '--make-private', '/target/dev'] with allowed return codes [0] (capture=False)
Running command ['umount', '/target/dev'] with allowed return codes [0] (capture=False)
Running command ['mount', '--bind', '/dev', '/target/dev'] with allowed return codes [0] (capture=False)
Running command ['mount', '--bind', '/proc', '/target/proc'] with allowed return codes [0] (capture=False)
Running command ['mount', '--bind', '/run', '/target/run'] with allowed return codes [0] (capture=False)
Running command ['mount', '--bind', '/sys', '/target/sys'] with allowed return codes [0] (capture=False)
Running command ['unshare', '--fork', '--pid', '--', 'chroot', '/target', 'update-initramfs', '-c', '-k', '5.15.0-60-generic'] with allowed return codes [0] (capture=False)
update-initramfs: Generating /boot/initrd.img-5.15.0-60-generic
Running command ['udevadm', 'settle'] with allowed return codes [0] (capture=False)
TIMED subp(['udevadm', 'settle']): 0.042
Running command ['mount', '--make-private', '/target/sys'] with allowed return codes [0] (capture=False)
Running command ['umount', '/target/sys'] with allowed return codes [0] (capture=False)
Running command ['mount', '--make-private', '/target/run'] with allowed return codes [0] (capture=False)
Running command ['umount', '/target/run'] with allowed return codes [0] (capture=False)
Running command ['mount', '--make-private', '/target/proc'] with allowed return codes [0] (capture=False)
Running command ['umount', '/target/proc'] with allowed return codes [0] (capture=False)
Running command ['mount', '--make-private', '/target/dev'] with allowed return codes [0] (capture=False)
Running command ['umount', '/target/dev'] with allowed return codes [0] (capture=False)
finish: cmd-install/stage-curthooks/builtin/cmd-curthooks/updating-initramfs-configuration: SUCCESS: updating initramfs configuration
start: cmd-install/stage-curthooks/builtin/cmd-curthooks/configuring-bootloader: configuring target system bootloader
start: cmd-install/stage-curthooks/builtin/cmd-curthooks/install-grub: installing grub to target devices
setup grub on target /target
checking: {'ptable': 'gpt', 'path': '/dev/sda', 'wipe': 'superblock-recursive', 'preserve': False, 'name': '', 'grub_device': True, 'type': 'disk', 'id': 'disk-sda'}
get_path_to_storage_volume for volume disk-sda({'ptable': 'gpt', 'path': '/dev/sda', 'wipe': 'superblock-recursive', 'preserve': False, 'name': '', 'grub_device': True, 'type': 'disk', 'id': 'disk-sda'})
Running command ['udevadm', 'info', '--query=property', '--export', '/dev/sda'] with allowed return codes [0] (capture=True)
/dev/sda is multipath device member? False
Running command ['partprobe', '/dev/sda'] with allowed return codes [0, 1] (capture=False)
Running command ['udevadm', 'settle'] with allowed return codes [0] (capture=False)
TIMED udevadm_settle(): 0.203
devsync happy - path /dev/sda now exists
return volume path /dev/sda
install_devices: ['/dev/sda']
Generating grub debconf_selections for devices=['/dev/sda'] uefi=False
Applying grub debconf_selections config:
{'debconf_selections': {'grub': 'grub-pc grub-pc/install_devices multiselect /dev/sda'}}
Applying debconf selections
Running command ['unshare', '--fork', '--pid', '--', 'chroot', '/target', 'debconf-set-selections'] with allowed return codes [0] (capture=True)
Running command ['unshare', '--fork', '--pid', '--', 'chroot', '/target', 'dpkg-query', '--list'] with allowed return codes [0] (capture=True)
The following packages were installed and preseeded, but cannot be unconfigured: ['grub-pc']
installing grub to target=/target devices=['/dev/sda'] [replace_defaults=None]
Running command ['unshare', '--fork', '--pid', '--', 'chroot', '/target', 'dpkg', '--print-architecture'] with allowed return codes [0] (capture=True)
updated /target/etc/default/grub to set: GRUB_CMDLINE_LINUX_DEFAULT=""
Using grub install command: grub-install
Grub install cmds:
[['dpkg-reconfigure', 'grub-pc'], ['update-grub'], ['grub-install', '/dev/sda']]
Running command ['mount', '--bind', '/dev', '/target/dev'] with allowed return codes [0] (capture=False)
Running command ['mount', '--bind', '/proc', '/target/proc'] with allowed return codes [0] (capture=False)
Running command ['mount', '--bind', '/run', '/target/run'] with allowed return codes [0] (capture=False)
Running command ['mount', '--bind', '/sys', '/target/sys'] with allowed return codes [0] (capture=False)
Running command ['unshare', '--fork', '--pid', '--', 'chroot', '/target', 'dpkg-reconfigure', 'grub-pc'] with allowed return codes [0] (capture=True)
Running command ['unshare', '--fork', '--pid', '--', 'chroot', '/target', 'update-grub'] with allowed return codes [0] (capture=True)
Running command ['unshare', '--fork', '--pid', '--', 'chroot', '/target', 'grub-install', '/dev/sda'] with allowed return codes [0] (capture=True)
Running command ['udevadm', 'settle'] with allowed return codes [0] (capture=False)
TIMED subp(['udevadm', 'settle']): 0.144
Running command ['mount', '--make-private', '/target/sys'] with allowed return codes [0] (capture=False)
Running command ['umount', '/target/sys'] with allowed return codes [0] (capture=False)
Running command ['mount', '--make-private', '/target/run'] with allowed return codes [0] (capture=False)
Running command ['umount', '/target/run'] with allowed return codes [0] (capture=False)
Running command ['mount', '--make-private', '/target/proc'] with allowed return codes [0] (capture=False)
Running command ['umount', '/target/proc'] with allowed return codes [0] (capture=False)
Running command ['mount', '--make-private', '/target/dev'] with allowed return codes [0] (capture=False)
Running command ['umount', '/target/dev'] with allowed return codes [0] (capture=False)
finish: cmd-install/stage-curthooks/builtin/cmd-curthooks/install-grub: SUCCESS: installing grub to target devices
finish: cmd-install/stage-curthooks/builtin/cmd-curthooks/configuring-bootloader: SUCCESS: configuring target system bootloader
finish: cmd-install/stage-curthooks/builtin/cmd-curthooks: SUCCESS: curtin command curthooks
curtin: Installation finished.
